{"/Users/earlrodsoncarino/Documents/www/MedAlert/components/add-medication-modal.tsx": {"path":"/Users/earlrodsoncarino/Documents/www/MedAlert/components/add-medication-modal.tsx","statementMap":{"0":{"start":{"line":36,"column":35},"end":{"line":36,"column":54}},"1":{"start":{"line":37,"column":36},"end":{"line":45,"column":6}},"2":{"start":{"line":46,"column":44},"end":{"line":46,"column":65}},"3":{"start":{"line":49,"column":4},"end":{"line":74,"column":27}},"4":{"start":{"line":50,"column":8},"end":{"line":73,"column":9}},"5":{"start":{"line":51,"column":12},"end":{"line":72,"column":13}},"6":{"start":{"line":52,"column":16},"end":{"line":60,"column":19}},"7":{"start":{"line":63,"column":16},"end":{"line":71,"column":19}},"8":{"start":{"line":76,"column":25},"end":{"line":145,"column":5}},"9":{"start":{"line":78,"column":8},"end":{"line":81,"column":9}},"10":{"start":{"line":79,"column":12},"end":{"line":79,"column":76}},"11":{"start":{"line":80,"column":12},"end":{"line":80,"column":19}},"12":{"start":{"line":82,"column":8},"end":{"line":85,"column":9}},"13":{"start":{"line":83,"column":12},"end":{"line":83,"column":67}},"14":{"start":{"line":84,"column":12},"end":{"line":84,"column":19}},"15":{"start":{"line":87,"column":8},"end":{"line":144,"column":9}},"16":{"start":{"line":88,"column":12},"end":{"line":88,"column":34}},"17":{"start":{"line":91,"column":31},"end":{"line":91,"column":52}},"18":{"start":{"line":92,"column":12},"end":{"line":96,"column":13}},"19":{"start":{"line":93,"column":16},"end":{"line":93,"column":83}},"20":{"start":{"line":94,"column":16},"end":{"line":94,"column":90}},"21":{"start":{"line":95,"column":16},"end":{"line":95,"column":23}},"22":{"start":{"line":98,"column":12},"end":{"line":138,"column":13}},"23":{"start":{"line":99,"column":37},"end":{"line":107,"column":18}},"24":{"start":{"line":109,"column":16},"end":{"line":117,"column":17}},"25":{"start":{"line":110,"column":20},"end":{"line":110,"column":79}},"26":{"start":{"line":111,"column":20},"end":{"line":111,"column":41}},"27":{"start":{"line":112,"column":20},"end":{"line":112,"column":40}},"28":{"start":{"line":113,"column":20},"end":{"line":113,"column":42}},"29":{"start":{"line":115,"column":20},"end":{"line":115,"column":86}},"30":{"start":{"line":116,"column":20},"end":{"line":116,"column":91}},"31":{"start":{"line":119,"column":34},"end":{"line":127,"column":18}},"32":{"start":{"line":129,"column":16},"end":{"line":137,"column":17}},"33":{"start":{"line":130,"column":20},"end":{"line":130,"column":77}},"34":{"start":{"line":131,"column":20},"end":{"line":131,"column":41}},"35":{"start":{"line":132,"column":20},"end":{"line":132,"column":40}},"36":{"start":{"line":133,"column":20},"end":{"line":133,"column":42}},"37":{"start":{"line":135,"column":20},"end":{"line":135,"column":80}},"38":{"start":{"line":136,"column":20},"end":{"line":136,"column":88}},"39":{"start":{"line":140,"column":12},"end":{"line":140,"column":70}},"40":{"start":{"line":141,"column":12},"end":{"line":141,"column":84}},"41":{"start":{"line":143,"column":12},"end":{"line":143,"column":35}},"42":{"start":{"line":147,"column":4},"end":{"line":265,"column":6}},"43":{"start":{"line":164,"column":56},"end":{"line":164,"column":96}},"44":{"start":{"line":175,"column":56},"end":{"line":175,"column":98}},"45":{"start":{"line":186,"column":56},"end":{"line":186,"column":101}},"46":{"start":{"line":197,"column":56},"end":{"line":197,"column":96}},"47":{"start":{"line":211,"column":56},"end":{"line":211,"column":101}},"48":{"start":{"line":222,"column":56},"end":{"line":222,"column":99}},"49":{"start":{"line":233,"column":56},"end":{"line":233,"column":104}}},"fnMap":{"0":{"name":"AddMedicationModal","decl":{"start":{"line":29,"column":16},"end":{"line":29,"column":34}},"loc":{"start":{"line":35,"column":28},"end":{"line":266,"column":1}},"line":35},"1":{"name":"(anonymous_1)","decl":{"start":{"line":49,"column":20},"end":{"line":49,"column":21}},"loc":{"start":{"line":49,"column":26},"end":{"line":74,"column":5}},"line":49},"2":{"name":"(anonymous_2)","decl":{"start":{"line":76,"column":25},"end":{"line":76,"column":26}},"loc":{"start":{"line":76,"column":37},"end":{"line":145,"column":5}},"line":76},"3":{"name":"(anonymous_3)","decl":{"start":{"line":164,"column":46},"end":{"line":164,"column":47}},"loc":{"start":{"line":164,"column":56},"end":{"line":164,"column":96}},"line":164},"4":{"name":"(anonymous_4)","decl":{"start":{"line":175,"column":46},"end":{"line":175,"column":47}},"loc":{"start":{"line":175,"column":56},"end":{"line":175,"column":98}},"line":175},"5":{"name":"(anonymous_5)","decl":{"start":{"line":186,"column":46},"end":{"line":186,"column":47}},"loc":{"start":{"line":186,"column":56},"end":{"line":186,"column":101}},"line":186},"6":{"name":"(anonymous_6)","decl":{"start":{"line":197,"column":46},"end":{"line":197,"column":47}},"loc":{"start":{"line":197,"column":56},"end":{"line":197,"column":96}},"line":197},"7":{"name":"(anonymous_7)","decl":{"start":{"line":211,"column":46},"end":{"line":211,"column":47}},"loc":{"start":{"line":211,"column":56},"end":{"line":211,"column":101}},"line":211},"8":{"name":"(anonymous_8)","decl":{"start":{"line":222,"column":46},"end":{"line":222,"column":47}},"loc":{"start":{"line":222,"column":56},"end":{"line":222,"column":99}},"line":222},"9":{"name":"(anonymous_9)","decl":{"start":{"line":233,"column":46},"end":{"line":233,"column":47}},"loc":{"start":{"line":233,"column":56},"end":{"line":233,"column":104}},"line":233}},"branchMap":{"0":{"loc":{"start":{"line":33,"column":4},"end":{"line":33,"column":21}},"type":"default-arg","locations":[{"start":{"line":33,"column":17},"end":{"line":33,"column":21}}],"line":33},"1":{"loc":{"start":{"line":34,"column":4},"end":{"line":34,"column":21}},"type":"default-arg","locations":[{"start":{"line":34,"column":16},"end":{"line":34,"column":21}}],"line":34},"2":{"loc":{"start":{"line":50,"column":8},"end":{"line":73,"column":9}},"type":"if","locations":[{"start":{"line":50,"column":8},"end":{"line":73,"column":9}},{"start":{},"end":{}}],"line":50},"3":{"loc":{"start":{"line":51,"column":12},"end":{"line":72,"column":13}},"type":"if","locations":[{"start":{"line":51,"column":12},"end":{"line":72,"column":13}},{"start":{"line":61,"column":19},"end":{"line":72,"column":13}}],"line":51},"4":{"loc":{"start":{"line":53,"column":26},"end":{"line":53,"column":47}},"type":"binary-expr","locations":[{"start":{"line":53,"column":26},"end":{"line":53,"column":41}},{"start":{"line":53,"column":45},"end":{"line":53,"column":47}}],"line":53},"5":{"loc":{"start":{"line":54,"column":28},"end":{"line":54,"column":51}},"type":"binary-expr","locations":[{"start":{"line":54,"column":28},"end":{"line":54,"column":45}},{"start":{"line":54,"column":49},"end":{"line":54,"column":51}}],"line":54},"6":{"loc":{"start":{"line":55,"column":31},"end":{"line":55,"column":67}},"type":"binary-expr","locations":[{"start":{"line":55,"column":31},"end":{"line":55,"column":51}},{"start":{"line":55,"column":55},"end":{"line":55,"column":67}}],"line":55},"7":{"loc":{"start":{"line":56,"column":26},"end":{"line":56,"column":52}},"type":"binary-expr","locations":[{"start":{"line":56,"column":26},"end":{"line":56,"column":41}},{"start":{"line":56,"column":45},"end":{"line":56,"column":52}}],"line":56},"8":{"loc":{"start":{"line":57,"column":34},"end":{"line":57,"column":63}},"type":"binary-expr","locations":[{"start":{"line":57,"column":34},"end":{"line":57,"column":57}},{"start":{"line":57,"column":61},"end":{"line":57,"column":63}}],"line":57},"9":{"loc":{"start":{"line":58,"column":31},"end":{"line":58,"column":93}},"type":"binary-expr","locations":[{"start":{"line":58,"column":31},"end":{"line":58,"column":51}},{"start":{"line":58,"column":55},"end":{"line":58,"column":93}}],"line":58},"10":{"loc":{"start":{"line":59,"column":29},"end":{"line":59,"column":53}},"type":"binary-expr","locations":[{"start":{"line":59,"column":29},"end":{"line":59,"column":47}},{"start":{"line":59,"column":51},"end":{"line":59,"column":53}}],"line":59},"11":{"loc":{"start":{"line":78,"column":8},"end":{"line":81,"column":9}},"type":"if","locations":[{"start":{"line":78,"column":8},"end":{"line":81,"column":9}},{"start":{},"end":{}}],"line":78},"12":{"loc":{"start":{"line":82,"column":8},"end":{"line":85,"column":9}},"type":"if","locations":[{"start":{"line":82,"column":8},"end":{"line":85,"column":9}},{"start":{},"end":{}}],"line":82},"13":{"loc":{"start":{"line":92,"column":12},"end":{"line":96,"column":13}},"type":"if","locations":[{"start":{"line":92,"column":12},"end":{"line":96,"column":13}},{"start":{},"end":{}}],"line":92},"14":{"loc":{"start":{"line":98,"column":12},"end":{"line":138,"column":13}},"type":"if","locations":[{"start":{"line":98,"column":12},"end":{"line":138,"column":13}},{"start":{"line":118,"column":19},"end":{"line":138,"column":13}}],"line":98},"15":{"loc":{"start":{"line":98,"column":16},"end":{"line":98,"column":43}},"type":"binary-expr","locations":[{"start":{"line":98,"column":16},"end":{"line":98,"column":25}},{"start":{"line":98,"column":29},"end":{"line":98,"column":43}}],"line":98},"16":{"loc":{"start":{"line":104,"column":34},"end":{"line":104,"column":75}},"type":"binary-expr","locations":[{"start":{"line":104,"column":34},"end":{"line":104,"column":62}},{"start":{"line":104,"column":66},"end":{"line":104,"column":75}}],"line":104},"17":{"loc":{"start":{"line":106,"column":29},"end":{"line":106,"column":58}},"type":"binary-expr","locations":[{"start":{"line":106,"column":29},"end":{"line":106,"column":45}},{"start":{"line":106,"column":49},"end":{"line":106,"column":58}}],"line":106},"18":{"loc":{"start":{"line":109,"column":16},"end":{"line":117,"column":17}},"type":"if","locations":[{"start":{"line":109,"column":16},"end":{"line":117,"column":17}},{"start":{"line":114,"column":23},"end":{"line":117,"column":17}}],"line":109},"19":{"loc":{"start":{"line":126,"column":29},"end":{"line":126,"column":58}},"type":"binary-expr","locations":[{"start":{"line":126,"column":29},"end":{"line":126,"column":45}},{"start":{"line":126,"column":49},"end":{"line":126,"column":58}}],"line":126},"20":{"loc":{"start":{"line":129,"column":16},"end":{"line":137,"column":17}},"type":"if","locations":[{"start":{"line":129,"column":16},"end":{"line":137,"column":17}},{"start":{"line":134,"column":23},"end":{"line":137,"column":17}}],"line":129},"21":{"loc":{"start":{"line":151,"column":34},"end":{"line":151,"column":60}},"type":"cond-expr","locations":[{"start":{"line":151,"column":46},"end":{"line":151,"column":52}},{"start":{"line":151,"column":55},"end":{"line":151,"column":60}}],"line":151},"22":{"loc":{"start":{"line":153,"column":25},"end":{"line":153,"column":106}},"type":"cond-expr","locations":[{"start":{"line":153,"column":37},"end":{"line":153,"column":68}},{"start":{"line":153,"column":71},"end":{"line":153,"column":106}}],"line":153},"23":{"loc":{"start":{"line":253,"column":29},"end":{"line":259,"column":54}},"type":"cond-expr","locations":[{"start":{"line":254,"column":34},"end":{"line":256,"column":49}},{"start":{"line":257,"column":34},"end":{"line":259,"column":54}}],"line":253},"24":{"loc":{"start":{"line":254,"column":34},"end":{"line":256,"column":49}},"type":"cond-expr","locations":[{"start":{"line":255,"column":38},"end":{"line":255,"column":51}},{"start":{"line":256,"column":38},"end":{"line":256,"column":49}}],"line":254},"25":{"loc":{"start":{"line":257,"column":34},"end":{"line":259,"column":54}},"type":"cond-expr","locations":[{"start":{"line":258,"column":38},"end":{"line":258,"column":57}},{"start":{"line":259,"column":38},"end":{"line":259,"column":54}}],"line":257}},"s":{"0":0,"1":0,"2":0,"3":0,"4":0,"5":0,"6":0,"7":0,"8":0,"9":0,"10":0,"11":0,"12":0,"13":0,"14":0,"15":0,"16":0,"17":0,"18":0,"19":0,"20":0,"21":0,"22":0,"23":0,"24":0,"25":0,"26":0,"27":0,"28":0,"29":0,"30":0,"31":0,"32":0,"33":0,"34":0,"35":0,"36":0,"37":0,"38":0,"39":0,"40":0,"41":0,"42":0,"43":0,"44":0,"45":0,"46":0,"47":0,"48":0,"49":0},"f":{"0":0,"1":0,"2":0,"3":0,"4":0,"5":0,"6":0,"7":0,"8":0,"9":0},"b":{"0":[0],"1":[0],"2":[0,0],"3":[0,0],"4":[0,0],"5":[0,0],"6":[0,0],"7":[0,0],"8":[0,0],"9":[0,0],"10":[0,0],"11":[0,0],"12":[0,0],"13":[0,0],"14":[0,0],"15":[0,0],"16":[0,0],"17":[0,0],"18":[0,0],"19":[0,0],"20":[0,0],"21":[0,0],"22":[0,0],"23":[0,0],"24":[0,0],"25":[0,0]}}
,"/Users/earlrodsoncarino/Documents/www/MedAlert/components/app-header.tsx": {"path":"/Users/earlrodsoncarino/Documents/www/MedAlert/components/app-header.tsx","statementMap":{"0":{"start":{"line":9,"column":4},"end":{"line":22,"column":6}}},"fnMap":{"0":{"name":"AppHeader","decl":{"start":{"line":8,"column":16},"end":{"line":8,"column":25}},"loc":{"start":{"line":8,"column":28},"end":{"line":23,"column":1}},"line":8}},"branchMap":{},"s":{"0":0},"f":{"0":0},"b":{}}
,"/Users/earlrodsoncarino/Documents/www/MedAlert/components/bottom-navigation.tsx": {"path":"/Users/earlrodsoncarino/Documents/www/MedAlert/components/bottom-navigation.tsx","statementMap":{"0":{"start":{"line":11,"column":28},"end":{"line":11,"column":44}},"1":{"start":{"line":12,"column":19},"end":{"line":12,"column":30}},"2":{"start":{"line":13,"column":21},"end":{"line":13,"column":34}},"3":{"start":{"line":15,"column":28},"end":{"line":20,"column":5}},"4":{"start":{"line":22,"column":4},"end":{"line":63,"column":6}},"5":{"start":{"line":25,"column":29},"end":{"line":25,"column":38}},"6":{"start":{"line":26,"column":16},"end":{"line":60,"column":18}},"7":{"start":{"line":35,"column":28},"end":{"line":37,"column":29}},"8":{"start":{"line":36,"column":32},"end":{"line":36,"column":62}}},"fnMap":{"0":{"name":"BottomNavigation","decl":{"start":{"line":10,"column":16},"end":{"line":10,"column":32}},"loc":{"start":{"line":10,"column":66},"end":{"line":64,"column":1}},"line":10},"1":{"name":"(anonymous_1)","decl":{"start":{"line":24,"column":33},"end":{"line":24,"column":34}},"loc":{"start":{"line":24,"column":43},"end":{"line":61,"column":13}},"line":24},"2":{"name":"(anonymous_2)","decl":{"start":{"line":34,"column":33},"end":{"line":34,"column":34}},"loc":{"start":{"line":34,"column":39},"end":{"line":38,"column":25}},"line":34}},"branchMap":{"0":{"loc":{"start":{"line":32,"column":28},"end":{"line":32,"column":80}},"type":"binary-expr","locations":[{"start":{"line":32,"column":28},"end":{"line":32,"column":50}},{"start":{"line":32,"column":54},"end":{"line":32,"column":80}}],"line":32},"1":{"loc":{"start":{"line":35,"column":28},"end":{"line":37,"column":29}},"type":"if","locations":[{"start":{"line":35,"column":28},"end":{"line":37,"column":29}},{"start":{},"end":{}}],"line":35},"2":{"loc":{"start":{"line":44,"column":35},"end":{"line":46,"column":107}},"type":"cond-expr","locations":[{"start":{"line":45,"column":35},"end":{"line":45,"column":100}},{"start":{"line":46,"column":35},"end":{"line":46,"column":106}}],"line":44},"3":{"loc":{"start":{"line":45,"column":35},"end":{"line":45,"column":100}},"type":"cond-expr","locations":[{"start":{"line":45,"column":60},"end":{"line":45,"column":78}},{"start":{"line":45,"column":81},"end":{"line":45,"column":100}}],"line":45},"4":{"loc":{"start":{"line":46,"column":35},"end":{"line":46,"column":106}},"type":"cond-expr","locations":[{"start":{"line":46,"column":60},"end":{"line":46,"column":81}},{"start":{"line":46,"column":84},"end":{"line":46,"column":106}}],"line":46},"5":{"loc":{"start":{"line":52,"column":39},"end":{"line":54,"column":111}},"type":"cond-expr","locations":[{"start":{"line":53,"column":39},"end":{"line":53,"column":104}},{"start":{"line":54,"column":39},"end":{"line":54,"column":110}}],"line":52},"6":{"loc":{"start":{"line":53,"column":39},"end":{"line":53,"column":104}},"type":"cond-expr","locations":[{"start":{"line":53,"column":64},"end":{"line":53,"column":82}},{"start":{"line":53,"column":85},"end":{"line":53,"column":104}}],"line":53},"7":{"loc":{"start":{"line":54,"column":39},"end":{"line":54,"column":110}},"type":"cond-expr","locations":[{"start":{"line":54,"column":64},"end":{"line":54,"column":85}},{"start":{"line":54,"column":88},"end":{"line":54,"column":110}}],"line":54}},"s":{"0":0,"1":0,"2":0,"3":0,"4":0,"5":0,"6":0,"7":0,"8":0},"f":{"0":0,"1":0,"2":0},"b":{"0":[0,0],"1":[0,0],"2":[0,0],"3":[0,0],"4":[0,0],"5":[0,0],"6":[0,0],"7":[0,0]}}
,"/Users/earlrodsoncarino/Documents/www/MedAlert/components/current-medications.tsx": {"path":"/Users/earlrodsoncarino/Documents/www/MedAlert/components/current-medications.tsx","statementMap":{"0":{"start":{"line":17,"column":28},"end":{"line":17,"column":44}},"1":{"start":{"line":18,"column":79},"end":{"line":18,"column":102}},"2":{"start":{"line":20,"column":34},"end":{"line":27,"column":5}},"3":{"start":{"line":21,"column":8},"end":{"line":26,"column":9}},"4":{"start":{"line":22,"column":12},"end":{"line":22,"column":44}},"5":{"start":{"line":23,"column":12},"end":{"line":23,"column":46}},"6":{"start":{"line":25,"column":12},"end":{"line":25,"column":70}},"7":{"start":{"line":29,"column":4},"end":{"line":38,"column":5}},"8":{"start":{"line":30,"column":8},"end":{"line":37,"column":10}},"9":{"start":{"line":40,"column":4},"end":{"line":50,"column":5}},"10":{"start":{"line":41,"column":8},"end":{"line":49,"column":10}},"11":{"start":{"line":52,"column":4},"end":{"line":64,"column":5}},"12":{"start":{"line":53,"column":8},"end":{"line":63,"column":10}},"13":{"start":{"line":66,"column":4},"end":{"line":118,"column":6}},"14":{"start":{"line":76,"column":20},"end":{"line":114,"column":27}},"15":{"start":{"line":105,"column":43},"end":{"line":105,"column":89}}},"fnMap":{"0":{"name":"CurrentMedications","decl":{"start":{"line":16,"column":16},"end":{"line":16,"column":34}},"loc":{"start":{"line":16,"column":83},"end":{"line":119,"column":1}},"line":16},"1":{"name":"(anonymous_1)","decl":{"start":{"line":20,"column":34},"end":{"line":20,"column":35}},"loc":{"start":{"line":20,"column":66},"end":{"line":27,"column":5}},"line":20},"2":{"name":"(anonymous_2)","decl":{"start":{"line":75,"column":33},"end":{"line":75,"column":34}},"loc":{"start":{"line":76,"column":20},"end":{"line":114,"column":27}},"line":76},"3":{"name":"(anonymous_3)","decl":{"start":{"line":105,"column":37},"end":{"line":105,"column":38}},"loc":{"start":{"line":105,"column":43},"end":{"line":105,"column":89}},"line":105}},"branchMap":{"0":{"loc":{"start":{"line":29,"column":4},"end":{"line":38,"column":5}},"type":"if","locations":[{"start":{"line":29,"column":4},"end":{"line":38,"column":5}},{"start":{},"end":{}}],"line":29},"1":{"loc":{"start":{"line":33,"column":44},"end":{"line":33,"column":109}},"type":"cond-expr","locations":[{"start":{"line":33,"column":69},"end":{"line":33,"column":87}},{"start":{"line":33,"column":90},"end":{"line":33,"column":109}}],"line":33},"2":{"loc":{"start":{"line":40,"column":4},"end":{"line":50,"column":5}},"type":"if","locations":[{"start":{"line":40,"column":4},"end":{"line":50,"column":5}},{"start":{},"end":{}}],"line":40},"3":{"loc":{"start":{"line":44,"column":50},"end":{"line":44,"column":115}},"type":"cond-expr","locations":[{"start":{"line":44,"column":75},"end":{"line":44,"column":93}},{"start":{"line":44,"column":96},"end":{"line":44,"column":115}}],"line":44},"4":{"loc":{"start":{"line":52,"column":4},"end":{"line":64,"column":5}},"type":"if","locations":[{"start":{"line":52,"column":4},"end":{"line":64,"column":5}},{"start":{},"end":{}}],"line":52},"5":{"loc":{"start":{"line":56,"column":44},"end":{"line":56,"column":109}},"type":"cond-expr","locations":[{"start":{"line":56,"column":69},"end":{"line":56,"column":87}},{"start":{"line":56,"column":90},"end":{"line":56,"column":109}}],"line":56},"6":{"loc":{"start":{"line":70,"column":44},"end":{"line":70,"column":109}},"type":"cond-expr","locations":[{"start":{"line":70,"column":69},"end":{"line":70,"column":87}},{"start":{"line":70,"column":90},"end":{"line":70,"column":109}}],"line":70},"7":{"loc":{"start":{"line":80,"column":28},"end":{"line":80,"column":92}},"type":"binary-expr","locations":[{"start":{"line":80,"column":28},"end":{"line":80,"column":48}},{"start":{"line":80,"column":52},"end":{"line":80,"column":92}}],"line":80},"8":{"loc":{"start":{"line":81,"column":28},"end":{"line":81,"column":84}},"type":"binary-expr","locations":[{"start":{"line":81,"column":28},"end":{"line":81,"column":48}},{"start":{"line":81,"column":52},"end":{"line":81,"column":84}}],"line":81},"9":{"loc":{"start":{"line":82,"column":28},"end":{"line":82,"column":166}},"type":"binary-expr","locations":[{"start":{"line":82,"column":28},"end":{"line":82,"column":49}},{"start":{"line":82,"column":53},"end":{"line":82,"column":74}},{"start":{"line":82,"column":79},"end":{"line":82,"column":165}}],"line":82},"10":{"loc":{"start":{"line":82,"column":79},"end":{"line":82,"column":165}},"type":"cond-expr","locations":[{"start":{"line":82,"column":104},"end":{"line":82,"column":133}},{"start":{"line":82,"column":136},"end":{"line":82,"column":165}}],"line":82},"11":{"loc":{"start":{"line":90,"column":33},"end":{"line":97,"column":33}},"type":"binary-expr","locations":[{"start":{"line":90,"column":33},"end":{"line":90,"column":70}},{"start":{"line":91,"column":36},"end":{"line":96,"column":43}}],"line":90},"12":{"loc":{"start":{"line":92,"column":41},"end":{"line":94,"column":81}},"type":"cond-expr","locations":[{"start":{"line":93,"column":46},"end":{"line":93,"column":96}},{"start":{"line":94,"column":46},"end":{"line":94,"column":81}}],"line":92},"13":{"loc":{"start":{"line":98,"column":33},"end":{"line":100,"column":33}},"type":"binary-expr","locations":[{"start":{"line":98,"column":33},"end":{"line":98,"column":53}},{"start":{"line":99,"column":36},"end":{"line":99,"column":152}}],"line":98},"14":{"loc":{"start":{"line":99,"column":66},"end":{"line":99,"column":131}},"type":"cond-expr","locations":[{"start":{"line":99,"column":91},"end":{"line":99,"column":109}},{"start":{"line":99,"column":112},"end":{"line":99,"column":131}}],"line":99},"15":{"loc":{"start":{"line":107,"column":37},"end":{"line":107,"column":81}},"type":"cond-expr","locations":[{"start":{"line":107,"column":60},"end":{"line":107,"column":69}},{"start":{"line":107,"column":72},"end":{"line":107,"column":81}}],"line":107},"16":{"loc":{"start":{"line":111,"column":33},"end":{"line":111,"column":76}},"type":"cond-expr","locations":[{"start":{"line":111,"column":56},"end":{"line":111,"column":66}},{"start":{"line":111,"column":69},"end":{"line":111,"column":76}}],"line":111}},"s":{"0":0,"1":0,"2":0,"3":0,"4":0,"5":0,"6":0,"7":0,"8":0,"9":0,"10":0,"11":0,"12":0,"13":0,"14":0,"15":0},"f":{"0":0,"1":0,"2":0,"3":0},"b":{"0":[0,0],"1":[0,0],"2":[0,0],"3":[0,0],"4":[0,0],"5":[0,0],"6":[0,0],"7":[0,0],"8":[0,0],"9":[0,0,0],"10":[0,0],"11":[0,0],"12":[0,0],"13":[0,0],"14":[0,0],"15":[0,0],"16":[0,0]}}
,"/Users/earlrodsoncarino/Documents/www/MedAlert/components/error-boundary.tsx": {"path":"/Users/earlrodsoncarino/Documents/www/MedAlert/components/error-boundary.tsx","statementMap":{"0":{"start":{"line":27,"column":31},"end":{"line":27,"column":32}},"1":{"start":{"line":30,"column":4},"end":{"line":30,"column":17}},"2":{"start":{"line":31,"column":4},"end":{"line":36,"column":6}},"3":{"start":{"line":40,"column":4},"end":{"line":43,"column":6}},"4":{"start":{"line":48,"column":4},"end":{"line":51,"column":7}},"5":{"start":{"line":54,"column":4},"end":{"line":54,"column":43}},"6":{"start":{"line":57,"column":4},"end":{"line":60,"column":7}},"7":{"start":{"line":63,"column":4},"end":{"line":66,"column":24}},"8":{"start":{"line":69,"column":16},"end":{"line":87,"column":3}},"9":{"start":{"line":70,"column":4},"end":{"line":75,"column":5}},"10":{"start":{"line":71,"column":6},"end":{"line":73,"column":25}},"11":{"start":{"line":74,"column":6},"end":{"line":74,"column":13}},"12":{"start":{"line":77,"column":4},"end":{"line":79,"column":23}},"13":{"start":{"line":81,"column":4},"end":{"line":86,"column":8}},"14":{"start":{"line":81,"column":32},"end":{"line":86,"column":5}},"15":{"start":{"line":90,"column":4},"end":{"line":142,"column":5}},"16":{"start":{"line":92,"column":6},"end":{"line":94,"column":7}},"17":{"start":{"line":93,"column":8},"end":{"line":93,"column":42}},"18":{"start":{"line":97,"column":6},"end":{"line":141,"column":8}},"19":{"start":{"line":144,"column":4},"end":{"line":144,"column":31}},"20":{"start":{"line":155,"column":27},"end":{"line":159,"column":3}},"21":{"start":{"line":156,"column":4},"end":{"line":158,"column":20}},"22":{"start":{"line":161,"column":2},"end":{"line":161,"column":97}},"23":{"start":{"line":163,"column":2},"end":{"line":163,"column":26}},"24":{"start":{"line":179,"column":4},"end":{"line":179,"column":17}},"25":{"start":{"line":180,"column":4},"end":{"line":186,"column":6}},"26":{"start":{"line":190,"column":4},"end":{"line":193,"column":6}},"27":{"start":{"line":197,"column":4},"end":{"line":197,"column":48}},"28":{"start":{"line":200,"column":21},"end":{"line":209,"column":3}},"29":{"start":{"line":201,"column":4},"end":{"line":201,"column":82}},"30":{"start":{"line":203,"column":4},"end":{"line":206,"column":7}},"31":{"start":{"line":208,"column":4},"end":{"line":208,"column":37}},"32":{"start":{"line":212,"column":4},"end":{"line":243,"column":5}},"33":{"start":{"line":213,"column":20},"end":{"line":213,"column":61}},"34":{"start":{"line":216,"column":6},"end":{"line":218,"column":7}},"35":{"start":{"line":217,"column":8},"end":{"line":217,"column":42}},"36":{"start":{"line":220,"column":6},"end":{"line":242,"column":8}},"37":{"start":{"line":246,"column":32},"end":{"line":254,"column":6}},"38":{"start":{"line":247,"column":6},"end":{"line":252,"column":7}},"39":{"start":{"line":248,"column":8},"end":{"line":251,"column":18}},"40":{"start":{"line":253,"column":6},"end":{"line":253,"column":19}},"41":{"start":{"line":256,"column":4},"end":{"line":256,"column":38}},"42":{"start":{"line":263,"column":15},"end":{"line":330,"column":2}}},"fnMap":{"0":{"name":"(anonymous_0)","decl":{"start":{"line":29,"column":2},"end":{"line":29,"column":3}},"loc":{"start":{"line":29,"column":28},"end":{"line":37,"column":3}},"line":29},"1":{"name":"(anonymous_1)","decl":{"start":{"line":39,"column":2},"end":{"line":39,"column":3}},"loc":{"start":{"line":39,"column":64},"end":{"line":44,"column":3}},"line":39},"2":{"name":"(anonymous_2)","decl":{"start":{"line":46,"column":2},"end":{"line":46,"column":3}},"loc":{"start":{"line":46,"column":56},"end":{"line":67,"column":3}},"line":46},"3":{"name":"(anonymous_3)","decl":{"start":{"line":69,"column":16},"end":{"line":69,"column":17}},"loc":{"start":{"line":69,"column":22},"end":{"line":87,"column":3}},"line":69},"4":{"name":"(anonymous_4)","decl":{"start":{"line":81,"column":18},"end":{"line":81,"column":19}},"loc":{"start":{"line":81,"column":32},"end":{"line":86,"column":5}},"line":81},"5":{"name":"(anonymous_5)","decl":{"start":{"line":89,"column":2},"end":{"line":89,"column":3}},"loc":{"start":{"line":89,"column":11},"end":{"line":145,"column":3}},"line":89},"6":{"name":"withErrorBoundary","decl":{"start":{"line":151,"column":16},"end":{"line":151,"column":33}},"loc":{"start":{"line":154,"column":2},"end":{"line":164,"column":1}},"line":154},"7":{"name":"(anonymous_7)","decl":{"start":{"line":155,"column":27},"end":{"line":155,"column":28}},"loc":{"start":{"line":156,"column":4},"end":{"line":158,"column":20}},"line":156},"8":{"name":"(anonymous_8)","decl":{"start":{"line":178,"column":2},"end":{"line":178,"column":3}},"loc":{"start":{"line":178,"column":46},"end":{"line":187,"column":3}},"line":178},"9":{"name":"(anonymous_9)","decl":{"start":{"line":189,"column":2},"end":{"line":189,"column":3}},"loc":{"start":{"line":189,"column":82},"end":{"line":194,"column":3}},"line":189},"10":{"name":"(anonymous_10)","decl":{"start":{"line":196,"column":2},"end":{"line":196,"column":3}},"loc":{"start":{"line":196,"column":56},"end":{"line":198,"column":3}},"line":196},"11":{"name":"(anonymous_11)","decl":{"start":{"line":200,"column":21},"end":{"line":200,"column":22}},"loc":{"start":{"line":200,"column":39},"end":{"line":209,"column":3}},"line":200},"12":{"name":"(anonymous_12)","decl":{"start":{"line":211,"column":2},"end":{"line":211,"column":3}},"loc":{"start":{"line":211,"column":11},"end":{"line":257,"column":3}},"line":211},"13":{"name":"(anonymous_13)","decl":{"start":{"line":246,"column":72},"end":{"line":246,"column":73}},"loc":{"start":{"line":246,"column":81},"end":{"line":254,"column":5}},"line":246}},"branchMap":{"0":{"loc":{"start":{"line":48,"column":33},"end":{"line":48,"column":70}},"type":"binary-expr","locations":[{"start":{"line":48,"column":33},"end":{"line":48,"column":51}},{"start":{"line":48,"column":55},"end":{"line":48,"column":70}}],"line":48},"1":{"loc":{"start":{"line":70,"column":4},"end":{"line":75,"column":5}},"type":"if","locations":[{"start":{"line":70,"column":4},"end":{"line":75,"column":5}},{"start":{},"end":{}}],"line":70},"2":{"loc":{"start":{"line":90,"column":4},"end":{"line":142,"column":5}},"type":"if","locations":[{"start":{"line":90,"column":4},"end":{"line":142,"column":5}},{"start":{},"end":{}}],"line":90},"3":{"loc":{"start":{"line":92,"column":6},"end":{"line":94,"column":7}},"type":"if","locations":[{"start":{"line":92,"column":6},"end":{"line":94,"column":7}},{"start":{},"end":{}}],"line":92},"4":{"loc":{"start":{"line":103,"column":15},"end":{"line":106,"column":15}},"type":"binary-expr","locations":[{"start":{"line":103,"column":15},"end":{"line":103,"column":39}},{"start":{"line":103,"column":43},"end":{"line":106,"column":15}}],"line":103},"5":{"loc":{"start":{"line":109,"column":13},"end":{"line":121,"column":13}},"type":"binary-expr","locations":[{"start":{"line":109,"column":13},"end":{"line":109,"column":20}},{"start":{"line":109,"column":24},"end":{"line":109,"column":40}},{"start":{"line":110,"column":14},"end":{"line":120,"column":27}}],"line":109},"6":{"loc":{"start":{"line":115,"column":17},"end":{"line":119,"column":17}},"type":"binary-expr","locations":[{"start":{"line":115,"column":17},"end":{"line":115,"column":37}},{"start":{"line":116,"column":18},"end":{"line":118,"column":25}}],"line":115},"7":{"loc":{"start":{"line":123,"column":13},"end":{"line":132,"column":13}},"type":"binary-expr","locations":[{"start":{"line":123,"column":13},"end":{"line":123,"column":33}},{"start":{"line":123,"column":37},"end":{"line":123,"column":76}},{"start":{"line":124,"column":14},"end":{"line":131,"column":33}}],"line":123},"8":{"loc":{"start":{"line":129,"column":29},"end":{"line":129,"column":105}},"type":"binary-expr","locations":[{"start":{"line":129,"column":29},"end":{"line":129,"column":54}},{"start":{"line":129,"column":58},"end":{"line":129,"column":105}}],"line":129},"9":{"loc":{"start":{"line":134,"column":13},"end":{"line":138,"column":13}},"type":"binary-expr","locations":[{"start":{"line":134,"column":13},"end":{"line":134,"column":53}},{"start":{"line":135,"column":14},"end":{"line":137,"column":21}}],"line":134},"10":{"loc":{"start":{"line":161,"column":54},"end":{"line":161,"column":93}},"type":"binary-expr","locations":[{"start":{"line":161,"column":54},"end":{"line":161,"column":75}},{"start":{"line":161,"column":79},"end":{"line":161,"column":93}}],"line":161},"11":{"loc":{"start":{"line":201,"column":36},"end":{"line":201,"column":78}},"type":"binary-expr","locations":[{"start":{"line":201,"column":36},"end":{"line":201,"column":54}},{"start":{"line":201,"column":58},"end":{"line":201,"column":78}}],"line":201},"12":{"loc":{"start":{"line":212,"column":4},"end":{"line":243,"column":5}},"type":"if","locations":[{"start":{"line":212,"column":4},"end":{"line":243,"column":5}},{"start":{},"end":{}}],"line":212},"13":{"loc":{"start":{"line":212,"column":8},"end":{"line":212,"column":52}},"type":"binary-expr","locations":[{"start":{"line":212,"column":8},"end":{"line":212,"column":27}},{"start":{"line":212,"column":31},"end":{"line":212,"column":52}}],"line":212},"14":{"loc":{"start":{"line":213,"column":20},"end":{"line":213,"column":61}},"type":"binary-expr","locations":[{"start":{"line":213,"column":20},"end":{"line":213,"column":36}},{"start":{"line":213,"column":40},"end":{"line":213,"column":61}}],"line":213},"15":{"loc":{"start":{"line":216,"column":6},"end":{"line":218,"column":7}},"type":"if","locations":[{"start":{"line":216,"column":6},"end":{"line":218,"column":7}},{"start":{},"end":{}}],"line":216},"16":{"loc":{"start":{"line":226,"column":15},"end":{"line":229,"column":15}},"type":"binary-expr","locations":[{"start":{"line":226,"column":15},"end":{"line":226,"column":39}},{"start":{"line":226,"column":43},"end":{"line":229,"column":15}}],"line":226},"17":{"loc":{"start":{"line":232,"column":13},"end":{"line":239,"column":13}},"type":"binary-expr","locations":[{"start":{"line":232,"column":13},"end":{"line":232,"column":33}},{"start":{"line":233,"column":14},"end":{"line":238,"column":33}}],"line":232},"18":{"loc":{"start":{"line":247,"column":6},"end":{"line":252,"column":7}},"type":"if","locations":[{"start":{"line":247,"column":6},"end":{"line":252,"column":7}},{"start":{},"end":{}}],"line":247}},"s":{"0":0,"1":0,"2":0,"3":0,"4":0,"5":0,"6":0,"7":0,"8":0,"9":0,"10":0,"11":0,"12":0,"13":0,"14":0,"15":0,"16":0,"17":0,"18":0,"19":0,"20":0,"21":0,"22":0,"23":0,"24":0,"25":0,"26":0,"27":0,"28":0,"29":0,"30":0,"31":0,"32":0,"33":0,"34":0,"35":0,"36":0,"37":0,"38":0,"39":0,"40":0,"41":0,"42":0},"f":{"0":0,"1":0,"2":0,"3":0,"4":0,"5":0,"6":0,"7":0,"8":0,"9":0,"10":0,"11":0,"12":0,"13":0},"b":{"0":[0,0],"1":[0,0],"2":[0,0],"3":[0,0],"4":[0,0],"5":[0,0,0],"6":[0,0],"7":[0,0,0],"8":[0,0],"9":[0,0],"10":[0,0],"11":[0,0],"12":[0,0],"13":[0,0],"14":[0,0],"15":[0,0],"16":[0,0],"17":[0,0],"18":[0,0]}}
,"/Users/earlrodsoncarino/Documents/www/MedAlert/components/forgot-password-form.tsx": {"path":"/Users/earlrodsoncarino/Documents/www/MedAlert/components/forgot-password-form.tsx","statementMap":{"0":{"start":{"line":13,"column":37},"end":{"line":13,"column":79}},"1":{"start":{"line":14,"column":28},"end":{"line":14,"column":54}},"2":{"start":{"line":15,"column":31},"end":{"line":15,"column":42}},"3":{"start":{"line":16,"column":28},"end":{"line":16,"column":85}},"4":{"start":{"line":18,"column":19},"end":{"line":42,"column":3}},"5":{"start":{"line":19,"column":4},"end":{"line":22,"column":5}},"6":{"start":{"line":20,"column":6},"end":{"line":20,"column":47}},"7":{"start":{"line":21,"column":6},"end":{"line":21,"column":13}},"8":{"start":{"line":23,"column":4},"end":{"line":25,"column":5}},"9":{"start":{"line":24,"column":6},"end":{"line":24,"column":13}},"10":{"start":{"line":27,"column":4},"end":{"line":41,"column":5}},"11":{"start":{"line":28,"column":6},"end":{"line":31,"column":9}},"12":{"start":{"line":33,"column":6},"end":{"line":33,"column":59}},"13":{"start":{"line":36,"column":6},"end":{"line":39,"column":7}},"14":{"start":{"line":37,"column":8},"end":{"line":37,"column":41}},"15":{"start":{"line":38,"column":8},"end":{"line":38,"column":15}},"16":{"start":{"line":40,"column":6},"end":{"line":40,"column":50}},"17":{"start":{"line":44,"column":2},"end":{"line":79,"column":4}}},"fnMap":{"0":{"name":"ForgotPasswordForm","decl":{"start":{"line":12,"column":16},"end":{"line":12,"column":34}},"loc":{"start":{"line":12,"column":37},"end":{"line":80,"column":1}},"line":12},"1":{"name":"(anonymous_1)","decl":{"start":{"line":18,"column":19},"end":{"line":18,"column":20}},"loc":{"start":{"line":18,"column":31},"end":{"line":42,"column":3}},"line":18}},"branchMap":{"0":{"loc":{"start":{"line":13,"column":17},"end":{"line":13,"column":32}},"type":"default-arg","locations":[{"start":{"line":13,"column":30},"end":{"line":13,"column":32}}],"line":13},"1":{"loc":{"start":{"line":19,"column":4},"end":{"line":22,"column":5}},"type":"if","locations":[{"start":{"line":19,"column":4},"end":{"line":22,"column":5}},{"start":{},"end":{}}],"line":19},"2":{"loc":{"start":{"line":23,"column":4},"end":{"line":25,"column":5}},"type":"if","locations":[{"start":{"line":23,"column":4},"end":{"line":25,"column":5}},{"start":{},"end":{}}],"line":23},"3":{"loc":{"start":{"line":36,"column":6},"end":{"line":39,"column":7}},"type":"if","locations":[{"start":{"line":36,"column":6},"end":{"line":39,"column":7}},{"start":{},"end":{}}],"line":36},"4":{"loc":{"start":{"line":68,"column":15},"end":{"line":70,"column":22}},"type":"cond-expr","locations":[{"start":{"line":69,"column":16},"end":{"line":69,"column":91}},{"start":{"line":70,"column":18},"end":{"line":70,"column":22}}],"line":68}},"s":{"0":0,"1":0,"2":0,"3":0,"4":0,"5":0,"6":0,"7":0,"8":0,"9":0,"10":0,"11":0,"12":0,"13":0,"14":0,"15":0,"16":0,"17":0},"f":{"0":0,"1":0},"b":{"0":[0],"1":[0,0],"2":[0,0],"3":[0,0],"4":[0,0]}}
,"/Users/earlrodsoncarino/Documents/www/MedAlert/components/header-left.tsx": {"path":"/Users/earlrodsoncarino/Documents/www/MedAlert/components/header-left.tsx","statementMap":{"0":{"start":{"line":6,"column":19},"end":{"line":6,"column":30}},"1":{"start":{"line":7,"column":4},"end":{"line":15,"column":6}},"2":{"start":{"line":10,"column":16},"end":{"line":10,"column":33}}},"fnMap":{"0":{"name":"HeaderLeft","decl":{"start":{"line":5,"column":16},"end":{"line":5,"column":26}},"loc":{"start":{"line":5,"column":29},"end":{"line":16,"column":1}},"line":5},"1":{"name":"(anonymous_1)","decl":{"start":{"line":9,"column":21},"end":{"line":9,"column":22}},"loc":{"start":{"line":9,"column":27},"end":{"line":11,"column":13}},"line":9}},"branchMap":{},"s":{"0":0,"1":0,"2":0},"f":{"0":0,"1":0},"b":{}}
,"/Users/earlrodsoncarino/Documents/www/MedAlert/components/medication-overview.tsx": {"path":"/Users/earlrodsoncarino/Documents/www/MedAlert/components/medication-overview.tsx","statementMap":{"0":{"start":{"line":14,"column":4},"end":{"line":45,"column":6}}},"fnMap":{"0":{"name":"MedicationOverview","decl":{"start":{"line":13,"column":16},"end":{"line":13,"column":34}},"loc":{"start":{"line":13,"column":105},"end":{"line":46,"column":1}},"line":13}},"branchMap":{},"s":{"0":0},"f":{"0":0},"b":{}}
,"/Users/earlrodsoncarino/Documents/www/MedAlert/components/quick-actions.tsx": {"path":"/Users/earlrodsoncarino/Documents/www/MedAlert/components/quick-actions.tsx","statementMap":{"0":{"start":{"line":23,"column":42},"end":{"line":23,"column":63}},"1":{"start":{"line":25,"column":25},"end":{"line":27,"column":5}},"2":{"start":{"line":26,"column":8},"end":{"line":26,"column":29}},"3":{"start":{"line":29,"column":44},"end":{"line":34,"column":5}},"4":{"start":{"line":36,"column":4},"end":{"line":66,"column":6}},"5":{"start":{"line":42,"column":24},"end":{"line":55,"column":33}}},"fnMap":{"0":{"name":"QuickActions","decl":{"start":{"line":22,"column":16},"end":{"line":22,"column":28}},"loc":{"start":{"line":22,"column":71},"end":{"line":67,"column":1}},"line":22},"1":{"name":"(anonymous_1)","decl":{"start":{"line":25,"column":25},"end":{"line":25,"column":26}},"loc":{"start":{"line":25,"column":31},"end":{"line":27,"column":5}},"line":25},"2":{"name":"(anonymous_2)","decl":{"start":{"line":41,"column":42},"end":{"line":41,"column":43}},"loc":{"start":{"line":42,"column":24},"end":{"line":55,"column":33}},"line":42}},"branchMap":{},"s":{"0":0,"1":0,"2":0,"3":0,"4":0,"5":0},"f":{"0":0,"1":0,"2":0},"b":{}}
,"/Users/earlrodsoncarino/Documents/www/MedAlert/components/reset-password-form.tsx": {"path":"/Users/earlrodsoncarino/Documents/www/MedAlert/components/reset-password-form.tsx","statementMap":{"0":{"start":{"line":12,"column":42},"end":{"line":12,"column":53}},"1":{"start":{"line":13,"column":34},"end":{"line":13,"column":52}},"2":{"start":{"line":14,"column":26},"end":{"line":14,"column":44}},"3":{"start":{"line":15,"column":23},"end":{"line":15,"column":52}},"4":{"start":{"line":16,"column":28},"end":{"line":16,"column":70}},"5":{"start":{"line":19,"column":4},"end":{"line":21,"column":5}},"6":{"start":{"line":20,"column":6},"end":{"line":20,"column":13}},"7":{"start":{"line":22,"column":4},"end":{"line":44,"column":5}},"8":{"start":{"line":23,"column":21},"end":{"line":27,"column":8}},"9":{"start":{"line":29,"column":6},"end":{"line":34,"column":7}},"10":{"start":{"line":32,"column":8},"end":{"line":32,"column":56}},"11":{"start":{"line":33,"column":8},"end":{"line":33,"column":15}},"12":{"start":{"line":38,"column":6},"end":{"line":42,"column":7}},"13":{"start":{"line":39,"column":34},"end":{"line":39,"column":80}},"14":{"start":{"line":40,"column":8},"end":{"line":40,"column":79}},"15":{"start":{"line":41,"column":8},"end":{"line":41,"column":15}},"16":{"start":{"line":43,"column":6},"end":{"line":43,"column":50}},"17":{"start":{"line":48,"column":4},"end":{"line":48,"column":34}},"18":{"start":{"line":51,"column":2},"end":{"line":101,"column":4}}},"fnMap":{"0":{"name":"ResetPasswordForm","decl":{"start":{"line":11,"column":16},"end":{"line":11,"column":33}},"loc":{"start":{"line":11,"column":36},"end":{"line":102,"column":1}},"line":11},"1":{"name":"onSubmit","decl":{"start":{"line":18,"column":17},"end":{"line":18,"column":25}},"loc":{"start":{"line":18,"column":28},"end":{"line":45,"column":3}},"line":18},"2":{"name":"onPasswordSubmitEditing","decl":{"start":{"line":47,"column":11},"end":{"line":47,"column":34}},"loc":{"start":{"line":47,"column":37},"end":{"line":49,"column":3}},"line":47}},"branchMap":{"0":{"loc":{"start":{"line":19,"column":4},"end":{"line":21,"column":5}},"type":"if","locations":[{"start":{"line":19,"column":4},"end":{"line":21,"column":5}},{"start":{},"end":{}}],"line":19},"1":{"loc":{"start":{"line":29,"column":6},"end":{"line":34,"column":7}},"type":"if","locations":[{"start":{"line":29,"column":6},"end":{"line":34,"column":7}},{"start":{},"end":{}}],"line":29},"2":{"loc":{"start":{"line":38,"column":6},"end":{"line":42,"column":7}},"type":"if","locations":[{"start":{"line":38,"column":6},"end":{"line":42,"column":7}},{"start":{},"end":{}}],"line":38},"3":{"loc":{"start":{"line":40,"column":39},"end":{"line":40,"column":75}},"type":"cond-expr","locations":[{"start":{"line":40,"column":59},"end":{"line":40,"column":70}},{"start":{"line":40,"column":73},"end":{"line":40,"column":75}}],"line":40},"4":{"loc":{"start":{"line":74,"column":15},"end":{"line":76,"column":22}},"type":"cond-expr","locations":[{"start":{"line":75,"column":16},"end":{"line":75,"column":94}},{"start":{"line":76,"column":18},"end":{"line":76,"column":22}}],"line":74},"5":{"loc":{"start":{"line":90,"column":15},"end":{"line":92,"column":22}},"type":"cond-expr","locations":[{"start":{"line":91,"column":16},"end":{"line":91,"column":90}},{"start":{"line":92,"column":18},"end":{"line":92,"column":22}}],"line":90}},"s":{"0":0,"1":0,"2":0,"3":0,"4":0,"5":0,"6":0,"7":0,"8":0,"9":0,"10":0,"11":0,"12":0,"13":0,"14":0,"15":0,"16":0,"17":0,"18":0},"f":{"0":0,"1":0,"2":0},"b":{"0":[0,0],"1":[0,0],"2":[0,0],"3":[0,0],"4":[0,0],"5":[0,0]}}
,"/Users/earlrodsoncarino/Documents/www/MedAlert/components/sign-in-form.tsx": {"path":"/Users/earlrodsoncarino/Documents/www/MedAlert/components/sign-in-form.tsx","statementMap":{"0":{"start":{"line":18,"column":42},"end":{"line":18,"column":53}},"1":{"start":{"line":19,"column":28},"end":{"line":19,"column":46}},"2":{"start":{"line":20,"column":34},"end":{"line":20,"column":52}},"3":{"start":{"line":21,"column":27},"end":{"line":21,"column":56}},"4":{"start":{"line":22,"column":28},"end":{"line":22,"column":85}},"5":{"start":{"line":25,"column":4},"end":{"line":27,"column":5}},"6":{"start":{"line":26,"column":6},"end":{"line":26,"column":13}},"7":{"start":{"line":30,"column":4},"end":{"line":58,"column":5}},"8":{"start":{"line":31,"column":28},"end":{"line":34,"column":8}},"9":{"start":{"line":38,"column":6},"end":{"line":45,"column":7}},"10":{"start":{"line":39,"column":8},"end":{"line":39,"column":46}},"11":{"start":{"line":40,"column":8},"end":{"line":40,"column":69}},"12":{"start":{"line":41,"column":8},"end":{"line":43,"column":9}},"13":{"start":{"line":42,"column":10},"end":{"line":42,"column":22}},"14":{"start":{"line":44,"column":8},"end":{"line":44,"column":15}},"15":{"start":{"line":47,"column":6},"end":{"line":47,"column":60}},"16":{"start":{"line":50,"column":6},"end":{"line":56,"column":7}},"17":{"start":{"line":52,"column":10},"end":{"line":53,"column":53}},"18":{"start":{"line":54,"column":8},"end":{"line":54,"column":86}},"19":{"start":{"line":55,"column":8},"end":{"line":55,"column":15}},"20":{"start":{"line":57,"column":6},"end":{"line":57,"column":50}},"21":{"start":{"line":62,"column":4},"end":{"line":62,"column":38}},"22":{"start":{"line":65,"column":2},"end":{"line":136,"column":4}}},"fnMap":{"0":{"name":"SignInForm","decl":{"start":{"line":17,"column":16},"end":{"line":17,"column":26}},"loc":{"start":{"line":17,"column":59},"end":{"line":137,"column":1}},"line":17},"1":{"name":"onSubmit","decl":{"start":{"line":24,"column":17},"end":{"line":24,"column":25}},"loc":{"start":{"line":24,"column":28},"end":{"line":59,"column":3}},"line":24},"2":{"name":"onEmailSubmitEditing","decl":{"start":{"line":61,"column":11},"end":{"line":61,"column":31}},"loc":{"start":{"line":61,"column":34},"end":{"line":63,"column":3}},"line":61}},"branchMap":{"0":{"loc":{"start":{"line":25,"column":4},"end":{"line":27,"column":5}},"type":"if","locations":[{"start":{"line":25,"column":4},"end":{"line":27,"column":5}},{"start":{},"end":{}}],"line":25},"1":{"loc":{"start":{"line":38,"column":6},"end":{"line":45,"column":7}},"type":"if","locations":[{"start":{"line":38,"column":6},"end":{"line":45,"column":7}},{"start":{},"end":{}}],"line":38},"2":{"loc":{"start":{"line":41,"column":8},"end":{"line":43,"column":9}},"type":"if","locations":[{"start":{"line":41,"column":8},"end":{"line":43,"column":9}},{"start":{},"end":{}}],"line":41},"3":{"loc":{"start":{"line":50,"column":6},"end":{"line":56,"column":7}},"type":"if","locations":[{"start":{"line":50,"column":6},"end":{"line":56,"column":7}},{"start":{},"end":{}}],"line":50},"4":{"loc":{"start":{"line":52,"column":10},"end":{"line":53,"column":53}},"type":"binary-expr","locations":[{"start":{"line":52,"column":10},"end":{"line":52,"column":58}},{"start":{"line":53,"column":10},"end":{"line":53,"column":53}}],"line":52},"5":{"loc":{"start":{"line":54,"column":17},"end":{"line":54,"column":84}},"type":"cond-expr","locations":[{"start":{"line":54,"column":34},"end":{"line":54,"column":56}},{"start":{"line":54,"column":59},"end":{"line":54,"column":84}}],"line":54},"6":{"loc":{"start":{"line":89,"column":15},"end":{"line":91,"column":22}},"type":"cond-expr","locations":[{"start":{"line":90,"column":16},"end":{"line":90,"column":91}},{"start":{"line":91,"column":18},"end":{"line":91,"column":22}}],"line":89},"7":{"loc":{"start":{"line":113,"column":15},"end":{"line":115,"column":22}},"type":"cond-expr","locations":[{"start":{"line":114,"column":16},"end":{"line":114,"column":94}},{"start":{"line":115,"column":18},"end":{"line":115,"column":22}}],"line":113}},"s":{"0":0,"1":0,"2":0,"3":0,"4":0,"5":0,"6":0,"7":0,"8":0,"9":0,"10":0,"11":0,"12":0,"13":0,"14":0,"15":0,"16":0,"17":0,"18":0,"19":0,"20":0,"21":0,"22":0},"f":{"0":0,"1":0,"2":0},"b":{"0":[0,0],"1":[0,0],"2":[0,0],"3":[0,0],"4":[0,0],"5":[0,0],"6":[0,0],"7":[0,0]}}
,"/Users/earlrodsoncarino/Documents/www/MedAlert/components/sign-up-form.tsx": {"path":"/Users/earlrodsoncarino/Documents/www/MedAlert/components/sign-up-form.tsx","statementMap":{"0":{"start":{"line":14,"column":31},"end":{"line":14,"column":42}},"1":{"start":{"line":15,"column":28},"end":{"line":15,"column":46}},"2":{"start":{"line":16,"column":34},"end":{"line":16,"column":52}},"3":{"start":{"line":17,"column":27},"end":{"line":17,"column":56}},"4":{"start":{"line":18,"column":28},"end":{"line":18,"column":85}},"5":{"start":{"line":21,"column":4},"end":{"line":21,"column":26}},"6":{"start":{"line":21,"column":19},"end":{"line":21,"column":26}},"7":{"start":{"line":24,"column":4},"end":{"line":44,"column":5}},"8":{"start":{"line":25,"column":6},"end":{"line":28,"column":9}},"9":{"start":{"line":31,"column":6},"end":{"line":31,"column":79}},"10":{"start":{"line":33,"column":6},"end":{"line":33,"column":65}},"11":{"start":{"line":36,"column":6},"end":{"line":42,"column":7}},"12":{"start":{"line":38,"column":10},"end":{"line":39,"column":53}},"13":{"start":{"line":40,"column":8},"end":{"line":40,"column":86}},"14":{"start":{"line":41,"column":8},"end":{"line":41,"column":15}},"15":{"start":{"line":43,"column":6},"end":{"line":43,"column":50}},"16":{"start":{"line":48,"column":4},"end":{"line":48,"column":38}},"17":{"start":{"line":51,"column":2},"end":{"line":114,"column":4}}},"fnMap":{"0":{"name":"SignUpForm","decl":{"start":{"line":13,"column":16},"end":{"line":13,"column":26}},"loc":{"start":{"line":13,"column":29},"end":{"line":115,"column":1}},"line":13},"1":{"name":"onSubmit","decl":{"start":{"line":20,"column":17},"end":{"line":20,"column":25}},"loc":{"start":{"line":20,"column":28},"end":{"line":45,"column":3}},"line":20},"2":{"name":"onEmailSubmitEditing","decl":{"start":{"line":47,"column":11},"end":{"line":47,"column":31}},"loc":{"start":{"line":47,"column":34},"end":{"line":49,"column":3}},"line":47}},"branchMap":{"0":{"loc":{"start":{"line":21,"column":4},"end":{"line":21,"column":26}},"type":"if","locations":[{"start":{"line":21,"column":4},"end":{"line":21,"column":26}},{"start":{},"end":{}}],"line":21},"1":{"loc":{"start":{"line":36,"column":6},"end":{"line":42,"column":7}},"type":"if","locations":[{"start":{"line":36,"column":6},"end":{"line":42,"column":7}},{"start":{},"end":{}}],"line":36},"2":{"loc":{"start":{"line":38,"column":10},"end":{"line":39,"column":53}},"type":"binary-expr","locations":[{"start":{"line":38,"column":10},"end":{"line":38,"column":58}},{"start":{"line":39,"column":10},"end":{"line":39,"column":53}}],"line":38},"3":{"loc":{"start":{"line":40,"column":17},"end":{"line":40,"column":84}},"type":"cond-expr","locations":[{"start":{"line":40,"column":34},"end":{"line":40,"column":56}},{"start":{"line":40,"column":59},"end":{"line":40,"column":84}}],"line":40},"4":{"loc":{"start":{"line":75,"column":15},"end":{"line":77,"column":22}},"type":"cond-expr","locations":[{"start":{"line":76,"column":16},"end":{"line":76,"column":91}},{"start":{"line":77,"column":18},"end":{"line":77,"column":22}}],"line":75},"5":{"loc":{"start":{"line":91,"column":15},"end":{"line":93,"column":22}},"type":"cond-expr","locations":[{"start":{"line":92,"column":16},"end":{"line":92,"column":94}},{"start":{"line":93,"column":18},"end":{"line":93,"column":22}}],"line":91}},"s":{"0":0,"1":0,"2":0,"3":0,"4":0,"5":0,"6":0,"7":0,"8":0,"9":0,"10":0,"11":0,"12":0,"13":0,"14":0,"15":0,"16":0,"17":0},"f":{"0":0,"1":0,"2":0},"b":{"0":[0,0],"1":[0,0],"2":[0,0],"3":[0,0],"4":[0,0],"5":[0,0]}}
,"/Users/earlrodsoncarino/Documents/www/MedAlert/components/social-connections.tsx": {"path":"/Users/earlrodsoncarino/Documents/www/MedAlert/components/social-connections.tsx","statementMap":{"0":{"start":{"line":11,"column":0},"end":{"line":11,"column":38}},"1":{"start":{"line":22,"column":6},"end":{"line":38,"column":1}},"2":{"start":{"line":41,"column":2},"end":{"line":41,"column":21}},"3":{"start":{"line":42,"column":26},"end":{"line":42,"column":42}},"4":{"start":{"line":43,"column":27},"end":{"line":43,"column":35}},"5":{"start":{"line":46,"column":4},"end":{"line":72,"column":6}},"6":{"start":{"line":47,"column":6},"end":{"line":71,"column":7}},"7":{"start":{"line":49,"column":56},"end":{"line":55,"column":10}},"8":{"start":{"line":58,"column":8},"end":{"line":61,"column":9}},"9":{"start":{"line":59,"column":10},"end":{"line":59,"column":51}},"10":{"start":{"line":60,"column":10},"end":{"line":60,"column":17}},"11":{"start":{"line":70,"column":8},"end":{"line":70,"column":52}},"12":{"start":{"line":75,"column":2},"end":{"line":96,"column":4}},"13":{"start":{"line":78,"column":8},"end":{"line":93,"column":10}},"14":{"start":{"line":99,"column":25},"end":{"line":112,"column":2}},"15":{"start":{"line":102,"column":4},"end":{"line":110,"column":11}},"16":{"start":{"line":105,"column":6},"end":{"line":105,"column":36}},"17":{"start":{"line":106,"column":6},"end":{"line":109,"column":8}},"18":{"start":{"line":108,"column":8},"end":{"line":108,"column":40}}},"fnMap":{"0":{"name":"SocialConnections","decl":{"start":{"line":40,"column":16},"end":{"line":40,"column":33}},"loc":{"start":{"line":40,"column":36},"end":{"line":97,"column":1}},"line":40},"1":{"name":"onSocialLoginPress","decl":{"start":{"line":45,"column":11},"end":{"line":45,"column":29}},"loc":{"start":{"line":45,"column":66},"end":{"line":73,"column":3}},"line":45},"2":{"name":"(anonymous_2)","decl":{"start":{"line":46,"column":11},"end":{"line":46,"column":12}},"loc":{"start":{"line":46,"column":23},"end":{"line":72,"column":5}},"line":46},"3":{"name":"(anonymous_3)","decl":{"start":{"line":77,"column":40},"end":{"line":77,"column":41}},"loc":{"start":{"line":77,"column":54},"end":{"line":94,"column":7}},"line":77},"4":{"name":"(anonymous_4)","decl":{"start":{"line":100,"column":7},"end":{"line":100,"column":8}},"loc":{"start":{"line":100,"column":13},"end":{"line":100,"column":15}},"line":100},"5":{"name":"(anonymous_5)","decl":{"start":{"line":101,"column":11},"end":{"line":101,"column":12}},"loc":{"start":{"line":101,"column":17},"end":{"line":111,"column":3}},"line":101},"6":{"name":"(anonymous_6)","decl":{"start":{"line":102,"column":20},"end":{"line":102,"column":21}},"loc":{"start":{"line":102,"column":26},"end":{"line":110,"column":5}},"line":102},"7":{"name":"(anonymous_7)","decl":{"start":{"line":106,"column":13},"end":{"line":106,"column":14}},"loc":{"start":{"line":106,"column":19},"end":{"line":109,"column":7}},"line":106}},"branchMap":{"0":{"loc":{"start":{"line":58,"column":8},"end":{"line":61,"column":9}},"type":"if","locations":[{"start":{"line":58,"column":8},"end":{"line":61,"column":9}},{"start":{},"end":{}}],"line":58},"1":{"loc":{"start":{"line":58,"column":12},"end":{"line":58,"column":41}},"type":"binary-expr","locations":[{"start":{"line":58,"column":12},"end":{"line":58,"column":28}},{"start":{"line":58,"column":32},"end":{"line":58,"column":41}}],"line":58},"2":{"loc":{"start":{"line":86,"column":38},"end":{"line":86,"column":97}},"type":"binary-expr","locations":[{"start":{"line":86,"column":38},"end":{"line":86,"column":54}},{"start":{"line":86,"column":58},"end":{"line":86,"column":97}}],"line":86},"3":{"loc":{"start":{"line":88,"column":24},"end":{"line":88,"column":99}},"type":"cond-expr","locations":[{"start":{"line":88,"column":44},"end":{"line":88,"column":86}},{"start":{"line":88,"column":90},"end":{"line":88,"column":99}}],"line":88},"4":{"loc":{"start":{"line":88,"column":44},"end":{"line":88,"column":86}},"type":"cond-expr","locations":[{"start":{"line":88,"column":69},"end":{"line":88,"column":76}},{"start":{"line":88,"column":79},"end":{"line":88,"column":86}}],"line":88}},"s":{"0":0,"1":0,"2":0,"3":0,"4":0,"5":0,"6":0,"7":0,"8":0,"9":0,"10":0,"11":0,"12":0,"13":0,"14":0,"15":0,"16":0,"17":0,"18":0},"f":{"0":0,"1":0,"2":0,"3":0,"4":0,"5":0,"6":0,"7":0},"b":{"0":[0,0],"1":[0,0],"2":[0,0],"3":[0,0],"4":[0,0]}}
,"/Users/earlrodsoncarino/Documents/www/MedAlert/components/theme-toggle.tsx": {"path":"/Users/earlrodsoncarino/Documents/www/MedAlert/components/theme-toggle.tsx","statementMap":{"0":{"start":{"line":7,"column":20},"end":{"line":10,"column":1}},"1":{"start":{"line":13,"column":47},"end":{"line":13,"column":63}},"2":{"start":{"line":14,"column":17},"end":{"line":14,"column":52}},"3":{"start":{"line":16,"column":4},"end":{"line":31,"column":6}}},"fnMap":{"0":{"name":"ThemeToggle","decl":{"start":{"line":12,"column":16},"end":{"line":12,"column":27}},"loc":{"start":{"line":12,"column":30},"end":{"line":32,"column":1}},"line":12}},"branchMap":{"0":{"loc":{"start":{"line":14,"column":29},"end":{"line":14,"column":51}},"type":"binary-expr","locations":[{"start":{"line":14,"column":29},"end":{"line":14,"column":40}},{"start":{"line":14,"column":44},"end":{"line":14,"column":51}}],"line":14},"1":{"loc":{"start":{"line":28,"column":29},"end":{"line":28,"column":51}},"type":"binary-expr","locations":[{"start":{"line":28,"column":29},"end":{"line":28,"column":40}},{"start":{"line":28,"column":44},"end":{"line":28,"column":51}}],"line":28}},"s":{"0":0,"1":0,"2":0,"3":0},"f":{"0":0},"b":{"0":[0,0],"1":[0,0]}}
,"/Users/earlrodsoncarino/Documents/www/MedAlert/components/upcoming-reminders.tsx": {"path":"/Users/earlrodsoncarino/Documents/www/MedAlert/components/upcoming-reminders.tsx","statementMap":{"0":{"start":{"line":21,"column":4},"end":{"line":58,"column":6}},"1":{"start":{"line":32,"column":24},"end":{"line":53,"column":31}}},"fnMap":{"0":{"name":"UpcomingReminders","decl":{"start":{"line":20,"column":16},"end":{"line":20,"column":33}},"loc":{"start":{"line":20,"column":75},"end":{"line":59,"column":1}},"line":20},"1":{"name":"(anonymous_1)","decl":{"start":{"line":31,"column":37},"end":{"line":31,"column":38}},"loc":{"start":{"line":32,"column":24},"end":{"line":53,"column":31}},"line":32}},"branchMap":{"0":{"loc":{"start":{"line":34,"column":90},"end":{"line":34,"column":154}},"type":"cond-expr","locations":[{"start":{"line":34,"column":125},"end":{"line":34,"column":149}},{"start":{"line":34,"column":152},"end":{"line":34,"column":154}}],"line":34},"1":{"loc":{"start":{"line":47,"column":82},"end":{"line":47,"column":127}},"type":"cond-expr","locations":[{"start":{"line":47,"column":94},"end":{"line":47,"column":109}},{"start":{"line":47,"column":112},"end":{"line":47,"column":127}}],"line":47},"2":{"loc":{"start":{"line":48,"column":76},"end":{"line":48,"column":119}},"type":"cond-expr","locations":[{"start":{"line":48,"column":88},"end":{"line":48,"column":102}},{"start":{"line":48,"column":105},"end":{"line":48,"column":119}}],"line":48},"3":{"loc":{"start":{"line":49,"column":41},"end":{"line":49,"column":72}},"type":"cond-expr","locations":[{"start":{"line":49,"column":53},"end":{"line":49,"column":60}},{"start":{"line":49,"column":63},"end":{"line":49,"column":72}}],"line":49}},"s":{"0":0,"1":0},"f":{"0":0,"1":0},"b":{"0":[0,0],"1":[0,0],"2":[0,0],"3":[0,0]}}
,"/Users/earlrodsoncarino/Documents/www/MedAlert/components/user-menu.tsx": {"path":"/Users/earlrodsoncarino/Documents/www/MedAlert/components/user-menu.tsx","statementMap":{"0":{"start":{"line":13,"column":19},"end":{"line":13,"column":28}},"1":{"start":{"line":14,"column":22},"end":{"line":14,"column":31}},"2":{"start":{"line":15,"column":28},"end":{"line":15,"column":58}},"3":{"start":{"line":18,"column":4},"end":{"line":18,"column":39}},"4":{"start":{"line":19,"column":4},"end":{"line":19,"column":20}},"5":{"start":{"line":22,"column":2},"end":{"line":76,"column":4}},"6":{"start":{"line":80,"column":19},"end":{"line":80,"column":28}},"7":{"start":{"line":82,"column":46},"end":{"line":91,"column":77}},"8":{"start":{"line":83,"column":21},"end":{"line":83,"column":89}},"9":{"start":{"line":84,"column":21},"end":{"line":87,"column":15}},"10":{"start":{"line":86,"column":21},"end":{"line":86,"column":28}},"11":{"start":{"line":89,"column":24},"end":{"line":89,"column":75}},"12":{"start":{"line":90,"column":4},"end":{"line":90,"column":47}},"13":{"start":{"line":93,"column":2},"end":{"line":100,"column":4}}},"fnMap":{"0":{"name":"UserMenu","decl":{"start":{"line":12,"column":16},"end":{"line":12,"column":24}},"loc":{"start":{"line":12,"column":27},"end":{"line":77,"column":1}},"line":12},"1":{"name":"onSignOut","decl":{"start":{"line":17,"column":17},"end":{"line":17,"column":26}},"loc":{"start":{"line":17,"column":29},"end":{"line":20,"column":3}},"line":17},"2":{"name":"(anonymous_2)","decl":{"start":{"line":48,"column":23},"end":{"line":48,"column":24}},"loc":{"start":{"line":48,"column":29},"end":{"line":50,"column":15}},"line":48},"3":{"name":"(anonymous_3)","decl":{"start":{"line":64,"column":19},"end":{"line":64,"column":20}},"loc":{"start":{"line":64,"column":25},"end":{"line":66,"column":11}},"line":64},"4":{"name":"UserAvatar","decl":{"start":{"line":79,"column":9},"end":{"line":79,"column":19}},"loc":{"start":{"line":79,"column":77},"end":{"line":101,"column":1}},"line":79},"5":{"name":"(anonymous_5)","decl":{"start":{"line":82,"column":60},"end":{"line":82,"column":61}},"loc":{"start":{"line":82,"column":66},"end":{"line":91,"column":3}},"line":82},"6":{"name":"(anonymous_6)","decl":{"start":{"line":86,"column":11},"end":{"line":86,"column":12}},"loc":{"start":{"line":86,"column":21},"end":{"line":86,"column":28}},"line":86}},"branchMap":{"0":{"loc":{"start":{"line":35,"column":17},"end":{"line":35,"column":72}},"type":"binary-expr","locations":[{"start":{"line":35,"column":17},"end":{"line":35,"column":31}},{"start":{"line":35,"column":35},"end":{"line":35,"column":72}}],"line":35},"1":{"loc":{"start":{"line":37,"column":15},"end":{"line":41,"column":22}},"type":"cond-expr","locations":[{"start":{"line":38,"column":16},"end":{"line":40,"column":23}},{"start":{"line":41,"column":18},"end":{"line":41,"column":22}}],"line":37},"2":{"loc":{"start":{"line":39,"column":19},"end":{"line":39,"column":74}},"type":"binary-expr","locations":[{"start":{"line":39,"column":19},"end":{"line":39,"column":33}},{"start":{"line":39,"column":37},"end":{"line":39,"column":74}}],"line":39},"3":{"loc":{"start":{"line":83,"column":21},"end":{"line":83,"column":89}},"type":"binary-expr","locations":[{"start":{"line":83,"column":21},"end":{"line":83,"column":35}},{"start":{"line":83,"column":39},"end":{"line":83,"column":76}},{"start":{"line":83,"column":80},"end":{"line":83,"column":89}}],"line":83},"4":{"loc":{"start":{"line":89,"column":24},"end":{"line":89,"column":75}},"type":"cond-expr","locations":[{"start":{"line":89,"column":41},"end":{"line":89,"column":63}},{"start":{"line":89,"column":66},"end":{"line":89,"column":75}}],"line":89}},"s":{"0":0,"1":0,"2":0,"3":0,"4":0,"5":0,"6":0,"7":0,"8":0,"9":0,"10":0,"11":0,"12":0,"13":0},"f":{"0":0,"1":0,"2":0,"3":0,"4":0,"5":0,"6":0},"b":{"0":[0,0],"1":[0,0],"2":[0,0],"3":[0,0,0],"4":[0,0]}}
,"/Users/earlrodsoncarino/Documents/www/MedAlert/components/verify-email-form.tsx": {"path":"/Users/earlrodsoncarino/Documents/www/MedAlert/components/verify-email-form.tsx","statementMap":{"0":{"start":{"line":11,"column":37},"end":{"line":11,"column":39}},"1":{"start":{"line":13,"column":41},"end":{"line":13,"column":74}},"2":{"start":{"line":16,"column":42},"end":{"line":16,"column":53}},"3":{"start":{"line":17,"column":25},"end":{"line":17,"column":67}},"4":{"start":{"line":18,"column":26},"end":{"line":18,"column":44}},"5":{"start":{"line":19,"column":28},"end":{"line":19,"column":46}},"6":{"start":{"line":20,"column":42},"end":{"line":20,"column":84}},"7":{"start":{"line":23,"column":4},"end":{"line":23,"column":26}},"8":{"start":{"line":23,"column":19},"end":{"line":23,"column":26}},"9":{"start":{"line":25,"column":4},"end":{"line":48,"column":5}},"10":{"start":{"line":27,"column":28},"end":{"line":29,"column":8}},"11":{"start":{"line":33,"column":6},"end":{"line":36,"column":7}},"12":{"start":{"line":34,"column":8},"end":{"line":34,"column":69}},"13":{"start":{"line":35,"column":8},"end":{"line":35,"column":15}},"14":{"start":{"line":40,"column":6},"end":{"line":40,"column":60}},"15":{"start":{"line":43,"column":6},"end":{"line":46,"column":7}},"16":{"start":{"line":44,"column":8},"end":{"line":44,"column":30}},"17":{"start":{"line":45,"column":8},"end":{"line":45,"column":15}},"18":{"start":{"line":47,"column":6},"end":{"line":47,"column":50}},"19":{"start":{"line":52,"column":4},"end":{"line":52,"column":26}},"20":{"start":{"line":52,"column":19},"end":{"line":52,"column":26}},"21":{"start":{"line":54,"column":4},"end":{"line":64,"column":5}},"22":{"start":{"line":55,"column":6},"end":{"line":55,"column":79}},"23":{"start":{"line":56,"column":6},"end":{"line":56,"column":25}},"24":{"start":{"line":59,"column":6},"end":{"line":62,"column":7}},"25":{"start":{"line":60,"column":8},"end":{"line":60,"column":30}},"26":{"start":{"line":61,"column":8},"end":{"line":61,"column":15}},"27":{"start":{"line":63,"column":6},"end":{"line":63,"column":50}},"28":{"start":{"line":67,"column":2},"end":{"line":116,"column":4}},"29":{"start":{"line":120,"column":36},"end":{"line":120,"column":59}},"30":{"start":{"line":121,"column":22},"end":{"line":121,"column":79}},"31":{"start":{"line":123,"column":25},"end":{"line":142,"column":15}},"32":{"start":{"line":124,"column":4},"end":{"line":124,"column":26}},"33":{"start":{"line":126,"column":4},"end":{"line":128,"column":5}},"34":{"start":{"line":127,"column":6},"end":{"line":127,"column":41}},"35":{"start":{"line":130,"column":4},"end":{"line":141,"column":13}},"36":{"start":{"line":131,"column":6},"end":{"line":140,"column":9}},"37":{"start":{"line":132,"column":8},"end":{"line":138,"column":9}},"38":{"start":{"line":133,"column":10},"end":{"line":136,"column":11}},"39":{"start":{"line":134,"column":12},"end":{"line":134,"column":47}},"40":{"start":{"line":135,"column":12},"end":{"line":135,"column":39}},"41":{"start":{"line":137,"column":10},"end":{"line":137,"column":19}},"42":{"start":{"line":139,"column":8},"end":{"line":139,"column":24}},"43":{"start":{"line":144,"column":2},"end":{"line":152,"column":23}},"44":{"start":{"line":145,"column":4},"end":{"line":145,"column":21}},"45":{"start":{"line":147,"column":4},"end":{"line":151,"column":6}},"46":{"start":{"line":148,"column":6},"end":{"line":150,"column":7}},"47":{"start":{"line":149,"column":8},"end":{"line":149,"column":43}},"48":{"start":{"line":154,"column":2},"end":{"line":154,"column":57}}},"fnMap":{"0":{"name":"VerifyEmailForm","decl":{"start":{"line":15,"column":16},"end":{"line":15,"column":31}},"loc":{"start":{"line":15,"column":34},"end":{"line":117,"column":1}},"line":15},"1":{"name":"onSubmit","decl":{"start":{"line":22,"column":17},"end":{"line":22,"column":25}},"loc":{"start":{"line":22,"column":28},"end":{"line":49,"column":3}},"line":22},"2":{"name":"onResendCode","decl":{"start":{"line":51,"column":17},"end":{"line":51,"column":29}},"loc":{"start":{"line":51,"column":32},"end":{"line":65,"column":3}},"line":51},"3":{"name":"useCountdown","decl":{"start":{"line":119,"column":9},"end":{"line":119,"column":21}},"loc":{"start":{"line":119,"column":36},"end":{"line":155,"column":1}},"line":119},"4":{"name":"(anonymous_4)","decl":{"start":{"line":123,"column":43},"end":{"line":123,"column":44}},"loc":{"start":{"line":123,"column":49},"end":{"line":142,"column":3}},"line":123},"5":{"name":"(anonymous_5)","decl":{"start":{"line":130,"column":38},"end":{"line":130,"column":39}},"loc":{"start":{"line":130,"column":44},"end":{"line":141,"column":5}},"line":130},"6":{"name":"(anonymous_6)","decl":{"start":{"line":131,"column":19},"end":{"line":131,"column":20}},"loc":{"start":{"line":131,"column":29},"end":{"line":140,"column":7}},"line":131},"7":{"name":"(anonymous_7)","decl":{"start":{"line":144,"column":18},"end":{"line":144,"column":19}},"loc":{"start":{"line":144,"column":24},"end":{"line":152,"column":3}},"line":144},"8":{"name":"(anonymous_8)","decl":{"start":{"line":147,"column":11},"end":{"line":147,"column":12}},"loc":{"start":{"line":147,"column":17},"end":{"line":151,"column":5}},"line":147}},"branchMap":{"0":{"loc":{"start":{"line":17,"column":10},"end":{"line":17,"column":20}},"type":"default-arg","locations":[{"start":{"line":17,"column":18},"end":{"line":17,"column":20}}],"line":17},"1":{"loc":{"start":{"line":23,"column":4},"end":{"line":23,"column":26}},"type":"if","locations":[{"start":{"line":23,"column":4},"end":{"line":23,"column":26}},{"start":{},"end":{}}],"line":23},"2":{"loc":{"start":{"line":33,"column":6},"end":{"line":36,"column":7}},"type":"if","locations":[{"start":{"line":33,"column":6},"end":{"line":36,"column":7}},{"start":{},"end":{}}],"line":33},"3":{"loc":{"start":{"line":43,"column":6},"end":{"line":46,"column":7}},"type":"if","locations":[{"start":{"line":43,"column":6},"end":{"line":46,"column":7}},{"start":{},"end":{}}],"line":43},"4":{"loc":{"start":{"line":52,"column":4},"end":{"line":52,"column":26}},"type":"if","locations":[{"start":{"line":52,"column":4},"end":{"line":52,"column":26}},{"start":{},"end":{}}],"line":52},"5":{"loc":{"start":{"line":59,"column":6},"end":{"line":62,"column":7}},"type":"if","locations":[{"start":{"line":59,"column":6},"end":{"line":62,"column":7}},{"start":{},"end":{}}],"line":59},"6":{"loc":{"start":{"line":73,"column":49},"end":{"line":73,"column":70}},"type":"binary-expr","locations":[{"start":{"line":73,"column":49},"end":{"line":73,"column":54}},{"start":{"line":73,"column":58},"end":{"line":73,"column":70}}],"line":73},"7":{"loc":{"start":{"line":90,"column":15},"end":{"line":92,"column":15}},"type":"cond-expr","locations":[{"start":{"line":90,"column":24},"end":{"line":90,"column":28}},{"start":{"line":91,"column":16},"end":{"line":91,"column":85}}],"line":90},"8":{"loc":{"start":{"line":96,"column":19},"end":{"line":100,"column":26}},"type":"cond-expr","locations":[{"start":{"line":97,"column":20},"end":{"line":99,"column":27}},{"start":{"line":100,"column":22},"end":{"line":100,"column":26}}],"line":96},"9":{"loc":{"start":{"line":119,"column":22},"end":{"line":119,"column":34}},"type":"default-arg","locations":[{"start":{"line":119,"column":32},"end":{"line":119,"column":34}}],"line":119},"10":{"loc":{"start":{"line":126,"column":4},"end":{"line":128,"column":5}},"type":"if","locations":[{"start":{"line":126,"column":4},"end":{"line":128,"column":5}},{"start":{},"end":{}}],"line":126},"11":{"loc":{"start":{"line":132,"column":8},"end":{"line":138,"column":9}},"type":"if","locations":[{"start":{"line":132,"column":8},"end":{"line":138,"column":9}},{"start":{},"end":{}}],"line":132},"12":{"loc":{"start":{"line":133,"column":10},"end":{"line":136,"column":11}},"type":"if","locations":[{"start":{"line":133,"column":10},"end":{"line":136,"column":11}},{"start":{},"end":{}}],"line":133},"13":{"loc":{"start":{"line":148,"column":6},"end":{"line":150,"column":7}},"type":"if","locations":[{"start":{"line":148,"column":6},"end":{"line":150,"column":7}},{"start":{},"end":{}}],"line":148}},"s":{"0":0,"1":0,"2":0,"3":0,"4":0,"5":0,"6":0,"7":0,"8":0,"9":0,"10":0,"11":0,"12":0,"13":0,"14":0,"15":0,"16":0,"17":0,"18":0,"19":0,"20":0,"21":0,"22":0,"23":0,"24":0,"25":0,"26":0,"27":0,"28":0,"29":0,"30":0,"31":0,"32":0,"33":0,"34":0,"35":0,"36":0,"37":0,"38":0,"39":0,"40":0,"41":0,"42":0,"43":0,"44":0,"45":0,"46":0,"47":0,"48":0},"f":{"0":0,"1":0,"2":0,"3":0,"4":0,"5":0,"6":0,"7":0,"8":0},"b":{"0":[0],"1":[0,0],"2":[0,0],"3":[0,0],"4":[0,0],"5":[0,0],"6":[0,0],"7":[0,0],"8":[0,0],"9":[0],"10":[0,0],"11":[0,0],"12":[0,0],"13":[0,0]}}
,"/Users/earlrodsoncarino/Documents/www/MedAlert/components/view-medication-dialog.tsx": {"path":"/Users/earlrodsoncarino/Documents/www/MedAlert/components/view-medication-dialog.tsx","statementMap":{"0":{"start":{"line":16,"column":4},"end":{"line":16,"column":33}},"1":{"start":{"line":16,"column":21},"end":{"line":16,"column":33}},"2":{"start":{"line":18,"column":26},"end":{"line":33,"column":5}},"3":{"start":{"line":19,"column":20},"end":{"line":19,"column":30}},"4":{"start":{"line":20,"column":33},"end":{"line":20,"column":71}},"5":{"start":{"line":21,"column":24},"end":{"line":21,"column":34}},"6":{"start":{"line":22,"column":8},"end":{"line":22,"column":47}},"7":{"start":{"line":24,"column":28},"end":{"line":24,"column":77}},"8":{"start":{"line":26,"column":8},"end":{"line":32,"column":9}},"9":{"start":{"line":27,"column":12},"end":{"line":27,"column":73}},"10":{"start":{"line":28,"column":15},"end":{"line":32,"column":9}},"11":{"start":{"line":29,"column":12},"end":{"line":29,"column":78}},"12":{"start":{"line":31,"column":12},"end":{"line":31,"column":76}},"13":{"start":{"line":35,"column":23},"end":{"line":35,"column":38}},"14":{"start":{"line":36,"column":23},"end":{"line":36,"column":38}},"15":{"start":{"line":38,"column":4},"end":{"line":126,"column":6}},"16":{"start":{"line":120,"column":61},"end":{"line":120,"column":80}}},"fnMap":{"0":{"name":"ViewMedicationDialog","decl":{"start":{"line":15,"column":16},"end":{"line":15,"column":36}},"loc":{"start":{"line":15,"column":100},"end":{"line":127,"column":1}},"line":15},"1":{"name":"(anonymous_1)","decl":{"start":{"line":18,"column":26},"end":{"line":18,"column":27}},"loc":{"start":{"line":18,"column":32},"end":{"line":33,"column":5}},"line":18},"2":{"name":"(anonymous_2)","decl":{"start":{"line":120,"column":55},"end":{"line":120,"column":56}},"loc":{"start":{"line":120,"column":61},"end":{"line":120,"column":80}},"line":120}},"branchMap":{"0":{"loc":{"start":{"line":16,"column":4},"end":{"line":16,"column":33}},"type":"if","locations":[{"start":{"line":16,"column":4},"end":{"line":16,"column":33}},{"start":{},"end":{}}],"line":16},"1":{"loc":{"start":{"line":26,"column":8},"end":{"line":32,"column":9}},"type":"if","locations":[{"start":{"line":26,"column":8},"end":{"line":32,"column":9}},{"start":{"line":28,"column":15},"end":{"line":32,"column":9}}],"line":26},"2":{"loc":{"start":{"line":28,"column":15},"end":{"line":32,"column":9}},"type":"if","locations":[{"start":{"line":28,"column":15},"end":{"line":32,"column":9}},{"start":{"line":30,"column":15},"end":{"line":32,"column":9}}],"line":28},"3":{"loc":{"start":{"line":81,"column":25},"end":{"line":91,"column":25}},"type":"binary-expr","locations":[{"start":{"line":81,"column":25},"end":{"line":81,"column":45}},{"start":{"line":82,"column":28},"end":{"line":90,"column":35}}],"line":81},"4":{"loc":{"start":{"line":93,"column":25},"end":{"line":98,"column":25}},"type":"binary-expr","locations":[{"start":{"line":93,"column":25},"end":{"line":93,"column":48}},{"start":{"line":94,"column":28},"end":{"line":97,"column":35}}],"line":93},"5":{"loc":{"start":{"line":107,"column":29},"end":{"line":114,"column":29}},"type":"binary-expr","locations":[{"start":{"line":107,"column":29},"end":{"line":107,"column":47}},{"start":{"line":108,"column":32},"end":{"line":113,"column":39}}],"line":107}},"s":{"0":0,"1":0,"2":0,"3":0,"4":0,"5":0,"6":0,"7":0,"8":0,"9":0,"10":0,"11":0,"12":0,"13":0,"14":0,"15":0,"16":0},"f":{"0":0,"1":0,"2":0},"b":{"0":[0,0],"1":[0,0],"2":[0,0],"3":[0,0],"4":[0,0],"5":[0,0]}}
,"/Users/earlrodsoncarino/Documents/www/MedAlert/components/welcome-section.tsx": {"path":"/Users/earlrodsoncarino/Documents/www/MedAlert/components/welcome-section.tsx","statementMap":{"0":{"start":{"line":7,"column":21},"end":{"line":7,"column":30}},"1":{"start":{"line":8,"column":24},"end":{"line":8,"column":97}},"2":{"start":{"line":10,"column":4},"end":{"line":22,"column":6}}},"fnMap":{"0":{"name":"WelcomeSection","decl":{"start":{"line":6,"column":16},"end":{"line":6,"column":30}},"loc":{"start":{"line":6,"column":33},"end":{"line":23,"column":1}},"line":6}},"branchMap":{"0":{"loc":{"start":{"line":14,"column":17},"end":{"line":14,"column":42}},"type":"binary-expr","locations":[{"start":{"line":14,"column":17},"end":{"line":14,"column":32}},{"start":{"line":14,"column":36},"end":{"line":14,"column":42}}],"line":14}},"s":{"0":0,"1":0,"2":0},"f":{"0":0},"b":{"0":[0,0]}}
,"/Users/earlrodsoncarino/Documents/www/MedAlert/components/ui/accordion.tsx": {"path":"/Users/earlrodsoncarino/Documents/www/MedAlert/components/ui/accordion.tsx","statementMap":{"0":{"start":{"line":21,"column":2},"end":{"line":29,"column":4}},"1":{"start":{"line":38,"column":2},"end":{"line":54,"column":4}},"2":{"start":{"line":57,"column":16},"end":{"line":57,"column":56}},"3":{"start":{"line":66,"column":25},"end":{"line":66,"column":60}},"4":{"start":{"line":68,"column":19},"end":{"line":71,"column":3}},"5":{"start":{"line":69,"column":11},"end":{"line":69,"column":91}},"6":{"start":{"line":72,"column":23},"end":{"line":77,"column":3}},"7":{"start":{"line":73,"column":11},"end":{"line":75,"column":5}},"8":{"start":{"line":79,"column":2},"end":{"line":112,"column":4}},"9":{"start":{"line":120,"column":25},"end":{"line":120,"column":60}},"10":{"start":{"line":121,"column":2},"end":{"line":138,"column":4}}},"fnMap":{"0":{"name":"Accordion","decl":{"start":{"line":16,"column":9},"end":{"line":16,"column":18}},"loc":{"start":{"line":20,"column":51},"end":{"line":30,"column":1}},"line":20},"1":{"name":"AccordionItem","decl":{"start":{"line":32,"column":9},"end":{"line":32,"column":22}},"loc":{"start":{"line":37,"column":83},"end":{"line":55,"column":1}},"line":37},"2":{"name":"AccordionTrigger","decl":{"start":{"line":59,"column":9},"end":{"line":59,"column":25}},"loc":{"start":{"line":65,"column":56},"end":{"line":113,"column":1}},"line":65},"3":{"name":"(anonymous_3)","decl":{"start":{"line":69,"column":4},"end":{"line":69,"column":5}},"loc":{"start":{"line":69,"column":11},"end":{"line":69,"column":91}},"line":69},"4":{"name":"(anonymous_4)","decl":{"start":{"line":73,"column":4},"end":{"line":73,"column":5}},"loc":{"start":{"line":73,"column":11},"end":{"line":75,"column":5}},"line":73},"5":{"name":"AccordionContent","decl":{"start":{"line":115,"column":9},"end":{"line":115,"column":25}},"loc":{"start":{"line":119,"column":89},"end":{"line":139,"column":1}},"line":119}},"branchMap":{"0":{"loc":{"start":{"line":57,"column":16},"end":{"line":57,"column":56}},"type":"cond-expr","locations":[{"start":{"line":57,"column":40},"end":{"line":57,"column":44}},{"start":{"line":57,"column":47},"end":{"line":57,"column":56}}],"line":57},"1":{"loc":{"start":{"line":69,"column":11},"end":{"line":69,"column":91}},"type":"cond-expr","locations":[{"start":{"line":69,"column":24},"end":{"line":69,"column":56}},{"start":{"line":69,"column":59},"end":{"line":69,"column":91}}],"line":69},"2":{"loc":{"start":{"line":127,"column":17},"end":{"line":127,"column":79}},"type":"cond-expr","locations":[{"start":{"line":127,"column":30},"end":{"line":127,"column":54}},{"start":{"line":127,"column":57},"end":{"line":127,"column":79}}],"line":127}},"s":{"0":0,"1":0,"2":0,"3":0,"4":0,"5":0,"6":0,"7":0,"8":0,"9":0,"10":0},"f":{"0":0,"1":0,"2":0,"3":0,"4":0,"5":0},"b":{"0":[0,0],"1":[0,0],"2":[0,0]}}
[...]
e":375,"column":6},"end":{"line":375,"column":27}},"91":{"start":{"line":377,"column":6},"end":{"line":380,"column":8}},"92":{"start":{"line":382,"column":6},"end":{"line":382,"column":31}},"93":{"start":{"line":384,"column":6},"end":{"line":391,"column":8}},"94":{"start":{"line":396,"column":4},"end":{"line":418,"column":5}},"95":{"start":{"line":397,"column":6},"end":{"line":405,"column":7}},"96":{"start":{"line":398,"column":8},"end":{"line":404,"column":10}},"97":{"start":{"line":407,"column":6},"end":{"line":407,"column":75}},"98":{"start":{"line":408,"column":6},"end":{"line":408,"column":31}},"99":{"start":{"line":410,"column":6},"end":{"line":417,"column":8}},"100":{"start":{"line":422,"column":4},"end":{"line":453,"column":5}},"101":{"start":{"line":423,"column":6},"end":{"line":431,"column":7}},"102":{"start":{"line":424,"column":8},"end":{"line":430,"column":10}},"103":{"start":{"line":433,"column":25},"end":{"line":433,"column":57}},"104":{"start":{"line":435,"column":21},"end":{"line":441,"column":7}},"105":{"start":{"line":443,"column":6},"end":{"line":443,"column":45}},"106":{"start":{"line":445,"column":6},"end":{"line":452,"column":8}},"107":{"start":{"line":457,"column":4},"end":{"line":457,"column":49}},"108":{"start":{"line":461,"column":4},"end":{"line":486,"column":5}},"109":{"start":{"line":462,"column":6},"end":{"line":470,"column":7}},"110":{"start":{"line":463,"column":8},"end":{"line":469,"column":10}},"111":{"start":{"line":472,"column":21},"end":{"line":475,"column":7}},"112":{"start":{"line":476,"column":6},"end":{"line":476,"column":53}},"113":{"start":{"line":478,"column":6},"end":{"line":485,"column":8}},"114":{"start":{"line":490,"column":4},"end":{"line":515,"column":5}},"115":{"start":{"line":491,"column":6},"end":{"line":499,"column":7}},"116":{"start":{"line":492,"column":8},"end":{"line":498,"column":10}},"117":{"start":{"line":501,"column":21},"end":{"line":504,"column":7}},"118":{"start":{"line":505,"column":6},"end":{"line":505,"column":45}},"119":{"start":{"line":507,"column":6},"end":{"line":514,"column":8}},"120":{"start":{"line":519,"column":4},"end":{"line":563,"column":5}},"121":{"start":{"line":520,"column":6},"end":{"line":528,"column":7}},"122":{"start":{"line":521,"column":8},"end":{"line":527,"column":10}},"123":{"start":{"line":530,"column":18},"end":{"line":530,"column":42}},"124":{"start":{"line":531,"column":22},"end":{"line":531,"column":40}},"125":{"start":{"line":534,"column":29},"end":{"line":534,"column":79}},"126":{"start":{"line":536,"column":6},"end":{"line":551,"column":7}},"127":{"start":{"line":538,"column":8},"end":{"line":543,"column":10}},"128":{"start":{"line":546,"column":8},"end":{"line":550,"column":10}},"129":{"start":{"line":553,"column":6},"end":{"line":553,"column":31}},"130":{"start":{"line":555,"column":6},"end":{"line":562,"column":8}},"131":{"start":{"line":567,"column":4},"end":{"line":596,"column":5}},"132":{"start":{"line":568,"column":32},"end":{"line":568,"column":69}},"133":{"start":{"line":569,"column":6},"end":{"line":571,"column":7}},"134":{"start":{"line":570,"column":8},"end":{"line":570,"column":33}},"135":{"start":{"line":573,"column":25},"end":{"line":573,"column":57}},"136":{"start":{"line":574,"column":29},"end":{"line":574,"column":83}},"137":{"start":{"line":575,"column":6},"end":{"line":577,"column":7}},"138":{"start":{"line":576,"column":8},"end":{"line":576,"column":30}},"139":{"start":{"line":579,"column":24},"end":{"line":579,"column":97}},"140":{"start":{"line":579,"column":66},"end":{"line":579,"column":95}},"141":{"start":{"line":581,"column":36},"end":{"line":584,"column":9}},"142":{"start":{"line":581,"column":78},"end":{"line":584,"column":7}},"143":{"start":{"line":586,"column":6},"end":{"line":586,"column":60}},"144":{"start":{"line":588,"column":6},"end":{"line":595,"column":8}},"145":{"start":{"line":600,"column":4},"end":{"line":622,"column":5}},"146":{"start":{"line":601,"column":6},"end":{"line":609,"column":7}},"147":{"start":{"line":602,"column":8},"end":{"line":608,"column":10}},"148":{"start":{"line":611,"column":6},"end":{"line":611,"column":32}},"149":{"start":{"line":612,"column":6},"end":{"line":612,"column":31}},"150":{"start":{"line":614,"column":6},"end":{"line":621,"column":8}}},"fnMap":{"0":{"name":"(anonymous_0)","decl":{"start":{"line":37,"column":2},"end":{"line":37,"column":3}},"loc":{"start":{"line":37,"column":46},"end":{"line":43,"column":3}},"line":37},"1":{"name":"(anonymous_1)","decl":{"start":{"line":45,"column":2},"end":{"line":45,"column":3}},"loc":{"start":{"line":45,"column":53},"end":{"line":54,"column":3}},"line":45},"2":{"name":"(anonymous_2)","decl":{"start":{"line":56,"column":2},"end":{"line":56,"column":3}},"loc":{"start":{"line":56,"column":59},"end":{"line":58,"column":3}},"line":56},"3":{"name":"(anonymous_3)","decl":{"start":{"line":60,"column":2},"end":{"line":60,"column":3}},"loc":{"start":{"line":60,"column":47},"end":{"line":68,"column":3}},"line":60},"4":{"name":"(anonymous_4)","decl":{"start":{"line":70,"column":2},"end":{"line":70,"column":3}},"loc":{"start":{"line":70,"column":53},"end":{"line":92,"column":3}},"line":70},"5":{"name":"(anonymous_5)","decl":{"start":{"line":80,"column":38},"end":{"line":80,"column":39}},"loc":{"start":{"line":80,"column":52},"end":{"line":80,"column":60}},"line":80},"6":{"name":"(anonymous_6)","decl":{"start":{"line":86,"column":35},"end":{"line":86,"column":36}},"loc":{"start":{"line":86,"column":42},"end":{"line":86,"column":67}},"line":86},"7":{"name":"(anonymous_7)","decl":{"start":{"line":94,"column":2},"end":{"line":94,"column":3}},"loc":{"start":{"line":94,"column":46},"end":{"line":126,"column":3}},"line":94},"8":{"name":"(anonymous_8)","decl":{"start":{"line":128,"column":2},"end":{"line":128,"column":3}},"loc":{"start":{"line":128,"column":46},"end":{"line":168,"column":3}},"line":128},"9":{"name":"(anonymous_9)","decl":{"start":{"line":170,"column":2},"end":{"line":170,"column":3}},"loc":{"start":{"line":170,"column":46},"end":{"line":220,"column":3}},"line":170},"10":{"name":"(anonymous_10)","decl":{"start":{"line":222,"column":2},"end":{"line":222,"column":3}},"loc":{"start":{"line":222,"column":47},"end":{"line":239,"column":3}},"line":222},"11":{"name":"(anonymous_11)","decl":{"start":{"line":241,"column":2},"end":{"line":241,"column":3}},"loc":{"start":{"line":241,"column":73},"end":{"line":267,"column":3}},"line":241},"12":{"name":"(anonymous_12)","decl":{"start":{"line":269,"column":2},"end":{"line":269,"column":3}},"loc":{"start":{"line":269,"column":88},"end":{"line":296,"column":3}},"line":269},"13":{"name":"(anonymous_13)","decl":{"start":{"line":298,"column":2},"end":{"line":298,"column":3}},"loc":{"start":{"line":298,"column":82},"end":{"line":339,"column":3}},"line":298},"14":{"name":"(anonymous_14)","decl":{"start":{"line":341,"column":2},"end":{"line":341,"column":3}},"loc":{"start":{"line":341,"column":95},"end":{"line":393,"column":3}},"line":341},"15":{"name":"(anonymous_15)","decl":{"start":{"line":357,"column":38},"end":{"line":357,"column":39}},"loc":{"start":{"line":357,"column":56},"end":{"line":362,"column":7}},"line":357},"16":{"name":"(anonymous_16)","decl":{"start":{"line":395,"column":2},"end":{"line":395,"column":3}},"loc":{"start":{"line":395,"column":68},"end":{"line":419,"column":3}},"line":395},"17":{"name":"(anonymous_17)","decl":{"start":{"line":421,"column":2},"end":{"line":421,"column":3}},"loc":{"start":{"line":421,"column":86},"end":{"line":454,"column":3}},"line":421},"18":{"name":"(anonymous_18)","decl":{"start":{"line":456,"column":2},"end":{"line":456,"column":3}},"loc":{"start":{"line":456,"column":75},"end":{"line":458,"column":3}},"line":456},"19":{"name":"(anonymous_19)","decl":{"start":{"line":460,"column":2},"end":{"line":460,"column":3}},"loc":{"start":{"line":460,"column":114},"end":{"line":487,"column":3}},"line":460},"20":{"name":"(anonymous_20)","decl":{"start":{"line":489,"column":2},"end":{"line":489,"column":3}},"loc":{"start":{"line":489,"column":99},"end":{"line":516,"column":3}},"line":489},"21":{"name":"(anonymous_21)","decl":{"start":{"line":518,"column":2},"end":{"line":518,"column":3}},"loc":{"start":{"line":518,"column":114},"end":{"line":564,"column":3}},"line":518},"22":{"name":"(anonymous_22)","decl":{"start":{"line":566,"column":2},"end":{"line":566,"column":3}},"loc":{"start":{"line":566,"column":101},"end":{"line":597,"column":3}},"line":566},"23":{"name":"(anonymous_23)","decl":{"start":{"line":579,"column":56},"end":{"line":579,"column":57}},"loc":{"start":{"line":579,"column":66},"end":{"line":579,"column":95}},"line":579},"24":{"name":"(anonymous_24)","decl":{"start":{"line":581,"column":63},"end":{"line":581,"column":64}},"loc":{"start":{"line":581,"column":78},"end":{"line":584,"column":7}},"line":581},"25":{"name":"(anonymous_25)","decl":{"start":{"line":599,"column":2},"end":{"line":599,"column":3}},"loc":{"start":{"line":599,"column":50},"end":{"line":623,"column":3}},"line":599}},"branchMap":{"0":{"loc":{"start":{"line":50,"column":13},"end":{"line":50,"column":38}},"type":"binary-expr","locations":[{"start":{"line":50,"column":13},"end":{"line":50,"column":33}},{"start":{"line":50,"column":37},"end":{"line":50,"column":38}}],"line":50},"1":{"loc":{"start":{"line":76,"column":6},"end":{"line":78,"column":7}},"type":"if","locations":[{"start":{"line":76,"column":6},"end":{"line":78,"column":7}},{"start":{},"end":{}}],"line":76},"2":{"loc":{"start":{"line":88,"column":50},"end":{"line":88,"column":107}},"type":"cond-expr","locations":[{"start":{"line":88,"column":75},"end":{"line":88,"column":80}},{"start":{"line":88,"column":83},"end":{"line":88,"column":107}}],"line":88},"3":{"loc":{"start":{"line":135,"column":6},"end":{"line":137,"column":7}},"type":"if","locations":[{"start":{"line":135,"column":6},"end":{"line":137,"column":7}},{"start":{},"end":{}}],"line":135},"4":{"loc":{"start":{"line":135,"column":10},"end":{"line":135,"column":50}},"type":"binary-expr","locations":[{"start":{"line":135,"column":10},"end":{"line":135,"column":23}},{"start":{"line":135,"column":27},"end":{"line":135,"column":50}}],"line":135},"5":{"loc":{"start":{"line":152,"column":12},"end":{"line":152,"column":41}},"type":"binary-expr","locations":[{"start":{"line":152,"column":12},"end":{"line":152,"column":32}},{"start":{"line":152,"column":36},"end":{"line":152,"column":41}}],"line":152},"6":{"loc":{"start":{"line":161,"column":68},"end":{"line":161,"column":106}},"type":"cond-expr","locations":[{"start":{"line":161,"column":78},"end":{"line":161,"column":91}},{"start":{"line":161,"column":94},"end":{"line":161,"column":106}}],"line":161},"7":{"loc":{"start":{"line":164,"column":45},"end":{"line":164,"column":102}},"type":"cond-expr","locations":[{"start":{"line":164,"column":70},"end":{"line":164,"column":75}},{"start":{"line":164,"column":78},"end":{"line":164,"column":102}}],"line":164},"8":{"loc":{"start":{"line":172,"column":6},"end":{"line":180,"column":7}},"type":"if","locations":[{"start":{"line":172,"column":6},"end":{"line":180,"column":7}},{"start":{},"end":{}}],"line":172},"9":{"loc":{"start":{"line":182,"column":6},"end":{"line":190,"column":7}},"type":"if","locations":[{"start":{"line":182,"column":6},"end":{"line":190,"column":7}},{"start":{},"end":{}}],"line":182},"10":{"loc":{"start":{"line":198,"column":6},"end":{"line":203,"column":7}},"type":"if","locations":[{"start":{"line":198,"column":6},"end":{"line":203,"column":7}},{"start":{},"end":{}}],"line":198},"11":{"loc":{"start":{"line":198,"column":10},"end":{"line":198,"column":85}},"type":"binary-expr","locations":[{"start":{"line":198,"column":11},"end":{"line":198,"column":31}},{"start":{"line":198,"column":35},"end":{"line":198,"column":68}},{"start":{"line":198,"column":73},"end":{"line":198,"column":85}}],"line":198},"12":{"loc":{"start":{"line":224,"column":6},"end":{"line":227,"column":7}},"type":"if","locations":[{"start":{"line":224,"column":6},"end":{"line":227,"column":7}},{"start":{},"end":{}}],"line":224},"13":{"loc":{"start":{"line":243,"column":6},"end":{"line":251,"column":7}},"type":"if","locations":[{"start":{"line":243,"column":6},"end":{"line":251,"column":7}},{"start":{},"end":{}}],"line":243},"14":{"loc":{"start":{"line":271,"column":6},"end":{"line":279,"column":7}},"type":"if","locations":[{"start":{"line":271,"column":6},"end":{"line":279,"column":7}},{"start":{},"end":{}}],"line":271},"15":{"loc":{"start":{"line":285,"column":36},"end":{"line":285,"column":50}},"type":"binary-expr","locations":[{"start":{"line":285,"column":36},"end":{"line":285,"column":42}},{"start":{"line":285,"column":46},"end":{"line":285,"column":50}}],"line":285},"16":{"loc":{"start":{"line":300,"column":6},"end":{"line":308,"column":7}},"type":"if","locations":[{"start":{"line":300,"column":6},"end":{"line":308,"column":7}},{"start":{},"end":{}}],"line":300},"17":{"loc":{"start":{"line":320,"column":10},"end":{"line":320,"column":41}},"type":"binary-expr","locations":[{"start":{"line":320,"column":10},"end":{"line":320,"column":33}},{"start":{"line":320,"column":37},"end":{"line":320,"column":41}}],"line":320},"18":{"loc":{"start":{"line":322,"column":10},"end":{"line":322,"column":36}},"type":"binary-expr","locations":[{"start":{"line":322,"column":10},"end":{"line":322,"column":28}},{"start":{"line":322,"column":32},"end":{"line":322,"column":36}}],"line":322},"19":{"loc":{"start":{"line":343,"column":6},"end":{"line":351,"column":7}},"type":"if","locations":[{"start":{"line":343,"column":6},"end":{"line":351,"column":7}},{"start":{},"end":{}}],"line":343},"20":{"loc":{"start":{"line":358,"column":8},"end":{"line":361,"column":9}},"type":"if","locations":[{"start":{"line":358,"column":8},"end":{"line":361,"column":9}},{"start":{},"end":{}}],"line":358},"21":{"loc":{"start":{"line":358,"column":12},"end":{"line":358,"column":70}},"type":"binary-expr","locations":[{"start":{"line":358,"column":12},"end":{"line":358,"column":24}},{"start":{"line":358,"column":28},"end":{"line":358,"column":47}},{"start":{"line":358,"column":51},"end":{"line":358,"column":70}}],"line":358},"22":{"loc":{"start":{"line":364,"column":6},"end":{"line":372,"column":7}},"type":"if","locations":[{"start":{"line":364,"column":6},"end":{"line":372,"column":7}},{"start":{},"end":{}}],"line":364},"23":{"loc":{"start":{"line":397,"column":6},"end":{"line":405,"column":7}},"type":"if","locations":[{"start":{"line":397,"column":6},"end":{"line":405,"column":7}},{"start":{},"end":{}}],"line":397},"24":{"loc":{"start":{"line":423,"column":6},"end":{"line":431,"column":7}},"type":"if","locations":[{"start":{"line":423,"column":6},"end":{"line":431,"column":7}},{"start":{},"end":{}}],"line":423},"25":{"loc":{"start":{"line":462,"column":6},"end":{"line":470,"column":7}},"type":"if","locations":[{"start":{"line":462,"column":6},"end":{"line":470,"column":7}},{"start":{},"end":{}}],"line":462},"26":{"loc":{"start":{"line":476,"column":36},"end":{"line":476,"column":50}},"type":"binary-expr","locations":[{"start":{"line":476,"column":36},"end":{"line":476,"column":42}},{"start":{"line":476,"column":46},"end":{"line":476,"column":50}}],"line":476},"27":{"loc":{"start":{"line":491,"column":6},"end":{"line":499,"column":7}},"type":"if","locations":[{"start":{"line":491,"column":6},"end":{"line":499,"column":7}},{"start":{},"end":{}}],"line":491},"28":{"loc":{"start":{"line":520,"column":6},"end":{"line":528,"column":7}},"type":"if","locations":[{"start":{"line":520,"column":6},"end":{"line":528,"column":7}},{"start":{},"end":{}}],"line":520},"29":{"loc":{"start":{"line":531,"column":22},"end":{"line":531,"column":40}},"type":"cond-expr","locations":[{"start":{"line":531,"column":30},"end":{"line":531,"column":33}},{"start":{"line":531,"column":36},"end":{"line":531,"column":40}}],"line":531},"30":{"loc":{"start":{"line":536,"column":6},"end":{"line":551,"column":7}},"type":"if","locations":[{"start":{"line":536,"column":6},"end":{"line":551,"column":7}},{"start":{"line":544,"column":13},"end":{"line":551,"column":7}}],"line":536},"31":{"loc":{"start":{"line":536,"column":10},"end":{"line":536,"column":55}},"type":"binary-expr","locations":[{"start":{"line":536,"column":10},"end":{"line":536,"column":32}},{"start":{"line":536,"column":36},"end":{"line":536,"column":55}}],"line":536},"32":{"loc":{"start":{"line":542,"column":11},"end":{"line":542,"column":24}},"type":"cond-expr","locations":[{"start":{"line":542,"column":19},"end":{"line":542,"column":20}},{"start":{"line":542,"column":23},"end":{"line":542,"column":24}}],"line":542},"33":{"loc":{"start":{"line":549,"column":31},"end":{"line":549,"column":44}},"type":"cond-expr","locations":[{"start":{"line":549,"column":39},"end":{"line":549,"column":40}},{"start":{"line":549,"column":43},"end":{"line":549,"column":44}}],"line":549},"34":{"loc":{"start":{"line":569,"column":6},"end":{"line":571,"column":7}},"type":"if","locations":[{"start":{"line":569,"column":6},"end":{"line":571,"column":7}},{"start":{},"end":{}}],"line":569},"35":{"loc":{"start":{"line":569,"column":10},"end":{"line":569,"column":63}},"type":"binary-expr","locations":[{"start":{"line":569,"column":10},"end":{"line":569,"column":36}},{"start":{"line":569,"column":40},"end":{"line":569,"column":63}}],"line":569},"36":{"loc":{"start":{"line":575,"column":6},"end":{"line":577,"column":7}},"type":"if","locations":[{"start":{"line":575,"column":6},"end":{"line":577,"column":7}},{"start":{},"end":{}}],"line":575},"37":{"loc":{"start":{"line":575,"column":10},"end":{"line":575,"column":57}},"type":"binary-expr","locations":[{"start":{"line":575,"column":10},"end":{"line":575,"column":33}},{"start":{"line":575,"column":37},"end":{"line":575,"column":57}}],"line":575},"38":{"loc":{"start":{"line":583,"column":16},"end":{"line":583,"column":52}},"type":"binary-expr","locations":[{"start":{"line":583,"column":16},"end":{"line":583,"column":44}},{"start":{"line":583,"column":48},"end":{"line":583,"column":52}}],"line":583},"39":{"loc":{"start":{"line":601,"column":6},"end":{"line":609,"column":7}},"type":"if","locations":[{"start":{"line":601,"column":6},"end":{"line":609,"column":7}},{"start":{},"end":{}}],"line":601}},"s":{"0":0,"1":0,"2":0,"3":0,"4":0,"5":0,"6":0,"7":0,"8":0,"9":0,"10":0,"11":0,"12":0,"13":0,"14":0,"15":0,"16":0,"17":0,"18":0,"19":0,"20":0,"21":0,"22":0,"23":0,"24":0,"25":0,"26":0,"27":0,"28":0,"29":0,"30":0,"31":0,"32":0,"33":0,"34":0,"35":0,"36":0,"37":0,"38":0,"39":0,"40":0,"41":0,"42":0,"43":0,"44":0,"45":0,"46":0,"47":0,"48":0,"49":0,"50":0,"51":0,"52":0,"53":0,"54":0,"55":0,"56":0,"57":0,"58":0,"59":0,"60":0,"61":0,"62":0,"63":0,"64":0,"65":0,"66":0,"67":0,"68":0,"69":0,"70":0,"71":0,"72":0,"73":0,"74":0,"75":0,"76":0,"77":0,"78":0,"79":0,"80":0,"81":0,"82":0,"83":0,"84":0,"85":0,"86":0,"87":0,"88":0,"89":0,"90":0,"91":0,"92":0,"93":0,"94":0,"95":0,"96":0,"97":0,"98":0,"99":0,"100":0,"101":0,"102":0,"103":0,"104":0,"105":0,"106":0,"107":0,"108":0,"109":0,"110":0,"111":0,"112":0,"113":0,"114":0,"115":0,"116":0,"117":0,"118":0,"119":0,"120":0,"121":0,"122":0,"123":0,"124":0,"125":0,"126":0,"127":0,"128":0,"129":0,"130":0,"131":0,"132":0,"133":0,"134":0,"135":0,"136":0,"137":0,"138":0,"139":0,"140":0,"141":0,"142":0,"143":0,"144":0,"145":0,"146":0,"147":0,"148":0,"149":0,"150":0},"f":{"0":0,"1":0,"2":0,"3":0,"4":0,"5":0,"6":0,"7":0,"8":0,"9":0,"10":0,"11":0,"12":0,"13":0,"14":0,"15":0,"16":0,"17":0,"18":0,"19":0,"20":0,"21":0,"22":0,"23":0,"24":0,"25":0},"b":{"0":[0,0],"1":[0,0],"2":[0,0],"3":[0,0],"4":[0,0],"5":[0,0],"6":[0,0],"7":[0,0],"8":[0,0],"9":[0,0],"10":[0,0],"11":[0,0,0],"12":[0,0],"13":[0,0],"14":[0,0],"15":[0,0],"16":[0,0],"17":[0,0],"18":[0,0],"19":[0,0],"20":[0,0],"21":[0,0,0],"22":[0,0],"23":[0,0],"24":[0,0],"25":[0,0],"26":[0,0],"27":[0,0],"28":[0,0],"29":[0,0],"30":[0,0],"31":[0,0],"32":[0,0],"33":[0,0],"34":[0,0],"35":[0,0],"36":[0,0],"37":[0,0],"38":[0,0],"39":[0,0]}}
}
