TN:
SF:expo-env.d.ts
FNF:0
FNH:0
LF:0
LH:0
BRF:0
BRH:0
end_of_record
TN:
SF:jest.config.js
FNF:0
FNH:0
DA:1,0
LF:1
LH:0
BRF:0
BRH:0
end_of_record
TN:
SF:mock-expo-sqlite.js
FN:6,(anonymous_0)
FNF:1
FNH:0
FNDA:0,(anonymous_0)
DA:5,0
DA:7,0
DA:11,0
LF:3
LH:0
BRF:0
BRH:0
end_of_record
TN:
SF:mock-wa-sqlite-wasm.js
FNF:0
FNH:0
LF:0
LH:0
BRF:0
BRH:0
end_of_record
TN:
SF:nativewind-env.d.ts
FNF:0
FNH:0
LF:0
LH:0
BRF:0
BRH:0
end_of_record
TN:
SF:tailwind.config.js
FNF:0
FNH:0
DA:1,0
DA:4,0
LF:2
LH:0
BRF:0
BRH:0
end_of_record
TN:
SF:.expo/types/router.d.ts
FNF:0
FNH:0
LF:0
LH:0
BRF:0
BRH:0
end_of_record
TN:
SF:app/+html.tsx
FN:8,Root
FNF:1
FNH:0
FNDA:0,Root
DA:9,0
LF:1
LH:0
BRF:0
BRH:0
end_of_record
TN:
SF:app/+not-found.tsx
FN:5,NotFoundScreen
FNF:1
FNH:0
FNDA:0,NotFoundScreen
DA:6,0
LF:1
LH:0
BRF:0
BRH:0
end_of_record
TN:
SF:app/_layout.tsx
FN:23,RootLayout
FN:27,(anonymous_1)
FN:28,(anonymous_2)
FN:59,Routes
FN:62,(anonymous_4)
FN:104,(anonymous_5)
FNF:6
FNH:0
FNDA:0,RootLayout
FNDA:0,(anonymous_1)
FNDA:0,(anonymous_2)
FNDA:0,Routes
FNDA:0,(anonymous_4)
FNDA:0,(anonymous_5)
DA:24,0
DA:27,0
DA:28,0
DA:29,0
DA:30,0
DA:31,0
DA:32,0
DA:34,0
DA:37,0
DA:43,0
DA:46,0
DA:57,0
DA:60,0
DA:62,0
DA:63,0
DA:64,0
DA:68,0
DA:69,0
DA:74,0
DA:81,0
DA:100,0
DA:104,0
DA:107,0
DA:114,0
LF:24
LH:0
BRDA:31,0,0,0
BRDA:31,0,1,0
BRDA:34,1,0,0
BRDA:34,1,1,0
BRDA:37,2,0,0
BRDA:37,2,1,0
BRDA:48,3,0,0
BRDA:48,3,1,0
BRDA:49,4,0,0
BRDA:49,4,1,0
BRDA:63,5,0,0
BRDA:63,5,1,0
BRDA:68,6,0,0
BRDA:68,6,1,0
BRF:14
BRH:0
end_of_record
TN:
SF:app/(auth)/forgot-password.tsx
FN:5,ForgotPasswordScreen
FNF:1
FNH:0
FNDA:0,ForgotPasswordScreen
DA:6,0
LF:1
LH:0
BRF:0
BRH:0
end_of_record
TN:
SF:app/(auth)/reset-password.tsx
FN:5,ResetPasswordScreen
FNF:1
FNH:0
FNDA:0,ResetPasswordScreen
DA:6,0
LF:1
LH:0
BRF:0
BRH:0
end_of_record
TN:
SF:app/(auth)/sign-in.tsx
FN:7,SignInScreen
FN:15,(anonymous_1)
FN:23,(anonymous_2)
FNF:3
FNH:0
FNDA:0,SignInScreen
FNDA:0,(anonymous_1)
FNDA:0,(anonymous_2)
DA:8,0
DA:10,0
DA:15,0
DA:23,0
LF:4
LH:0
BRF:0
BRH:0
end_of_record
TN:
SF:app/(auth)/sign-up/_layout.tsx
FN:6,SignUpLayout
FNF:1
FNH:0
FNDA:0,SignUpLayout
DA:3,0
DA:7,0
LF:2
LH:0
BRF:0
BRH:0
end_of_record
TN:
SF:app/(auth)/sign-up/index.tsx
FN:5,SignUpScreen
FNF:1
FNH:0
FNDA:0,SignUpScreen
DA:6,0
LF:1
LH:0
BRF:0
BRH:0
end_of_record
TN:
SF:app/(auth)/sign-up/verify-email.tsx
FN:4,VerifyEmailScreen
FNF:1
FNH:0
FNDA:0,VerifyEmailScreen
DA:5,0
LF:1
LH:0
BRF:0
BRH:0
end_of_record
TN:
SF:app/(main)/_layout.tsx
FN:5,TabLayout
FN:10,(anonymous_1)
FNF:2
FNH:0
FNDA:0,TabLayout
FNDA:0,(anonymous_1)
DA:6,0
DA:10,0
LF:2
LH:0
BRF:0
BRH:0
end_of_record
TN:
SF:app/(main)/daily-schedule.tsx
FN:9,DailySchedule
FN:19,(anonymous_1)
FN:43,(anonymous_2)
FN:71,(anonymous_3)
FN:98,(anonymous_4)
FN:108,(anonymous_5)
FN:137,(anonymous_6)
FN:213,(anonymous_7)
FNF:8
FNH:0
FNDA:0,DailySchedule
FNDA:0,(anonymous_1)
FNDA:0,(anonymous_2)
FNDA:0,(anonymous_3)
FNDA:0,(anonymous_4)
FNDA:0,(anonymous_5)
FNDA:0,(anonymous_6)
FNDA:0,(anonymous_7)
DA:10,0
DA:11,0
DA:12,0
DA:13,0
DA:15,0
DA:16,0
DA:19,0
DA:20,0
DA:22,0
DA:24,0
DA:25,0
DA:26,0
DA:27,0
DA:30,0
DA:31,0
DA:35,0
DA:36,0
DA:40,0
DA:43,0
DA:44,0
DA:45,0
DA:48,0
DA:49,0
DA:50,0
DA:51,0
DA:52,0
DA:55,0
DA:57,0
DA:59,0
DA:60,0
DA:62,0
DA:63,0
DA:66,0
DA:67,0
DA:71,0
DA:72,0
DA:73,0
DA:76,0
DA:77,0
DA:78,0
DA:79,0
DA:80,0
DA:83,0
DA:84,0
DA:85,0
DA:87,0
DA:88,0
DA:91,0
DA:92,0
DA:94,0
DA:98,0
DA:99,0
DA:102,0
DA:108,0
DA:138,0
DA:139,0
DA:141,0
DA:213,0
LF:58
LH:0
BRDA:15,0,0,0
BRDA:15,0,1,0
BRDA:20,1,0,0
BRDA:20,1,1,0
BRDA:22,2,0,0
BRDA:22,2,1,0
BRDA:30,3,0,0
BRDA:30,3,1,0
BRDA:35,4,0,0
BRDA:35,4,1,0
BRDA:49,5,0,0
BRDA:49,5,1,0
BRDA:57,6,0,0
BRDA:57,6,1,0
BRDA:77,7,0,0
BRDA:77,7,1,0
BRDA:84,8,0,0
BRDA:84,8,1,0
BRDA:85,9,0,0
BRDA:85,9,1,0
BRDA:124,10,0,0
BRDA:124,10,1,0
BRDA:131,11,0,0
BRDA:131,11,1,0
BRDA:135,12,0,0
BRDA:135,12,1,0
BRDA:144,13,0,0
BRDA:144,13,1,0
BRDA:146,14,0,0
BRDA:146,14,1,0
BRDA:152,15,0,0
BRDA:152,15,1,0
BRDA:154,16,0,0
BRDA:154,16,1,0
BRDA:158,17,0,0
BRDA:158,17,1,0
BRDA:160,18,0,0
BRDA:160,18,1,0
BRDA:177,19,0,0
BRDA:177,19,1,0
BRDA:182,20,0,0
BRDA:182,20,1,0
BRDA:182,20,2,0
BRDA:187,21,0,0
BRDA:187,21,1,0
BRDA:187,21,2,0
BRDA:187,21,3,0
BRDA:196,22,0,0
BRDA:196,22,1,0
BRDA:201,23,0,0
BRDA:201,23,1,0
BRDA:201,23,2,0
BRDA:211,24,0,0
BRDA:211,24,1,0
BRDA:214,25,0,0
BRDA:214,25,1,0
BRDA:232,26,0,0
BRDA:232,26,1,0
BRF:58
BRH:0
end_of_record
TN:
SF:app/(main)/index.tsx
FN:27,(anonymous_0)
FN:31,(anonymous_1)
FN:36,Screen
FN:47,(anonymous_3)
FN:53,(anonymous_4)
FN:66,(anonymous_5)
FN:71,(anonymous_6)
FN:108,(anonymous_7)
FN:112,(anonymous_8)
FN:119,(anonymous_9)
FN:121,(anonymous_10)
FN:144,(anonymous_11)
FN:145,(anonymous_12)
FNF:13
FNH:0
FNDA:0,(anonymous_0)
FNDA:0,(anonymous_1)
FNDA:0,Screen
FNDA:0,(anonymous_3)
FNDA:0,(anonymous_4)
FNDA:0,(anonymous_5)
FNDA:0,(anonymous_6)
FNDA:0,(anonymous_7)
FNDA:0,(anonymous_8)
FNDA:0,(anonymous_9)
FNDA:0,(anonymous_10)
FNDA:0,(anonymous_11)
FNDA:0,(anonymous_12)
DA:26,0
DA:27,0
DA:31,0
DA:32,0
DA:33,0
DA:37,0
DA:38,0
DA:45,0
DA:47,0
DA:49,0
DA:50,0
DA:53,0
DA:54,0
DA:55,0
DA:56,0
DA:57,0
DA:59,0
DA:61,0
DA:66,0
DA:67,0
DA:68,0
DA:69,0
DA:71,0
DA:73,0
DA:76,0
DA:77,0
DA:78,0
DA:81,0
DA:82,0
DA:84,0
DA:93,0
DA:95,0
DA:98,0
DA:100,0
DA:104,0
DA:108,0
DA:109,0
DA:110,0
DA:112,0
DA:113,0
DA:119,0
DA:121,0
DA:123,0
DA:127,0
DA:128,0
DA:135,0
DA:136,0
DA:143,0
DA:144,0
DA:145,0
DA:147,0
LF:51
LH:0
BRDA:33,0,0,0
BRDA:33,0,1,0
BRDA:73,1,0,0
BRDA:73,1,1,0
BRDA:93,2,0,0
BRDA:93,2,1,0
BRDA:93,3,0,0
BRDA:93,3,1,0
BRDA:98,4,0,0
BRDA:98,4,1,0
BRDA:98,5,0,0
BRDA:98,5,1,0
BRDA:110,6,0,0
BRDA:110,6,1,0
BRDA:127,7,0,0
BRDA:127,7,1,0
BRDA:135,8,0,0
BRDA:135,8,1,0
BRDA:162,9,0,0
BRDA:162,9,1,0
BRDA:163,10,0,0
BRDA:163,10,1,0
BRDA:167,11,0,0
BRDA:167,11,1,0
BRF:24
BRH:0
end_of_record
TN:
SF:app/(main)/medications.tsx
FN:17,(anonymous_0)
FN:41,MedicationsScreen
FN:50,(anonymous_2)
FN:62,(anonymous_3)
FN:81,(anonymous_4)
FN:86,(anonymous_5)
FN:91,(anonymous_6)
FN:97,(anonymous_7)
FN:115,(anonymous_8)
FN:127,(anonymous_9)
FN:139,(anonymous_10)
FN:176,(anonymous_11)
FN:188,(anonymous_12)
FN:213,(anonymous_13)
FN:220,(anonymous_14)
FN:227,(anonymous_15)
FN:258,(anonymous_16)
FNF:17
FNH:0
FNDA:0,(anonymous_0)
FNDA:0,MedicationsScreen
FNDA:0,(anonymous_2)
FNDA:0,(anonymous_3)
FNDA:0,(anonymous_4)
FNDA:0,(anonymous_5)
FNDA:0,(anonymous_6)
FNDA:0,(anonymous_7)
FNDA:0,(anonymous_8)
FNDA:0,(anonymous_9)
FNDA:0,(anonymous_10)
FNDA:0,(anonymous_11)
FNDA:0,(anonymous_12)
FNDA:0,(anonymous_13)
FNDA:0,(anonymous_14)
FNDA:0,(anonymous_15)
FNDA:0,(anonymous_16)
DA:17,0
DA:18,0
DA:19,0
DA:20,0
DA:23,0
DA:24,0
DA:26,0
DA:27,0
DA:30,0
DA:32,0
DA:33,0
DA:34,0
DA:35,0
DA:37,0
DA:42,0
DA:43,0
DA:44,0
DA:45,0
DA:46,0
DA:47,0
DA:48,0
DA:50,0
DA:51,0
DA:52,0
DA:53,0
DA:55,0
DA:57,0
DA:62,0
DA:73,0
DA:74,0
DA:81,0
DA:82,0
DA:83,0
DA:86,0
DA:87,0
DA:88,0
DA:91,0
DA:92,0
DA:93,0
DA:94,0
DA:97,0
DA:98,0
DA:99,0
DA:100,0
DA:101,0
DA:102,0
DA:104,0
DA:105,0
DA:108,0
DA:109,0
DA:111,0
DA:115,0
DA:116,0
DA:127,0
DA:133,0
DA:140,0
DA:177,0
DA:189,0
DA:190,0
DA:196,0
DA:202,0
DA:213,0
DA:220,0
DA:227,0
DA:258,0
LF:65
LH:0
BRDA:23,0,0,0
BRDA:23,0,1,0
BRDA:23,1,0,0
BRDA:23,1,1,0
BRDA:24,2,0,0
BRDA:24,2,1,0
BRDA:24,3,0,0
BRDA:24,3,1,0
BRDA:32,4,0,0
BRDA:32,4,1,0
BRDA:34,5,0,0
BRDA:34,5,1,0
BRDA:48,6,0,0
BRDA:48,6,1,0
BRDA:71,7,0,0
BRDA:71,7,1,0
BRDA:73,8,0,0
BRDA:73,8,1,0
BRDA:101,9,0,0
BRDA:101,9,1,0
BRDA:155,10,0,0
BRDA:155,10,1,0
BRDA:156,11,0,0
BRDA:156,11,1,0
BRDA:160,12,0,0
BRDA:160,12,1,0
BRDA:231,13,0,0
BRDA:231,13,1,0
BRDA:232,14,0,0
BRDA:232,14,1,0
BRDA:244,15,0,0
BRDA:244,15,1,0
BRDA:258,16,0,0
BRDA:258,16,1,0
BRF:34
BRH:0
end_of_record
TN:
SF:app/(main)/profile.tsx
FN:7,ProfileScreen
FN:11,(anonymous_1)
FNF:2
FNH:0
FNDA:0,ProfileScreen
FNDA:0,(anonymous_1)
DA:8,0
DA:9,0
DA:11,0
DA:12,0
DA:13,0
DA:17,0
DA:18,0
DA:25,0
LF:8
LH:0
BRDA:12,0,0,0
BRDA:12,0,1,0
BRDA:12,1,0,0
BRDA:12,1,1,0
BRDA:17,2,0,0
BRDA:17,2,1,0
BRDA:17,3,0,0
BRDA:17,3,1,0
BRF:8
BRH:0
end_of_record
TN:
SF:app/(main)/schedule.tsx
FN:9,ScheduleScreen
FN:18,(anonymous_1)
FN:31,(anonymous_2)
FN:44,(anonymous_3)
FN:45,(anonymous_4)
FN:48,(anonymous_5)
FN:49,(anonymous_6)
FN:54,(anonymous_7)
FN:88,(anonymous_8)
FN:100,(anonymous_9)
FN:103,(anonymous_10)
FN:112,(anonymous_11)
FNF:12
FNH:0
FNDA:0,ScheduleScreen
FNDA:0,(anonymous_1)
FNDA:0,(anonymous_2)
FNDA:0,(anonymous_3)
FNDA:0,(anonymous_4)
FNDA:0,(anonymous_5)
FNDA:0,(anonymous_6)
FNDA:0,(anonymous_7)
FNDA:0,(anonymous_8)
FNDA:0,(anonymous_9)
FNDA:0,(anonymous_10)
FNDA:0,(anonymous_11)
DA:10,0
DA:11,0
DA:12,0
DA:14,0
DA:15,0
DA:16,0
DA:18,0
DA:19,0
DA:20,0
DA:21,0
DA:22,0
DA:25,0
DA:26,0
DA:27,0
DA:31,0
DA:32,0
DA:36,0
DA:37,0
DA:38,0
DA:41,0
DA:44,0
DA:45,0
DA:48,0
DA:49,0
DA:52,0
DA:54,0
DA:55,0
DA:56,0
DA:63,0
DA:65,0
DA:89,0
DA:100,0
DA:104,0
DA:105,0
DA:106,0
DA:108,0
DA:112,0
DA:160,0
DA:161,0
DA:163,0
LF:40
LH:0
BRDA:55,0,0,0
BRDA:55,0,1,0
BRDA:104,1,0,0
BRDA:104,1,1,0
BRDA:105,2,0,0
BRDA:105,2,1,0
BRDA:106,3,0,0
BRDA:106,3,1,0
BRDA:110,4,0,0
BRDA:110,4,1,0
BRDA:115,5,0,0
BRDA:115,5,1,0
BRDA:121,6,0,0
BRDA:121,6,1,0
BRDA:122,7,0,0
BRDA:122,7,1,0
BRDA:122,7,2,0
BRDA:128,8,0,0
BRDA:128,8,1,0
BRF:19
BRH:0
end_of_record
TN:
SF:components/add-medication-modal.tsx
FN:29,AddMedicationModal
FN:49,(anonymous_1)
FN:76,(anonymous_2)
FN:164,(anonymous_3)
FN:175,(anonymous_4)
FN:186,(anonymous_5)
FN:197,(anonymous_6)
FN:211,(anonymous_7)
FN:222,(anonymous_8)
FN:233,(anonymous_9)
FNF:10
FNH:0
FNDA:0,AddMedicationModal
FNDA:0,(anonymous_1)
FNDA:0,(anonymous_2)
FNDA:0,(anonymous_3)
FNDA:0,(anonymous_4)
FNDA:0,(anonymous_5)
FNDA:0,(anonymous_6)
FNDA:0,(anonymous_7)
FNDA:0,(anonymous_8)
FNDA:0,(anonymous_9)
DA:36,0
DA:37,0
DA:46,0
DA:49,0
DA:50,0
DA:51,0
DA:52,0
DA:63,0
DA:76,0
DA:78,0
DA:79,0
DA:80,0
DA:82,0
DA:83,0
DA:84,0
DA:87,0
DA:88,0
DA:91,0
DA:92,0
DA:93,0
DA:94,0
DA:95,0
DA:98,0
DA:99,0
DA:109,0
DA:110,0
DA:111,0
DA:112,0
DA:113,0
DA:115,0
DA:116,0
DA:119,0
DA:129,0
DA:130,0
DA:131,0
DA:132,0
DA:133,0
DA:135,0
DA:136,0
DA:140,0
DA:141,0
DA:143,0
DA:147,0
DA:164,0
DA:175,0
DA:186,0
DA:197,0
DA:211,0
DA:222,0
DA:233,0
LF:50
LH:0
BRDA:33,0,0,0
BRDA:34,1,0,0
BRDA:50,2,0,0
BRDA:50,2,1,0
BRDA:51,3,0,0
BRDA:51,3,1,0
BRDA:53,4,0,0
BRDA:53,4,1,0
BRDA:54,5,0,0
BRDA:54,5,1,0
BRDA:55,6,0,0
BRDA:55,6,1,0
BRDA:56,7,0,0
BRDA:56,7,1,0
BRDA:57,8,0,0
BRDA:57,8,1,0
BRDA:58,9,0,0
BRDA:58,9,1,0
BRDA:59,10,0,0
BRDA:59,10,1,0
BRDA:78,11,0,0
BRDA:78,11,1,0
BRDA:82,12,0,0
BRDA:82,12,1,0
BRDA:92,13,0,0
BRDA:92,13,1,0
BRDA:98,14,0,0
BRDA:98,14,1,0
BRDA:98,15,0,0
BRDA:98,15,1,0
BRDA:104,16,0,0
BRDA:104,16,1,0
BRDA:106,17,0,0
BRDA:106,17,1,0
BRDA:109,18,0,0
BRDA:109,18,1,0
BRDA:126,19,0,0
BRDA:126,19,1,0
BRDA:129,20,0,0
BRDA:129,20,1,0
BRDA:151,21,0,0
BRDA:151,21,1,0
BRDA:153,22,0,0
BRDA:153,22,1,0
BRDA:253,23,0,0
BRDA:253,23,1,0
BRDA:254,24,0,0
BRDA:254,24,1,0
BRDA:257,25,0,0
BRDA:257,25,1,0
BRF:50
BRH:0
end_of_record
TN:
SF:components/app-header.tsx
FN:8,AppHeader
FNF:1
FNH:0
FNDA:0,AppHeader
DA:9,0
LF:1
LH:0
BRF:0
BRH:0
end_of_record
TN:
SF:components/bottom-navigation.tsx
FN:10,BottomNavigation
FN:24,(anonymous_1)
FN:34,(anonymous_2)
FNF:3
FNH:0
FNDA:0,BottomNavigation
FNDA:0,(anonymous_1)
FNDA:0,(anonymous_2)
DA:11,0
DA:12,0
DA:13,0
DA:15,0
DA:22,0
DA:25,0
DA:26,0
DA:35,0
DA:36,0
LF:9
LH:0
BRDA:32,0,0,0
BRDA:32,0,1,0
BRDA:35,1,0,0
BRDA:35,1,1,0
BRDA:44,2,0,0
BRDA:44,2,1,0
BRDA:45,3,0,0
BRDA:45,3,1,0
BRDA:46,4,0,0
BRDA:46,4,1,0
BRDA:52,5,0,0
BRDA:52,5,1,0
BRDA:53,6,0,0
BRDA:53,6,1,0
BRDA:54,7,0,0
BRDA:54,7,1,0
BRF:16
BRH:0
end_of_record
TN:
SF:components/current-medications.tsx
FN:16,CurrentMedications
FN:20,(anonymous_1)
FN:75,(anonymous_2)
FN:105,(anonymous_3)
FNF:4
FNH:0
FNDA:0,CurrentMedications
FNDA:0,(anonymous_1)
FNDA:0,(anonymous_2)
FNDA:0,(anonymous_3)
DA:17,0
DA:18,0
DA:20,0
DA:21,0
DA:22,0
DA:23,0
DA:25,0
DA:29,0
DA:30,0
DA:40,0
DA:41,0
DA:52,0
DA:53,0
DA:66,0
DA:76,0
DA:105,0
LF:16
LH:0
BRDA:29,0,0,0
BRDA:29,0,1,0
BRDA:33,1,0,0
BRDA:33,1,1,0
BRDA:40,2,0,0
BRDA:40,2,1,0
BRDA:44,3,0,0
BRDA:44,3,1,0
BRDA:52,4,0,0
BRDA:52,4,1,0
BRDA:56,5,0,0
BRDA:56,5,1,0
BRDA:70,6,0,0
BRDA:70,6,1,0
BRDA:80,7,0,0
BRDA:80,7,1,0
BRDA:81,8,0,0
BRDA:81,8,1,0
BRDA:82,9,0,0
BRDA:82,9,1,0
BRDA:82,9,2,0
BRDA:82,10,0,0
BRDA:82,10,1,0
BRDA:90,11,0,0
BRDA:90,11,1,0
BRDA:92,12,0,0
BRDA:92,12,1,0
BRDA:98,13,0,0
BRDA:98,13,1,0
BRDA:99,14,0,0
BRDA:99,14,1,0
BRDA:107,15,0,0
BRDA:107,15,1,0
BRDA:111,16,0,0
BRDA:111,16,1,0
BRF:35
BRH:0
end_of_record
TN:
SF:components/error-boundary.tsx
FN:29,(anonymous_0)
FN:39,(anonymous_1)
FN:46,(anonymous_2)
FN:69,(anonymous_3)
FN:81,(anonymous_4)
FN:89,(anonymous_5)
FN:151,withErrorBoundary
FN:155,(anonymous_7)
FN:178,(anonymous_8)
FN:189,(anonymous_9)
FN:196,(anonymous_10)
FN:200,(anonymous_11)
FN:211,(anonymous_12)
FN:246,(anonymous_13)
FNF:14
FNH:0
FNDA:0,(anonymous_0)
FNDA:0,(anonymous_1)
FNDA:0,(anonymous_2)
FNDA:0,(anonymous_3)
FNDA:0,(anonymous_4)
FNDA:0,(anonymous_5)
FNDA:0,withErrorBoundary
FNDA:0,(anonymous_7)
FNDA:0,(anonymous_8)
FNDA:0,(anonymous_9)
FNDA:0,(anonymous_10)
FNDA:0,(anonymous_11)
FNDA:0,(anonymous_12)
FNDA:0,(anonymous_13)
DA:27,0
DA:30,0
DA:31,0
DA:40,0
DA:48,0
DA:54,0
DA:57,0
DA:63,0
DA:69,0
DA:70,0
DA:71,0
DA:74,0
DA:77,0
DA:81,0
DA:90,0
DA:92,0
DA:93,0
DA:97,0
DA:144,0
DA:155,0
DA:156,0
DA:161,0
DA:163,0
DA:179,0
DA:180,0
DA:190,0
DA:197,0
DA:200,0
DA:201,0
DA:203,0
DA:208,0
DA:212,0
DA:213,0
DA:216,0
DA:217,0
DA:220,0
DA:246,0
DA:247,0
DA:248,0
DA:253,0
DA:256,0
DA:263,0
LF:42
LH:0
BRDA:48,0,0,0
BRDA:48,0,1,0
BRDA:70,1,0,0
BRDA:70,1,1,0
BRDA:90,2,0,0
BRDA:90,2,1,0
BRDA:92,3,0,0
BRDA:92,3,1,0
BRDA:103,4,0,0
BRDA:103,4,1,0
BRDA:109,5,0,0
BRDA:109,5,1,0
BRDA:109,5,2,0
BRDA:115,6,0,0
BRDA:115,6,1,0
BRDA:123,7,0,0
BRDA:123,7,1,0
BRDA:123,7,2,0
BRDA:129,8,0,0
BRDA:129,8,1,0
BRDA:134,9,0,0
BRDA:134,9,1,0
BRDA:161,10,0,0
BRDA:161,10,1,0
BRDA:201,11,0,0
BRDA:201,11,1,0
BRDA:212,12,0,0
BRDA:212,12,1,0
BRDA:212,13,0,0
BRDA:212,13,1,0
BRDA:213,14,0,0
BRDA:213,14,1,0
BRDA:216,15,0,0
BRDA:216,15,1,0
BRDA:226,16,0,0
BRDA:226,16,1,0
BRDA:232,17,0,0
BRDA:232,17,1,0
BRDA:247,18,0,0
BRDA:247,18,1,0
BRF:40
BRH:0
end_of_record
TN:
SF:components/forgot-password-form.tsx
FN:12,ForgotPasswordForm
FN:18,(anonymous_1)
FNF:2
FNH:0
FNDA:0,ForgotPasswordForm
FNDA:0,(anonymous_1)
DA:13,0
DA:14,0
DA:15,0
DA:16,0
DA:18,0
DA:19,0
DA:20,0
DA:21,0
DA:23,0
DA:24,0
DA:27,0
DA:28,0
DA:33,0
DA:36,0
DA:37,0
DA:38,0
DA:40,0
DA:44,0
LF:18
LH:0
BRDA:13,0,0,0
BRDA:19,1,0,0
BRDA:19,1,1,0
BRDA:23,2,0,0
BRDA:23,2,1,0
BRDA:36,3,0,0
BRDA:36,3,1,0
BRDA:68,4,0,0
BRDA:68,4,1,0
BRF:9
BRH:0
end_of_record
TN:
SF:components/header-left.tsx
FN:5,HeaderLeft
FN:9,(anonymous_1)
FNF:2
FNH:0
FNDA:0,HeaderLeft
FNDA:0,(anonymous_1)
DA:6,0
DA:7,0
DA:10,0
LF:3
LH:0
BRF:0
BRH:0
end_of_record
TN:
SF:components/medication-overview.tsx
FN:13,MedicationOverview
FNF:1
FNH:0
FNDA:0,MedicationOverview
DA:14,0
LF:1
LH:0
BRF:0
BRH:0
end_of_record
TN:
SF:components/quick-actions.tsx
FN:22,QuickActions
FN:25,(anonymous_1)
FN:41,(anonymous_2)
FNF:3
FNH:0
FNDA:0,QuickActions
FNDA:0,(anonymous_1)
FNDA:0,(anonymous_2)
DA:23,0
DA:25,0
DA:26,0
DA:29,0
DA:36,0
DA:42,0
LF:6
LH:0
BRF:0
BRH:0
end_of_record
TN:
SF:components/reset-password-form.tsx
FN:11,ResetPasswordForm
FN:18,onSubmit
FN:47,onPasswordSubmitEditing
FNF:3
FNH:0
FNDA:0,ResetPasswordForm
FNDA:0,onSubmit
FNDA:0,onPasswordSubmitEditing
DA:12,0
DA:13,0
DA:14,0
DA:15,0
DA:16,0
DA:19,0
DA:20,0
DA:22,0
DA:23,0
DA:29,0
DA:32,0
DA:33,0
DA:38,0
DA:39,0
DA:40,0
DA:41,0
DA:43,0
DA:48,0
DA:51,0
LF:19
LH:0
BRDA:19,0,0,0
BRDA:19,0,1,0
BRDA:29,1,0,0
BRDA:29,1,1,0
BRDA:38,2,0,0
BRDA:38,2,1,0
BRDA:40,3,0,0
BRDA:40,3,1,0
BRDA:74,4,0,0
BRDA:74,4,1,0
BRDA:90,5,0,0
BRDA:90,5,1,0
BRF:12
BRH:0
end_of_record
TN:
SF:components/sign-in-form.tsx
FN:17,SignInForm
FN:24,onSubmit
FN:61,onEmailSubmitEditing
FNF:3
FNH:0
FNDA:0,SignInForm
FNDA:0,onSubmit
FNDA:0,onEmailSubmitEditing
DA:18,0
DA:19,0
DA:20,0
DA:21,0
DA:22,0
DA:25,0
DA:26,0
DA:30,0
DA:31,0
DA:38,0
DA:39,0
DA:40,0
DA:41,0
DA:42,0
DA:44,0
DA:47,0
DA:50,0
DA:52,0
DA:54,0
DA:55,0
DA:57,0
DA:62,0
DA:65,0
LF:23
LH:0
BRDA:25,0,0,0
BRDA:25,0,1,0
BRDA:38,1,0,0
BRDA:38,1,1,0
BRDA:41,2,0,0
BRDA:41,2,1,0
BRDA:50,3,0,0
BRDA:50,3,1,0
BRDA:52,4,0,0
BRDA:52,4,1,0
BRDA:54,5,0,0
BRDA:54,5,1,0
BRDA:89,6,0,0
BRDA:89,6,1,0
BRDA:113,7,0,0
BRDA:113,7,1,0
BRF:16
BRH:0
end_of_record
TN:
SF:components/sign-up-form.tsx
FN:13,SignUpForm
FN:20,onSubmit
FN:47,onEmailSubmitEditing
FNF:3
FNH:0
FNDA:0,SignUpForm
FNDA:0,onSubmit
FNDA:0,onEmailSubmitEditing
DA:14,0
DA:15,0
DA:16,0
DA:17,0
DA:18,0
DA:21,0
DA:24,0
DA:25,0
DA:31,0
DA:33,0
DA:36,0
DA:38,0
DA:40,0
DA:41,0
DA:43,0
DA:48,0
DA:51,0
LF:17
LH:0
BRDA:21,0,0,0
BRDA:21,0,1,0
BRDA:36,1,0,0
BRDA:36,1,1,0
BRDA:38,2,0,0
BRDA:38,2,1,0
BRDA:40,3,0,0
BRDA:40,3,1,0
BRDA:75,4,0,0
BRDA:75,4,1,0
BRDA:91,5,0,0
BRDA:91,5,1,0
BRF:12
BRH:0
end_of_record
TN:
SF:components/social-connections.tsx
FN:40,SocialConnections
FN:45,onSocialLoginPress
FN:46,(anonymous_2)
FN:77,(anonymous_3)
FN:100,(anonymous_4)
FN:101,(anonymous_5)
FN:102,(anonymous_6)
FN:106,(anonymous_7)
FNF:8
FNH:0
FNDA:0,SocialConnections
FNDA:0,onSocialLoginPress
FNDA:0,(anonymous_2)
FNDA:0,(anonymous_3)
FNDA:0,(anonymous_4)
FNDA:0,(anonymous_5)
FNDA:0,(anonymous_6)
FNDA:0,(anonymous_7)
DA:11,0
DA:22,0
DA:41,0
DA:42,0
DA:43,0
DA:46,0
DA:47,0
DA:49,0
DA:58,0
DA:59,0
DA:60,0
DA:70,0
DA:75,0
DA:78,0
DA:99,0
DA:102,0
DA:105,0
DA:106,0
DA:108,0
LF:19
LH:0
BRDA:58,0,0,0
BRDA:58,0,1,0
BRDA:58,1,0,0
BRDA:58,1,1,0
BRDA:86,2,0,0
BRDA:86,2,1,0
BRDA:88,3,0,0
BRDA:88,3,1,0
BRDA:88,4,0,0
BRDA:88,4,1,0
BRF:10
BRH:0
end_of_record
TN:
SF:components/theme-toggle.tsx
FN:12,ThemeToggle
FNF:1
FNH:0
FNDA:0,ThemeToggle
DA:7,0
DA:13,0
DA:14,0
DA:16,0
LF:4
LH:0
BRDA:14,0,0,0
BRDA:14,0,1,0
BRDA:28,1,0,0
BRDA:28,1,1,0
BRF:4
BRH:0
end_of_record
TN:
SF:components/upcoming-reminders.tsx
FN:20,UpcomingReminders
FN:31,(anonymous_1)
FNF:2
FNH:0
FNDA:0,UpcomingReminders
FNDA:0,(anonymous_1)
DA:21,0
DA:32,0
LF:2
LH:0
BRDA:34,0,0,0
BRDA:34,0,1,0
BRDA:47,1,0,0
BRDA:47,1,1,0
BRDA:48,2,0,0
BRDA:48,2,1,0
BRDA:49,3,0,0
BRDA:49,3,1,0
BRF:8
BRH:0
end_of_record
TN:
SF:components/user-menu.tsx
FN:12,UserMenu
FN:17,onSignOut
FN:48,(anonymous_2)
FN:64,(anonymous_3)
FN:79,UserAvatar
FN:82,(anonymous_5)
FN:86,(anonymous_6)
FNF:7
FNH:0
FNDA:0,UserMenu
FNDA:0,onSignOut
FNDA:0,(anonymous_2)
FNDA:0,(anonymous_3)
FNDA:0,UserAvatar
FNDA:0,(anonymous_5)
FNDA:0,(anonymous_6)
DA:13,0
DA:14,0
DA:15,0
DA:18,0
DA:19,0
DA:22,0
DA:80,0
DA:82,0
DA:83,0
DA:84,0
DA:86,0
DA:89,0
DA:90,0
DA:93,0
LF:14
LH:0
BRDA:35,0,0,0
BRDA:35,0,1,0
BRDA:37,1,0,0
BRDA:37,1,1,0
BRDA:39,2,0,0
BRDA:39,2,1,0
BRDA:83,3,0,0
BRDA:83,3,1,0
BRDA:83,3,2,0
BRDA:89,4,0,0
BRDA:89,4,1,0
BRF:11
BRH:0
end_of_record
TN:
SF:components/verify-email-form.tsx
FN:15,VerifyEmailForm
FN:22,onSubmit
FN:51,onResendCode
FN:119,useCountdown
FN:123,(anonymous_4)
FN:130,(anonymous_5)
FN:131,(anonymous_6)
FN:144,(anonymous_7)
FN:147,(anonymous_8)
FNF:9
FNH:0
FNDA:0,VerifyEmailForm
FNDA:0,onSubmit
FNDA:0,onResendCode
FNDA:0,useCountdown
FNDA:0,(anonymous_4)
FNDA:0,(anonymous_5)
FNDA:0,(anonymous_6)
FNDA:0,(anonymous_7)
FNDA:0,(anonymous_8)
DA:11,0
DA:13,0
DA:16,0
DA:17,0
DA:18,0
DA:19,0
DA:20,0
DA:23,0
DA:25,0
DA:27,0
DA:33,0
DA:34,0
DA:35,0
DA:40,0
DA:43,0
DA:44,0
DA:45,0
DA:47,0
DA:52,0
DA:54,0
DA:55,0
DA:56,0
DA:59,0
DA:60,0
DA:61,0
DA:63,0
DA:67,0
DA:120,0
DA:121,0
DA:123,0
DA:124,0
DA:126,0
DA:127,0
DA:130,0
DA:131,0
DA:132,0
DA:133,0
DA:134,0
DA:135,0
DA:137,0
DA:139,0
DA:144,0
DA:145,0
DA:147,0
DA:148,0
DA:149,0
DA:154,0
LF:47
LH:0
BRDA:17,0,0,0
BRDA:23,1,0,0
BRDA:23,1,1,0
BRDA:33,2,0,0
BRDA:33,2,1,0
BRDA:43,3,0,0
BRDA:43,3,1,0
BRDA:52,4,0,0
BRDA:52,4,1,0
BRDA:59,5,0,0
BRDA:59,5,1,0
BRDA:73,6,0,0
BRDA:73,6,1,0
BRDA:90,7,0,0
BRDA:90,7,1,0
BRDA:96,8,0,0
BRDA:96,8,1,0
BRDA:119,9,0,0
BRDA:126,10,0,0
BRDA:126,10,1,0
BRDA:132,11,0,0
BRDA:132,11,1,0
BRDA:133,12,0,0
BRDA:133,12,1,0
BRDA:148,13,0,0
BRDA:148,13,1,0
BRF:26
BRH:0
end_of_record
TN:
SF:components/view-medication-dialog.tsx
FN:15,ViewMedicationDialog
FN:18,(anonymous_1)
FN:120,(anonymous_2)
FNF:3
FNH:0
FNDA:0,ViewMedicationDialog
FNDA:0,(anonymous_1)
FNDA:0,(anonymous_2)
DA:16,0
DA:18,0
DA:19,0
DA:20,0
DA:21,0
DA:22,0
DA:24,0
DA:26,0
DA:27,0
DA:28,0
DA:29,0
DA:31,0
DA:35,0
DA:36,0
DA:38,0
DA:120,0
LF:16
LH:0
BRDA:16,0,0,0
BRDA:16,0,1,0
BRDA:26,1,0,0
BRDA:26,1,1,0
BRDA:28,2,0,0
BRDA:28,2,1,0
BRDA:81,3,0,0
BRDA:81,3,1,0
BRDA:93,4,0,0
BRDA:93,4,1,0
BRDA:107,5,0,0
BRDA:107,5,1,0
BRF:12
BRH:0
end_of_record
TN:
SF:components/welcome-section.tsx
FN:6,WelcomeSection
FNF:1
FNH:0
FNDA:0,WelcomeSection
DA:7,0
DA:8,0
DA:10,0
LF:3
LH:0
BRDA:14,0,0,0
BRDA:14,0,1,0
BRF:2
BRH:0
end_of_record
TN:
SF:components/ui/accordion.tsx
FN:16,Accordion
FN:32,AccordionItem
FN:59,AccordionTrigger
FN:69,(anonymous_3)
FN:73,(anonymous_4)
FN:115,AccordionContent
FNF:6
FNH:0
FNDA:0,Accordion
FNDA:0,AccordionItem
FNDA:0,AccordionTrigger
FNDA:0,(anonymous_3)
FNDA:0,(anonymous_4)
FNDA:0,AccordionContent
DA:21,0
DA:38,0
DA:57,0
DA:66,0
DA:68,0
DA:69,0
DA:72,0
DA:73,0
DA:79,0
DA:120,0
DA:121,0
LF:11
LH:0
BRDA:57,0,0,0
BRDA:57,0,1,0
BRDA:69,1,0,0
BRDA:69,1,1,0
BRDA:127,2,0,0
BRDA:127,2,1,0
BRF:6
BRH:0
end_of_record
TN:
SF:components/ui/alert-dialog.tsx
FN:19,AlertDialogOverlay
FN:48,AlertDialogContent
FN:74,AlertDialogHeader
FN:82,AlertDialogFooter
FN:91,AlertDialogTitle
FN:103,AlertDialogDescription
FN:116,AlertDialogAction
FN:127,AlertDialogCancel
FNF:8
FNH:0
FNDA:0,AlertDialogOverlay
FNDA:0,AlertDialogContent
FNDA:0,AlertDialogHeader
FNDA:0,AlertDialogFooter
FNDA:0,AlertDialogTitle
FNDA:0,AlertDialogDescription
FNDA:0,AlertDialogAction
FNDA:0,AlertDialogCancel
DA:11,0
DA:13,0
DA:15,0
DA:17,0
DA:27,0
DA:56,0
DA:75,0
DA:83,0
DA:95,0
DA:108,0
DA:120,0
DA:131,0
LF:12
LH:0
BRDA:17,0,0,0
BRDA:17,0,1,0
BRF:2
BRH:0
end_of_record
TN:
SF:components/ui/alert.tsx
FN:8,Alert
FN:47,AlertTitle
FN:59,AlertDescription
FNF:3
FNH:0
FNDA:0,Alert
FNDA:0,AlertTitle
FNDA:0,AlertDescription
DA:21,0
DA:51,0
DA:63,0
DA:64,0
LF:4
LH:0
BRDA:25,0,0,0
BRDA:25,0,1,0
BRDA:38,1,0,0
BRDA:38,1,1,0
BRDA:68,2,0,0
BRDA:68,2,1,0
BRF:6
BRH:0
end_of_record
TN:
SF:components/ui/aspect-ratio.tsx
FNF:0
FNH:0
DA:3,0
LF:1
LH:0
BRF:0
BRH:0
end_of_record
TN:
SF:components/ui/avatar.tsx
FN:4,Avatar
FN:16,AvatarImage
FN:23,AvatarFallback
FNF:3
FNH:0
FNDA:0,Avatar
FNDA:0,AvatarImage
FNDA:0,AvatarFallback
DA:8,0
DA:20,0
DA:27,0
LF:3
LH:0
BRF:0
BRH:0
end_of_record
TN:
SF:components/ui/badge.tsx
FN:57,Badge
FNF:1
FNH:0
FNDA:0,Badge
DA:7,0
DA:38,0
DA:58,0
DA:59,0
LF:4
LH:0
BRDA:58,0,0,0
BRDA:58,0,1,0
BRF:2
BRH:0
end_of_record
TN:
SF:components/ui/button.tsx
FN:95,Button
FNF:1
FNH:0
FNDA:0,Button
DA:6,0
DA:56,0
DA:96,0
LF:3
LH:0
BRDA:99,0,0,0
BRDA:99,0,1,0
BRF:2
BRH:0
end_of_record
TN:
SF:components/ui/card.tsx
FN:5,Card
FN:19,CardHeader
FN:23,CardTitle
FN:37,CardDescription
FN:44,CardContent
FN:48,CardFooter
FNF:6
FNH:0
FNDA:0,Card
FNDA:0,CardHeader
FNDA:0,CardTitle
FNDA:0,CardDescription
FNDA:0,CardContent
FNDA:0,CardFooter
DA:6,0
DA:20,0
DA:27,0
DA:41,0
DA:45,0
DA:49,0
LF:6
LH:0
BRF:0
BRH:0
end_of_record
TN:
SF:components/ui/checkbox.tsx
FN:9,Checkbox
FNF:1
FNH:0
FNDA:0,Checkbox
DA:7,0
DA:21,0
LF:2
LH:0
BRDA:29,0,0,0
BRDA:29,0,1,0
BRDA:30,1,0,0
BRDA:30,1,1,0
BRDA:40,2,0,0
BRDA:40,2,1,0
BRF:6
BRH:0
end_of_record
TN:
SF:components/ui/collapsible.tsx
FNF:0
FNH:0
DA:3,0
DA:5,0
DA:7,0
LF:3
LH:0
BRF:0
BRH:0
end_of_record
TN:
SF:components/ui/context-menu.tsx
FN:26,ContextMenuSubTrigger
FN:63,ContextMenuSubContent
FN:85,ContextMenuContent
FN:135,ContextMenuItem
FN:172,ContextMenuCheckboxItem
FN:209,ContextMenuRadioItem
FN:240,ContextMenuLabel
FN:261,ContextMenuSeparator
FN:273,ContextMenuShortcut
FNF:9
FNH:0
FNDA:0,ContextMenuSubTrigger
FNDA:0,ContextMenuSubContent
FNDA:0,ContextMenuContent
FNDA:0,ContextMenuItem
FNDA:0,ContextMenuCheckboxItem
FNDA:0,ContextMenuRadioItem
FNDA:0,ContextMenuLabel
FNDA:0,ContextMenuSeparator
FNDA:0,ContextMenuShortcut
DA:20,0
DA:21,0
DA:22,0
DA:23,0
DA:24,0
DA:38,0
DA:39,0
DA:40,0
DA:67,0
DA:83,0
DA:97,0
DA:146,0
DA:180,0
DA:217,0
DA:249,0
DA:265,0
DA:274,0
LF:17
LH:0
BRDA:39,0,0,0
BRDA:39,0,1,0
BRDA:39,1,0,0
BRDA:39,1,1,0
BRDA:44,2,0,0
BRDA:44,2,1,0
BRDA:52,3,0,0
BRDA:52,3,1,0
BRDA:53,4,0,0
BRDA:53,4,1,0
BRDA:83,5,0,0
BRDA:83,5,1,0
BRDA:102,6,0,0
BRDA:102,6,1,0
BRDA:103,7,0,0
BRDA:103,7,1,0
BRDA:119,8,0,0
BRDA:119,8,1,0
BRDA:120,9,0,0
BRDA:120,9,1,0
BRDA:150,10,0,0
BRDA:150,10,1,0
BRDA:158,11,0,0
BRDA:158,11,1,0
BRDA:161,12,0,0
BRDA:161,12,1,0
BRDA:162,13,0,0
BRDA:162,13,1,0
BRDA:163,14,0,0
BRDA:163,14,1,0
BRDA:188,15,0,0
BRDA:188,15,1,0
BRDA:225,16,0,0
BRDA:225,16,1,0
BRDA:253,17,0,0
BRDA:253,17,1,0
BRF:36
BRH:0
end_of_record
TN:
SF:components/ui/dialog.tsx
FN:21,DialogOverlay
FN:50,DialogContent
FN:92,DialogHeader
FN:98,DialogFooter
FN:107,DialogTitle
FN:119,DialogDescription
FNF:6
FNH:0
FNDA:0,DialogOverlay
FNDA:0,DialogContent
FNDA:0,DialogHeader
FNDA:0,DialogFooter
FNDA:0,DialogTitle
FNDA:0,DialogDescription
DA:11,0
DA:13,0
DA:15,0
DA:17,0
DA:19,0
DA:29,0
DA:59,0
DA:93,0
DA:99,0
DA:111,0
DA:123,0
LF:11
LH:0
BRDA:19,0,0,0
BRDA:19,0,1,0
BRF:2
BRH:0
end_of_record
TN:
SF:components/ui/dropdown-menu.tsx
FN:32,DropdownMenuSubTrigger
FN:69,DropdownMenuSubContent
FN:92,DropdownMenuContent
FN:142,DropdownMenuItem
FN:179,DropdownMenuCheckboxItem
FN:216,DropdownMenuRadioItem
FN:247,DropdownMenuLabel
FN:268,DropdownMenuSeparator
FN:280,DropdownMenuShortcut
FNF:9
FNH:0
FNDA:0,DropdownMenuSubTrigger
FNDA:0,DropdownMenuSubContent
FNDA:0,DropdownMenuContent
FNDA:0,DropdownMenuItem
FNDA:0,DropdownMenuCheckboxItem
FNDA:0,DropdownMenuRadioItem
FNDA:0,DropdownMenuLabel
FNDA:0,DropdownMenuSeparator
FNDA:0,DropdownMenuShortcut
DA:20,0
DA:22,0
DA:24,0
DA:26,0
DA:28,0
DA:30,0
DA:44,0
DA:45,0
DA:46,0
DA:74,0
DA:90,0
DA:104,0
DA:153,0
DA:187,0
DA:224,0
DA:256,0
DA:272,0
DA:281,0
LF:18
LH:0
BRDA:45,0,0,0
BRDA:45,0,1,0
BRDA:45,1,0,0
BRDA:45,1,1,0
BRDA:50,2,0,0
BRDA:50,2,1,0
BRDA:58,3,0,0
BRDA:58,3,1,0
BRDA:59,4,0,0
BRDA:59,4,1,0
BRDA:90,5,0,0
BRDA:90,5,1,0
BRDA:109,6,0,0
BRDA:109,6,1,0
BRDA:110,7,0,0
BRDA:110,7,1,0
BRDA:126,8,0,0
BRDA:126,8,1,0
BRDA:127,9,0,0
BRDA:127,9,1,0
BRDA:157,10,0,0
BRDA:157,10,1,0
BRDA:165,11,0,0
BRDA:165,11,1,0
BRDA:168,12,0,0
BRDA:168,12,1,0
BRDA:169,13,0,0
BRDA:169,13,1,0
BRDA:170,14,0,0
BRDA:170,14,1,0
BRDA:195,15,0,0
BRDA:195,15,1,0
BRDA:232,16,0,0
BRDA:232,16,1,0
BRDA:260,17,0,0
BRDA:260,17,1,0
BRF:36
BRH:0
end_of_record
TN:
SF:components/ui/hover-card.tsx
FN:16,HoverCardContent
FNF:1
FNH:0
FNDA:0,HoverCardContent
DA:10,0
DA:12,0
DA:14,0
DA:22,0
LF:4
LH:0
BRDA:14,0,0,0
BRDA:14,0,1,0
BRDA:18,1,0,0
BRDA:19,2,0,0
BRDA:36,3,0,0
BRDA:36,3,1,0
BRDA:37,4,0,0
BRDA:37,4,1,0
BRF:8
BRH:0
end_of_record
TN:
SF:components/ui/icon.tsx
FN:9,IconImpl
FN:43,Icon
FNF:2
FNH:0
FNDA:0,IconImpl
FNDA:0,Icon
DA:10,0
DA:13,0
DA:44,0
LF:3
LH:0
BRDA:43,0,0,0
BRF:1
BRH:0
end_of_record
TN:
SF:components/ui/input.tsx
FN:4,Input
FNF:1
FNH:0
FNDA:0,Input
DA:9,0
LF:1
LH:0
BRDA:13,0,0,0
BRDA:13,0,1,0
BRF:2
BRH:0
end_of_record
TN:
SF:components/ui/label.tsx
FN:5,Label
FNF:1
FNH:0
FNDA:0,Label
DA:14,0
LF:1
LH:0
BRDA:21,0,0,0
BRDA:21,0,1,0
BRF:2
BRH:0
end_of_record
TN:
SF:components/ui/menubar.tsx
FN:34,Menubar
FN:43,closeMenu
FN:71,MenubarTrigger
FN:99,MenubarSubTrigger
FN:136,MenubarSubContent
FN:156,MenubarContent
FN:203,MenubarItem
FN:240,MenubarCheckboxItem
FN:277,MenubarRadioItem
FN:308,MenubarLabel
FN:329,MenubarSeparator
FN:338,MenubarShortcut
FNF:12
FNH:0
FNDA:0,Menubar
FNDA:0,closeMenu
FNDA:0,MenubarTrigger
FNDA:0,MenubarSubTrigger
FNDA:0,MenubarSubContent
FNDA:0,MenubarContent
FNDA:0,MenubarItem
FNDA:0,MenubarCheckboxItem
FNDA:0,MenubarRadioItem
FNDA:0,MenubarLabel
FNDA:0,MenubarSeparator
FNDA:0,MenubarShortcut
DA:22,0
DA:24,0
DA:26,0
DA:28,0
DA:30,0
DA:32,0
DA:40,0
DA:41,0
DA:44,0
DA:45,0
DA:46,0
DA:48,0
DA:51,0
DA:75,0
DA:76,0
DA:78,0
DA:111,0
DA:112,0
DA:113,0
DA:140,0
DA:171,0
DA:214,0
DA:248,0
DA:285,0
DA:317,0
DA:333,0
DA:339,0
LF:27
LH:0
BRDA:32,0,0,0
BRDA:32,0,1,0
BRDA:44,1,0,0
BRDA:44,1,1,0
BRDA:53,2,0,0
BRDA:53,2,1,0
BRDA:53,3,0,0
BRDA:53,3,1,0
BRDA:53,3,2,0
BRDA:63,4,0,0
BRDA:63,4,1,0
BRDA:64,5,0,0
BRDA:64,5,1,0
BRDA:82,6,0,0
BRDA:82,6,1,0
BRDA:90,7,0,0
BRDA:90,7,1,0
BRDA:112,8,0,0
BRDA:112,8,1,0
BRDA:112,9,0,0
BRDA:112,9,1,0
BRDA:117,10,0,0
BRDA:117,10,1,0
BRDA:125,11,0,0
BRDA:125,11,1,0
BRDA:126,12,0,0
BRDA:126,12,1,0
BRDA:161,13,0,0
BRDA:162,14,0,0
BRDA:163,15,0,0
BRDA:185,16,0,0
BRDA:185,16,1,0
BRDA:186,17,0,0
BRDA:186,17,1,0
BRDA:218,18,0,0
BRDA:218,18,1,0
BRDA:226,19,0,0
BRDA:226,19,1,0
BRDA:229,20,0,0
BRDA:229,20,1,0
BRDA:230,21,0,0
BRDA:230,21,1,0
BRDA:231,22,0,0
BRDA:231,22,1,0
BRDA:256,23,0,0
BRDA:256,23,1,0
BRDA:293,24,0,0
BRDA:293,24,1,0
BRDA:321,25,0,0
BRDA:321,25,1,0
BRF:50
BRH:0
end_of_record
TN:
SF:components/ui/native-only-animated-view.tsx
FN:13,NativeOnlyAnimatedView
FNF:1
FNH:0
FNDA:0,NativeOnlyAnimatedView
DA:16,0
DA:17,0
DA:19,0
LF:3
LH:0
BRDA:16,0,0,0
BRDA:16,0,1,0
BRF:2
BRH:0
end_of_record
TN:
SF:components/ui/popover.tsx
FN:16,PopoverContent
FNF:1
FNH:0
FNDA:0,PopoverContent
DA:10,0
DA:12,0
DA:14,0
DA:26,0
LF:4
LH:0
BRDA:14,0,0,0
BRDA:14,0,1,0
BRDA:18,1,0,0
BRDA:19,2,0,0
BRDA:40,3,0,0
BRDA:40,3,1,0
BRDA:41,4,0,0
BRDA:41,4,1,0
BRF:8
BRH:0
end_of_record
TN:
SF:components/ui/progress.tsx
FN:12,Progress
FN:43,WebIndicator
FN:57,NativeIndicator
FN:58,(anonymous_3)
FN:60,(anonymous_4)
FN:80,NullIndicator
FNF:6
FNH:0
FNDA:0,Progress
FNDA:0,WebIndicator
FNDA:0,NativeIndicator
FNDA:0,(anonymous_3)
FNDA:0,(anonymous_4)
FNDA:0,NullIndicator
DA:21,0
DA:32,0
DA:44,0
DA:45,0
DA:48,0
DA:58,0
DA:60,0
DA:61,0
DA:69,0
DA:70,0
DA:73,0
DA:81,0
LF:12
LH:0
BRDA:44,0,0,0
BRDA:44,0,1,0
BRDA:51,1,0,0
BRDA:51,1,1,0
BRDA:58,2,0,0
BRDA:58,2,1,0
BRDA:69,3,0,0
BRDA:69,3,1,0
BRF:8
BRH:0
end_of_record
TN:
SF:components/ui/radio-group.tsx
FN:5,RadioGroup
FN:12,RadioGroupItem
FNF:2
FNH:0
FNDA:0,RadioGroup
FNDA:0,RadioGroupItem
DA:9,0
DA:16,0
LF:2
LH:0
BRDA:23,0,0,0
BRDA:23,0,1,0
BRF:2
BRH:0
end_of_record
TN:
SF:components/ui/select.tsx
FN:18,SelectValue
FN:40,SelectTrigger
FN:72,SelectContent
FN:135,SelectLabel
FN:147,SelectItem
FN:173,SelectSeparator
FN:193,SelectScrollUpButton
FN:213,SelectScrollDownButton
FN:233,NativeSelectScrollView
FNF:9
FNH:0
FNDA:0,SelectValue
FNDA:0,SelectTrigger
FNDA:0,SelectContent
FNDA:0,SelectLabel
FNDA:0,SelectItem
FNDA:0,SelectSeparator
FNDA:0,SelectScrollUpButton
FNDA:0,SelectScrollDownButton
FNDA:0,NativeSelectScrollView
DA:14,0
DA:16,0
DA:26,0
DA:27,0
DA:51,0
DA:70,0
DA:83,0
DA:139,0
DA:152,0
DA:177,0
DA:197,0
DA:198,0
DA:200,0
DA:217,0
DA:218,0
DA:220,0
DA:234,0
DA:235,0
DA:237,0
LF:19
LH:0
BRDA:32,0,0,0
BRDA:32,0,1,0
BRDA:44,1,0,0
BRDA:59,2,0,0
BRDA:59,2,1,0
BRDA:60,3,0,0
BRDA:60,3,1,0
BRDA:70,4,0,0
BRDA:70,4,1,0
BRDA:75,5,0,0
BRDA:95,6,0,0
BRDA:95,6,1,0
BRDA:96,7,0,0
BRDA:96,7,1,0
BRDA:100,8,0,0
BRDA:100,8,1,0
BRDA:103,9,0,0
BRDA:103,9,1,0
BRDA:104,10,0,0
BRDA:104,10,1,0
BRDA:115,11,0,0
BRDA:115,11,1,0
BRDA:159,12,0,0
BRDA:159,12,1,0
BRDA:197,13,0,0
BRDA:197,13,1,0
BRDA:217,14,0,0
BRDA:217,14,1,0
BRDA:234,15,0,0
BRDA:234,15,1,0
BRF:30
BRH:0
end_of_record
TN:
SF:components/ui/separator.tsx
FN:4,Separator
FNF:1
FNH:0
FNDA:0,Separator
DA:10,0
LF:1
LH:0
BRDA:6,0,0,0
BRDA:7,1,0,0
BRDA:16,2,0,0
BRDA:16,2,1,0
BRF:4
BRH:0
end_of_record
TN:
SF:components/ui/skeleton.tsx
FN:4,Skeleton
FNF:1
FNH:0
FNDA:0,Skeleton
DA:8,0
LF:1
LH:0
BRF:0
BRH:0
end_of_record
TN:
SF:components/ui/switch.tsx
FN:5,Switch
FNF:1
FNH:0
FNDA:0,Switch
DA:9,0
LF:1
LH:0
BRDA:16,0,0,0
BRDA:16,0,1,0
BRDA:17,1,0,0
BRDA:17,1,1,0
BRDA:27,2,0,0
BRDA:27,2,1,0
BRF:6
BRH:0
end_of_record
TN:
SF:components/ui/tabs.tsx
FN:6,Tabs
FN:13,TabsList
FN:29,TabsTrigger
FN:56,TabsContent
FNF:4
FNH:0
FNDA:0,Tabs
FNDA:0,TabsList
FNDA:0,TabsTrigger
FNDA:0,TabsContent
DA:10,0
DA:17,0
DA:33,0
DA:34,0
DA:60,0
LF:5
LH:0
BRDA:38,0,0,0
BRDA:38,0,1,0
BRDA:46,1,0,0
BRDA:46,1,1,0
BRDA:47,2,0,0
BRDA:47,2,1,0
BRF:6
BRH:0
end_of_record
TN:
SF:components/ui/text.tsx
FN:67,Text
FNF:1
FNH:0
FNDA:0,Text
DA:7,0
DA:49,0
DA:58,0
DA:65,0
DA:77,0
DA:78,0
DA:79,0
LF:7
LH:0
BRDA:69,0,0,0
BRDA:70,1,0,0
BRDA:78,2,0,0
BRDA:78,2,1,0
BRDA:82,3,0,0
BRDA:82,3,1,0
BRDA:83,4,0,0
BRDA:83,4,1,0
BRF:8
BRH:0
end_of_record
TN:
SF:components/ui/textarea.tsx
FN:4,Textarea
FNF:1
FNH:0
FNDA:0,Textarea
DA:11,0
LF:1
LH:0
BRDA:6,0,0,0
BRDA:7,1,0,0
BRDA:18,2,0,0
BRDA:18,2,1,0
BRF:4
BRH:0
end_of_record
TN:
SF:components/ui/toggle-group.tsx
FN:12,ToggleGroup
FN:37,useToggleGroupContext
FN:47,ToggleGroupItem
FN:97,ToggleGroupIcon
FNF:4
FNH:0
FNDA:0,ToggleGroup
FNDA:0,useToggleGroupContext
FNDA:0,ToggleGroupItem
FNDA:0,ToggleGroupIcon
DA:10,0
DA:21,0
DA:38,0
DA:39,0
DA:40,0
DA:44,0
DA:61,0
DA:62,0
DA:64,0
DA:98,0
DA:99,0
LF:11
LH:0
BRDA:26,0,0,0
BRDA:26,0,1,0
BRDA:39,1,0,0
BRDA:39,1,1,0
BRDA:68,2,0,0
BRDA:68,2,1,0
BRDA:75,3,0,0
BRDA:75,3,1,0
BRDA:76,4,0,0
BRDA:76,4,1,0
BRDA:78,5,0,0
BRDA:78,5,1,0
BRDA:79,6,0,0
BRDA:79,6,1,0
BRDA:81,7,0,0
BRDA:81,7,1,0
BRDA:82,8,0,0
BRDA:82,8,1,0
BRDA:83,9,0,0
BRDA:83,9,1,0
BRDA:83,9,2,0
BRDA:84,10,0,0
BRDA:84,10,1,0
BRDA:84,10,2,0
BRDA:84,10,3,0
BRF:25
BRH:0
end_of_record
TN:
SF:components/ui/toggle.tsx
FN:40,Toggle
FN:70,ToggleIcon
FNF:2
FNH:0
FNDA:0,Toggle
FNDA:0,ToggleIcon
DA:9,0
DA:48,0
DA:71,0
DA:72,0
LF:4
LH:0
BRDA:52,0,0,0
BRDA:52,0,1,0
BRDA:60,1,0,0
BRDA:60,1,1,0
BRDA:61,2,0,0
BRDA:61,2,1,0
BRF:6
BRH:0
end_of_record
TN:
SF:components/ui/tooltip.tsx
FN:16,TooltipContent
FNF:1
FNH:0
FNDA:0,TooltipContent
DA:10,0
DA:12,0
DA:14,0
DA:26,0
LF:4
LH:0
BRDA:14,0,0,0
BRDA:14,0,1,0
BRDA:18,1,0,0
BRDA:20,2,0,0
BRDA:32,3,0,0
BRDA:32,3,1,0
BRDA:45,4,0,0
BRDA:45,4,1,0
BRDA:46,5,0,0
BRDA:46,5,1,0
BRDA:47,6,0,0
BRDA:47,6,1,0
BRDA:48,7,0,0
BRDA:48,7,1,0
BRF:14
BRH:0
end_of_record
TN:
SF:lib/database-types.ts
FNF:0
FNH:0
DA:100,0
DA:106,0
DA:143,0
DA:175,0
DA:176,0
LF:5
LH:0
BRF:0
BRH:0
end_of_record
TN:
SF:lib/database-wrapper.ts
FN:28,(anonymous_0)
FN:52,(anonymous_1)
FN:59,(anonymous_2)
FN:88,(anonymous_3)
FN:101,(anonymous_4)
FN:133,(anonymous_5)
FN:143,(anonymous_6)
FN:171,(anonymous_7)
FN:185,(anonymous_8)
FN:242,(anonymous_9)
FN:247,(anonymous_10)
FN:255,(anonymous_11)
FN:271,(anonymous_12)
FN:279,(anonymous_13)
FN:287,(anonymous_14)
FN:295,(anonymous_15)
FN:348,(anonymous_16)
FN:356,(anonymous_17)
FN:372,(anonymous_18)
FN:380,(anonymous_19)
FN:396,(anonymous_20)
FN:404,(anonymous_21)
FN:411,(anonymous_22)
FN:438,(anonymous_23)
FN:446,(anonymous_24)
FN:462,(anonymous_25)
FN:470,(anonymous_26)
FN:508,(anonymous_27)
FN:516,(anonymous_28)
FN:532,(anonymous_29)
FN:540,(anonymous_30)
FN:545,(anonymous_31)
FN:554,(anonymous_32)
FN:600,(anonymous_33)
FNF:34
FNH:0
FNDA:0,(anonymous_0)
FNDA:0,(anonymous_1)
FNDA:0,(anonymous_2)
FNDA:0,(anonymous_3)
FNDA:0,(anonymous_4)
FNDA:0,(anonymous_5)
FNDA:0,(anonymous_6)
FNDA:0,(anonymous_7)
FNDA:0,(anonymous_8)
FNDA:0,(anonymous_9)
FNDA:0,(anonymous_10)
FNDA:0,(anonymous_11)
FNDA:0,(anonymous_12)
FNDA:0,(anonymous_13)
FNDA:0,(anonymous_14)
FNDA:0,(anonymous_15)
FNDA:0,(anonymous_16)
FNDA:0,(anonymous_17)
FNDA:0,(anonymous_18)
FNDA:0,(anonymous_19)
FNDA:0,(anonymous_20)
FNDA:0,(anonymous_21)
FNDA:0,(anonymous_22)
FNDA:0,(anonymous_23)
FNDA:0,(anonymous_24)
FNDA:0,(anonymous_25)
FNDA:0,(anonymous_26)
FNDA:0,(anonymous_27)
FNDA:0,(anonymous_28)
FNDA:0,(anonymous_29)
FNDA:0,(anonymous_30)
FNDA:0,(anonymous_31)
FNDA:0,(anonymous_32)
FNDA:0,(anonymous_33)
DA:34,0
DA:35,0
DA:36,0
DA:37,0
DA:38,0
DA:39,0
DA:48,0
DA:49,0
DA:50,0
DA:53,0
DA:60,0
DA:61,0
DA:62,0
DA:65,0
DA:67,0
DA:68,0
DA:76,0
DA:77,0
DA:78,0
DA:80,0
DA:81,0
DA:89,0
DA:90,0
DA:91,0
DA:92,0
DA:94,0
DA:108,0
DA:109,0
DA:110,0
DA:111,0
DA:112,0
DA:114,0
DA:117,0
DA:120,0
DA:123,0
DA:126,0
DA:127,0
DA:132,0
DA:133,0
DA:137,0
DA:144,0
DA:145,0
DA:148,0
DA:149,0
DA:152,0
DA:153,0
DA:161,0
DA:172,0
DA:173,0
DA:179,0
DA:186,0
DA:187,0
DA:194,0
DA:195,0
DA:202,0
DA:203,0
DA:210,0
DA:211,0
DA:218,0
DA:219,0
DA:227,0
DA:228,0
DA:229,0
DA:236,0
DA:243,0
DA:244,0
DA:246,0
DA:247,0
DA:256,0
DA:257,0
DA:259,0
DA:260,0
DA:270,0
DA:271,0
DA:280,0
DA:281,0
DA:283,0
DA:284,0
DA:286,0
DA:287,0
DA:296,0
DA:297,0
DA:299,0
DA:300,0
DA:310,0
DA:311,0
DA:322,0
DA:323,0
DA:333,0
DA:334,0
DA:335,0
DA:336,0
DA:347,0
DA:348,0
DA:357,0
DA:358,0
DA:360,0
DA:361,0
DA:371,0
DA:372,0
DA:381,0
DA:382,0
DA:384,0
DA:385,0
DA:395,0
DA:396,0
DA:405,0
DA:412,0
DA:413,0
DA:415,0
DA:416,0
DA:426,0
DA:427,0
DA:437,0
DA:438,0
DA:447,0
DA:448,0
DA:450,0
DA:451,0
DA:461,0
DA:462,0
DA:471,0
DA:472,0
DA:474,0
DA:475,0
DA:485,0
DA:486,0
DA:496,0
DA:497,0
DA:507,0
DA:508,0
DA:517,0
DA:518,0
DA:520,0
DA:521,0
DA:531,0
DA:532,0
DA:541,0
DA:542,0
DA:544,0
DA:545,0
DA:560,0
DA:561,0
DA:563,0
DA:564,0
DA:565,0
DA:566,0
DA:572,0
DA:573,0
DA:574,0
DA:575,0
DA:581,0
DA:588,0
DA:590,0
DA:605,0
DA:606,0
DA:607,0
DA:616,0
DA:617,0
DA:618,0
DA:628,0
DA:637,0
DA:650,0
LF:163
LH:0
BRDA:53,0,0,0
BRDA:53,0,1,0
BRDA:61,1,0,0
BRDA:61,1,1,0
BRDA:67,2,0,0
BRDA:67,2,1,0
BRDA:69,3,0,0
BRDA:69,3,1,0
BRDA:70,4,0,0
BRDA:70,4,1,0
BRDA:104,5,0,0
BRDA:111,6,0,0
BRDA:111,6,1,0
BRDA:117,7,0,0
BRDA:117,7,1,0
BRDA:117,8,0,0
BRDA:117,8,1,0
BRDA:117,8,2,0
BRDA:126,9,0,0
BRDA:126,9,1,0
BRDA:132,10,0,0
BRDA:132,10,1,0
BRDA:144,11,0,0
BRDA:144,11,1,0
BRDA:148,12,0,0
BRDA:148,12,1,0
BRDA:148,13,0,0
BRDA:148,13,1,0
BRDA:148,13,2,0
BRDA:152,14,0,0
BRDA:152,14,1,0
BRDA:172,15,0,0
BRDA:172,15,1,0
BRDA:186,16,0,0
BRDA:186,16,1,0
BRDA:194,17,0,0
BRDA:194,17,1,0
BRDA:202,18,0,0
BRDA:202,18,1,0
BRDA:210,19,0,0
BRDA:210,19,1,0
BRDA:218,20,0,0
BRDA:218,20,1,0
BRDA:228,21,0,0
BRDA:228,21,1,0
BRDA:244,22,0,0
BRDA:244,22,1,0
BRDA:257,23,0,0
BRDA:257,23,1,0
BRDA:259,24,0,0
BRDA:259,24,1,0
BRDA:259,25,0,0
BRDA:259,25,1,0
BRDA:281,26,0,0
BRDA:281,26,1,0
BRDA:284,27,0,0
BRDA:284,27,1,0
BRDA:297,28,0,0
BRDA:297,28,1,0
BRDA:299,29,0,0
BRDA:299,29,1,0
BRDA:299,30,0,0
BRDA:299,30,1,0
BRDA:310,31,0,0
BRDA:310,31,1,0
BRDA:310,32,0,0
BRDA:310,32,1,0
BRDA:322,33,0,0
BRDA:322,33,1,0
BRDA:322,34,0,0
BRDA:322,34,1,0
BRDA:333,35,0,0
BRDA:333,35,1,0
BRDA:335,36,0,0
BRDA:335,36,1,0
BRDA:358,37,0,0
BRDA:358,37,1,0
BRDA:360,38,0,0
BRDA:360,38,1,0
BRDA:360,39,0,0
BRDA:360,39,1,0
BRDA:382,40,0,0
BRDA:382,40,1,0
BRDA:384,41,0,0
BRDA:384,41,1,0
BRDA:384,42,0,0
BRDA:384,42,1,0
BRDA:413,43,0,0
BRDA:413,43,1,0
BRDA:415,44,0,0
BRDA:415,44,1,0
BRDA:415,45,0,0
BRDA:415,45,1,0
BRDA:426,46,0,0
BRDA:426,46,1,0
BRDA:448,47,0,0
BRDA:448,47,1,0
BRDA:450,48,0,0
BRDA:450,48,1,0
BRDA:472,49,0,0
BRDA:472,49,1,0
BRDA:474,50,0,0
BRDA:474,50,1,0
BRDA:474,51,0,0
BRDA:474,51,1,0
BRDA:485,52,0,0
BRDA:485,52,1,0
BRDA:496,53,0,0
BRDA:496,53,1,0
BRDA:518,54,0,0
BRDA:518,54,1,0
BRDA:520,55,0,0
BRDA:520,55,1,0
BRDA:520,56,0,0
BRDA:520,56,1,0
BRDA:542,57,0,0
BRDA:542,57,1,0
BRDA:561,58,0,0
BRDA:561,58,1,0
BRDA:565,59,0,0
BRDA:565,59,1,0
BRDA:574,60,0,0
BRDA:574,60,1,0
BRDA:582,61,0,0
BRDA:582,61,1,0
BRDA:583,62,0,0
BRDA:583,62,1,0
BRDA:584,63,0,0
BRDA:584,63,1,0
BRDA:606,64,0,0
BRDA:606,64,1,0
BRDA:617,65,0,0
BRDA:617,65,1,0
BRF:133
BRH:0
end_of_record
TN:
SF:lib/database.ts
FN:5,(anonymous_0)
FN:43,(anonymous_1)
FN:51,(anonymous_2)
FN:55,(anonymous_3)
FN:61,(anonymous_4)
FN:64,(anonymous_5)
FN:69,(anonymous_6)
FN:72,(anonymous_7)
FN:75,(anonymous_8)
FN:96,(anonymous_9)
FN:101,(anonymous_10)
FN:165,(anonymous_11)
FN:176,(anonymous_12)
FN:180,(anonymous_13)
FN:190,(anonymous_14)
FN:202,(anonymous_15)
FN:205,(anonymous_16)
FN:212,(anonymous_17)
FN:289,(anonymous_18)
FN:347,(anonymous_19)
FN:369,(anonymous_20)
FN:376,(anonymous_21)
FN:384,(anonymous_22)
FN:389,(anonymous_23)
FN:406,(anonymous_24)
FN:410,(anonymous_25)
FN:433,(anonymous_26)
FN:438,(anonymous_27)
FN:441,(anonymous_28)
FN:451,(anonymous_29)
FN:463,(anonymous_30)
FN:493,(anonymous_31)
FN:501,(anonymous_32)
FN:504,(anonymous_33)
FNF:34
FNH:0
FNDA:0,(anonymous_0)
FNDA:0,(anonymous_1)
FNDA:0,(anonymous_2)
FNDA:0,(anonymous_3)
FNDA:0,(anonymous_4)
FNDA:0,(anonymous_5)
FNDA:0,(anonymous_6)
FNDA:0,(anonymous_7)
FNDA:0,(anonymous_8)
FNDA:0,(anonymous_9)
FNDA:0,(anonymous_10)
FNDA:0,(anonymous_11)
FNDA:0,(anonymous_12)
FNDA:0,(anonymous_13)
FNDA:0,(anonymous_14)
FNDA:0,(anonymous_15)
FNDA:0,(anonymous_16)
FNDA:0,(anonymous_17)
FNDA:0,(anonymous_18)
FNDA:0,(anonymous_19)
FNDA:0,(anonymous_20)
FNDA:0,(anonymous_21)
FNDA:0,(anonymous_22)
FNDA:0,(anonymous_23)
FNDA:0,(anonymous_24)
FNDA:0,(anonymous_25)
FNDA:0,(anonymous_26)
FNDA:0,(anonymous_27)
FNDA:0,(anonymous_28)
FNDA:0,(anonymous_29)
FNDA:0,(anonymous_30)
FNDA:0,(anonymous_31)
FNDA:0,(anonymous_32)
FNDA:0,(anonymous_33)
DA:5,0
DA:6,0
DA:7,0
DA:9,0
DA:35,0
DA:40,0
DA:41,0
DA:44,0
DA:45,0
DA:46,0
DA:48,0
DA:52,0
DA:53,0
DA:55,0
DA:56,0
DA:57,0
DA:58,0
DA:60,0
DA:61,0
DA:65,0
DA:66,0
DA:67,0
DA:69,0
DA:73,0
DA:74,0
DA:75,0
DA:77,0
DA:78,0
DA:85,0
DA:96,0
DA:97,0
DA:98,0
DA:102,0
DA:103,0
DA:104,0
DA:106,0
DA:157,0
DA:158,0
DA:163,0
DA:165,0
DA:166,0
DA:167,0
DA:170,0
DA:172,0
DA:176,0
DA:177,0
DA:180,0
DA:181,0
DA:190,0
DA:191,0
DA:193,0
DA:197,0
DA:198,0
DA:202,0
DA:203,0
DA:205,0
DA:207,0
DA:208,0
DA:212,0
DA:213,0
DA:215,0
DA:219,0
DA:220,0
DA:223,0
DA:224,0
DA:226,0
DA:265,0
DA:266,0
DA:283,0
DA:285,0
DA:289,0
DA:291,0
DA:292,0
DA:293,0
DA:295,0
DA:296,0
DA:298,0
DA:299,0
DA:302,0
DA:303,0
DA:304,0
DA:307,0
DA:340,0
DA:343,0
DA:347,0
DA:348,0
DA:350,0
DA:366,0
DA:369,0
DA:370,0
DA:373,0
DA:376,0
DA:377,0
DA:381,0
DA:384,0
DA:385,0
DA:386,0
DA:387,0
DA:389,0
DA:390,0
DA:391,0
DA:392,0
DA:396,0
DA:397,0
DA:398,0
DA:400,0
DA:406,0
DA:407,0
DA:410,0
DA:411,0
DA:412,0
DA:415,0
DA:422,0
DA:430,0
DA:433,0
DA:434,0
DA:438,0
DA:439,0
DA:440,0
DA:441,0
DA:444,0
DA:448,0
DA:451,0
DA:452,0
DA:453,0
DA:456,0
DA:460,0
DA:463,0
DA:464,0
DA:465,0
DA:466,0
DA:469,0
DA:470,0
DA:473,0
DA:475,0
DA:477,0
DA:485,0
DA:493,0
DA:494,0
DA:497,0
DA:500,0
DA:501,0
DA:504,0
LF:143
LH:0
BRDA:6,0,0,0
BRDA:6,0,1,0
BRDA:6,1,0,0
BRDA:6,1,1,0
BRDA:45,2,0,0
BRDA:45,2,1,0
BRDA:57,3,0,0
BRDA:57,3,1,0
BRDA:60,4,0,0
BRDA:60,4,1,0
BRDA:60,4,2,0
BRDA:66,5,0,0
BRDA:66,5,1,0
BRDA:77,6,0,0
BRDA:77,6,1,0
BRDA:81,7,0,0
BRDA:81,7,1,0
BRDA:89,8,0,0
BRDA:89,8,1,0
BRDA:102,9,0,0
BRDA:102,9,1,0
BRDA:170,10,0,0
BRDA:170,10,1,0
BRDA:197,11,0,0
BRDA:197,11,1,0
BRDA:219,12,0,0
BRDA:219,12,1,0
BRDA:219,13,0,0
BRDA:219,13,1,0
BRDA:291,14,0,0
BRDA:291,14,1,0
BRDA:302,15,0,0
BRDA:302,15,1,0
BRDA:302,16,0,0
BRDA:302,16,1,0
BRDA:302,16,2,0
BRDA:358,17,0,0
BRDA:358,17,1,0
BRDA:360,18,0,0
BRDA:360,18,1,0
BRDA:381,19,0,0
BRDA:381,19,1,0
BRDA:390,20,0,0
BRDA:390,20,1,0
BRDA:390,21,0,0
BRDA:390,21,1,0
BRDA:390,21,2,0
BRDA:411,22,0,0
BRDA:411,22,1,0
BRDA:439,23,0,0
BRDA:439,23,1,0
BRDA:441,24,0,0
BRDA:441,24,1,0
BRDA:448,25,0,0
BRDA:448,25,1,0
BRDA:452,26,0,0
BRDA:452,26,1,0
BRDA:464,27,0,0
BRDA:464,27,1,0
BRDA:470,28,0,0
BRDA:470,28,1,0
BRDA:475,29,0,0
BRDA:475,29,1,0
BRDA:481,30,0,0
BRDA:481,30,1,0
BRDA:488,31,0,0
BRDA:488,31,1,0
BRF:67
BRH:0
end_of_record
TN:
SF:lib/error-handling.ts
FN:52,(anonymous_0)
FN:57,(anonymous_1)
FN:64,(anonymous_2)
FN:68,(anonymous_3)
FN:77,(anonymous_4)
FN:81,(anonymous_5)
FN:99,(anonymous_6)
FN:130,(anonymous_7)
FN:136,(anonymous_8)
FN:142,(anonymous_9)
FN:148,(anonymous_10)
FN:154,(anonymous_11)
FN:164,(anonymous_12)
FN:169,(anonymous_13)
FN:174,(anonymous_14)
FN:179,(anonymous_15)
FN:204,(anonymous_16)
FN:225,(anonymous_17)
FN:301,(anonymous_18)
FN:309,(anonymous_19)
FN:317,(anonymous_20)
FN:329,(anonymous_21)
FN:357,(anonymous_22)
FN:375,(anonymous_23)
FN:381,(anonymous_24)
FN:401,(anonymous_25)
FN:409,(anonymous_26)
FN:420,(anonymous_27)
FN:424,(anonymous_28)
FNF:29
FNH:0
FNDA:0,(anonymous_0)
FNDA:0,(anonymous_1)
FNDA:0,(anonymous_2)
FNDA:0,(anonymous_3)
FNDA:0,(anonymous_4)
FNDA:0,(anonymous_5)
FNDA:0,(anonymous_6)
FNDA:0,(anonymous_7)
FNDA:0,(anonymous_8)
FNDA:0,(anonymous_9)
FNDA:0,(anonymous_10)
FNDA:0,(anonymous_11)
FNDA:0,(anonymous_12)
FNDA:0,(anonymous_13)
FNDA:0,(anonymous_14)
FNDA:0,(anonymous_15)
FNDA:0,(anonymous_16)
FNDA:0,(anonymous_17)
FNDA:0,(anonymous_18)
FNDA:0,(anonymous_19)
FNDA:0,(anonymous_20)
FNDA:0,(anonymous_21)
FNDA:0,(anonymous_22)
FNDA:0,(anonymous_23)
FNDA:0,(anonymous_24)
FNDA:0,(anonymous_25)
FNDA:0,(anonymous_26)
FNDA:0,(anonymous_27)
FNDA:0,(anonymous_28)
DA:49,0
DA:50,0
DA:53,0
DA:54,0
DA:58,0
DA:59,0
DA:61,0
DA:65,0
DA:70,0
DA:71,0
DA:74,0
DA:78,0
DA:88,0
DA:101,0
DA:102,0
DA:103,0
DA:107,0
DA:108,0
DA:109,0
DA:110,0
DA:113,0
DA:115,0
DA:116,0
DA:118,0
DA:119,0
DA:121,0
DA:122,0
DA:125,0
DA:126,0
DA:131,0
DA:132,0
DA:133,0
DA:137,0
DA:138,0
DA:139,0
DA:143,0
DA:144,0
DA:145,0
DA:149,0
DA:150,0
DA:151,0
DA:155,0
DA:156,0
DA:157,0
DA:160,0
DA:165,0
DA:170,0
DA:175,0
DA:180,0
DA:181,0
DA:191,0
DA:192,0
DA:193,0
DA:200,0
DA:206,0
DA:208,0
DA:210,0
DA:216,0
DA:226,0
DA:227,0
DA:234,0
DA:235,0
DA:237,0
DA:242,0
DA:247,0
DA:252,0
DA:257,0
DA:262,0
DA:267,0
DA:275,0
DA:276,0
DA:277,0
DA:283,0
DA:284,0
DA:292,0
DA:302,0
DA:303,0
DA:310,0
DA:311,0
DA:318,0
DA:337,0
DA:338,0
DA:339,0
DA:340,0
DA:341,0
DA:343,0
DA:345,0
DA:347,0
DA:351,0
DA:352,0
DA:356,0
DA:357,0
DA:362,0
DA:363,0
DA:371,0
DA:372,0
DA:373,0
DA:382,0
DA:383,0
DA:384,0
DA:385,0
DA:387,0
DA:391,0
DA:392,0
DA:393,0
DA:394,0
DA:396,0
DA:397,0
DA:402,0
DA:403,0
DA:404,0
DA:405,0
DA:410,0
DA:411,0
DA:413,0
DA:414,0
DA:415,0
DA:421,0
DA:425,0
DA:426,0
DA:427,0
DA:432,0
LF:122
LH:0
BRDA:58,0,0,0
BRDA:58,0,1,0
BRDA:70,1,0,0
BRDA:70,1,1,0
BRDA:102,2,0,0
BRDA:102,2,1,0
BRDA:109,3,0,0
BRDA:109,3,1,0
BRDA:113,4,0,0
BRDA:113,4,1,0
BRDA:113,4,2,0
BRDA:113,4,3,0
BRDA:113,4,4,0
BRDA:115,5,0,0
BRDA:115,5,1,0
BRDA:125,6,0,0
BRDA:125,6,1,0
BRDA:131,7,0,0
BRDA:131,7,1,0
BRDA:137,8,0,0
BRDA:137,8,1,0
BRDA:143,9,0,0
BRDA:143,9,1,0
BRDA:149,10,0,0
BRDA:149,10,1,0
BRDA:155,11,0,0
BRDA:155,11,1,0
BRDA:160,12,0,0
BRDA:160,12,1,0
BRDA:164,13,0,0
BRDA:191,14,0,0
BRDA:191,14,1,0
BRDA:226,15,0,0
BRDA:226,15,1,0
BRDA:234,16,0,0
BRDA:234,16,1,0
BRDA:235,17,0,0
BRDA:235,17,1,0
BRDA:235,17,2,0
BRDA:235,17,3,0
BRDA:235,17,4,0
BRDA:235,17,5,0
BRDA:235,17,6,0
BRDA:275,18,0,0
BRDA:275,18,1,0
BRDA:276,19,0,0
BRDA:276,19,1,0
BRDA:283,20,0,0
BRDA:283,20,1,0
BRDA:301,21,0,0
BRDA:303,22,0,0
BRDA:303,22,1,0
BRDA:318,23,0,0
BRDA:318,23,1,0
BRDA:331,24,0,0
BRDA:332,25,0,0
BRDA:333,26,0,0
BRDA:340,27,0,0
BRDA:340,27,1,0
BRDA:345,28,0,0
BRDA:345,28,1,0
BRDA:351,29,0,0
BRDA:351,29,1,0
BRDA:351,30,0,0
BRDA:351,30,1,0
BRDA:376,31,0,0
BRDA:377,32,0,0
BRDA:378,33,0,0
BRDA:382,34,0,0
BRDA:382,34,1,0
BRDA:383,35,0,0
BRDA:383,35,1,0
BRDA:403,36,0,0
BRDA:403,36,1,0
BRDA:413,37,0,0
BRDA:413,37,1,0
BRDA:413,38,0,0
BRDA:413,38,1,0
BRF:78
BRH:0
end_of_record
TN:
SF:lib/medication-status-provider.tsx
FN:39,MedicationStatusProvider
FN:51,(anonymous_1)
FN:57,(anonymous_2)
FN:58,(anonymous_3)
FN:105,(anonymous_4)
FN:111,(anonymous_5)
FN:112,(anonymous_6)
FN:115,(anonymous_7)
FN:116,(anonymous_8)
FN:119,(anonymous_9)
FN:120,(anonymous_10)
FN:123,(anonymous_11)
FN:124,(anonymous_12)
FN:144,(anonymous_13)
FN:162,(anonymous_14)
FN:167,(anonymous_15)
FN:172,(anonymous_16)
FN:177,(anonymous_17)
FN:200,useMedicationStatus
FN:209,useCurrentMedications
FN:214,useUpcomingMedications
FN:219,useOverdueMedications
FN:224,useAllMedications
FNF:23
FNH:0
FNDA:0,MedicationStatusProvider
FNDA:0,(anonymous_1)
FNDA:0,(anonymous_2)
FNDA:0,(anonymous_3)
FNDA:0,(anonymous_4)
FNDA:0,(anonymous_5)
FNDA:0,(anonymous_6)
FNDA:0,(anonymous_7)
FNDA:0,(anonymous_8)
FNDA:0,(anonymous_9)
FNDA:0,(anonymous_10)
FNDA:0,(anonymous_11)
FNDA:0,(anonymous_12)
FNDA:0,(anonymous_13)
FNDA:0,(anonymous_14)
FNDA:0,(anonymous_15)
FNDA:0,(anonymous_16)
FNDA:0,(anonymous_17)
FNDA:0,useMedicationStatus
FNDA:0,useCurrentMedications
FNDA:0,useUpcomingMedications
FNDA:0,useOverdueMedications
FNDA:0,useAllMedications
DA:31,0
DA:44,0
DA:45,0
DA:46,0
DA:47,0
DA:48,0
DA:49,0
DA:51,0
DA:52,0
DA:53,0
DA:54,0
DA:57,0
DA:58,0
DA:61,0
DA:74,0
DA:75,0
DA:76,0
DA:77,0
DA:79,0
DA:89,0
DA:90,0
DA:91,0
DA:96,0
DA:97,0
DA:98,0
DA:99,0
DA:101,0
DA:105,0
DA:106,0
DA:107,0
DA:108,0
DA:111,0
DA:112,0
DA:115,0
DA:116,0
DA:119,0
DA:120,0
DA:123,0
DA:124,0
DA:125,0
DA:132,0
DA:134,0
DA:136,0
DA:137,0
DA:138,0
DA:144,0
DA:145,0
DA:146,0
DA:147,0
DA:150,0
DA:152,0
DA:154,0
DA:155,0
DA:156,0
DA:162,0
DA:163,0
DA:167,0
DA:168,0
DA:172,0
DA:173,0
DA:175,0
DA:177,0
DA:180,0
DA:193,0
DA:201,0
DA:202,0
DA:203,0
DA:205,0
DA:210,0
DA:211,0
DA:215,0
DA:216,0
DA:220,0
DA:221,0
DA:225,0
DA:226,0
LF:76
LH:0
BRDA:41,0,0,0
BRDA:42,1,0,0
BRDA:89,2,0,0
BRDA:89,2,1,0
BRDA:91,3,0,0
BRDA:91,3,1,0
BRDA:125,4,0,0
BRDA:125,4,1,0
BRDA:136,5,0,0
BRDA:136,5,1,0
BRDA:138,6,0,0
BRDA:138,6,1,0
BRDA:154,7,0,0
BRDA:154,7,1,0
BRDA:156,8,0,0
BRDA:156,8,1,0
BRDA:173,9,0,0
BRDA:173,9,1,0
BRDA:202,10,0,0
BRDA:202,10,1,0
BRF:20
BRH:0
end_of_record
TN:
SF:lib/medication-status.ts
FN:47,(anonymous_0)
FN:59,(anonymous_1)
FN:70,(anonymous_2)
FN:97,(anonymous_3)
FN:123,(anonymous_4)
FN:149,(anonymous_5)
FN:161,(anonymous_6)
FN:165,(anonymous_7)
FN:177,(anonymous_8)
FN:209,(anonymous_9)
FN:214,(anonymous_10)
FN:215,(anonymous_11)
FN:227,(anonymous_12)
FN:232,(anonymous_13)
FN:233,(anonymous_14)
FN:245,(anonymous_15)
FN:284,(anonymous_16)
FN:317,(anonymous_17)
FN:354,(anonymous_18)
FN:370,(anonymous_19)
FN:371,(anonymous_20)
FN:374,(anonymous_21)
FN:375,(anonymous_22)
FNF:23
FNH:0
FNDA:0,(anonymous_0)
FNDA:0,(anonymous_1)
FNDA:0,(anonymous_2)
FNDA:0,(anonymous_3)
FNDA:0,(anonymous_4)
FNDA:0,(anonymous_5)
FNDA:0,(anonymous_6)
FNDA:0,(anonymous_7)
FNDA:0,(anonymous_8)
FNDA:0,(anonymous_9)
FNDA:0,(anonymous_10)
FNDA:0,(anonymous_11)
FNDA:0,(anonymous_12)
FNDA:0,(anonymous_13)
FNDA:0,(anonymous_14)
FNDA:0,(anonymous_15)
FNDA:0,(anonymous_16)
FNDA:0,(anonymous_17)
FNDA:0,(anonymous_18)
FNDA:0,(anonymous_19)
FNDA:0,(anonymous_20)
FNDA:0,(anonymous_21)
FNDA:0,(anonymous_22)
DA:48,0
DA:49,0
DA:50,0
DA:52,0
DA:53,0
DA:56,0
DA:57,0
DA:59,0
DA:61,0
DA:63,0
DA:71,0
DA:72,0
DA:73,0
DA:75,0
DA:76,0
DA:77,0
DA:79,0
DA:98,0
DA:99,0
DA:100,0
DA:101,0
DA:103,0
DA:105,0
DA:106,0
DA:109,0
DA:113,0
DA:116,0
DA:124,0
DA:125,0
DA:126,0
DA:127,0
DA:129,0
DA:131,0
DA:132,0
DA:135,0
DA:139,0
DA:142,0
DA:155,0
DA:157,0
DA:158,0
DA:161,0
DA:164,0
DA:165,0
DA:166,0
DA:168,0
DA:169,0
DA:170,0
DA:172,0
DA:177,0
DA:178,0
DA:180,0
DA:182,0
DA:183,0
DA:185,0
DA:186,0
DA:188,0
DA:189,0
DA:191,0
DA:194,0
DA:197,0
DA:199,0
DA:202,0
DA:210,0
DA:211,0
DA:213,0
DA:214,0
DA:215,0
DA:217,0
DA:220,0
DA:228,0
DA:229,0
DA:231,0
DA:232,0
DA:233,0
DA:235,0
DA:238,0
DA:257,0
DA:258,0
DA:271,0
DA:272,0
DA:273,0
DA:275,0
DA:276,0
DA:277,0
DA:278,0
DA:280,0
DA:281,0
DA:283,0
DA:284,0
DA:285,0
DA:287,0
DA:288,0
DA:295,0
DA:296,0
DA:297,0
DA:301,0
DA:302,0
DA:303,0
DA:305,0
DA:307,0
DA:310,0
DA:318,0
DA:319,0
DA:320,0
DA:321,0
DA:324,0
DA:325,0
DA:326,0
DA:329,0
DA:330,0
DA:333,0
DA:334,0
DA:335,0
DA:338,0
DA:342,0
DA:344,0
DA:347,0
DA:362,0
DA:363,0
DA:369,0
DA:370,0
DA:371,0
DA:372,0
DA:374,0
DA:375,0
DA:377,0
DA:386,0
DA:389,0
LF:128
LH:0
BRDA:52,0,0,0
BRDA:52,0,1,0
BRDA:53,1,0,0
BRDA:53,1,1,0
BRDA:56,2,0,0
BRDA:56,2,1,0
BRDA:61,3,0,0
BRDA:61,3,1,0
BRDA:75,4,0,0
BRDA:75,4,1,0
BRDA:76,5,0,0
BRDA:76,5,1,0
BRDA:76,5,2,0
BRDA:77,6,0,0
BRDA:77,6,1,0
BRDA:77,6,2,0
BRDA:77,6,3,0
BRDA:83,7,0,0
BRDA:83,7,1,0
BRDA:84,8,0,0
BRDA:84,8,1,0
BRDA:85,9,0,0
BRDA:85,9,1,0
BRDA:86,10,0,0
BRDA:86,10,1,0
BRDA:87,11,0,0
BRDA:87,11,1,0
BRDA:99,12,0,0
BRDA:99,12,1,0
BRDA:105,13,0,0
BRDA:105,13,1,0
BRDA:106,14,0,0
BRDA:106,14,1,0
BRDA:113,15,0,0
BRDA:113,15,1,0
BRDA:125,16,0,0
BRDA:125,16,1,0
BRDA:131,17,0,0
BRDA:131,17,1,0
BRDA:132,18,0,0
BRDA:132,18,1,0
BRDA:139,19,0,0
BRDA:139,19,1,0
BRDA:149,20,0,0
BRDA:151,21,0,0
BRDA:152,22,0,0
BRDA:153,23,0,0
BRDA:154,24,0,0
BRDA:161,25,0,0
BRDA:161,25,1,0
BRDA:164,26,0,0
BRDA:164,26,1,0
BRDA:166,27,0,0
BRDA:166,27,1,0
BRDA:169,28,0,0
BRDA:169,28,1,0
BRDA:170,29,0,0
BRDA:170,29,1,0
BRDA:172,30,0,0
BRDA:172,30,1,0
BRDA:180,31,0,0
BRDA:180,31,1,0
BRDA:180,31,2,0
BRDA:180,31,3,0
BRDA:185,32,0,0
BRDA:185,32,1,0
BRDA:185,33,0,0
BRDA:185,33,1,0
BRDA:188,34,0,0
BRDA:188,34,1,0
BRDA:188,35,0,0
BRDA:188,35,1,0
BRDA:194,36,0,0
BRDA:194,36,1,0
BRDA:199,37,0,0
BRDA:199,37,1,0
BRDA:209,38,0,0
BRDA:214,39,0,0
BRDA:214,39,1,0
BRDA:214,39,2,0
BRDA:214,39,3,0
BRDA:215,40,0,0
BRDA:215,40,1,0
BRDA:215,41,0,0
BRDA:215,41,1,0
BRDA:217,42,0,0
BRDA:217,42,1,0
BRDA:233,43,0,0
BRDA:233,43,1,0
BRDA:233,44,0,0
BRDA:233,44,1,0
BRDA:235,45,0,0
BRDA:235,45,1,0
BRDA:245,46,0,0
BRDA:281,47,0,0
BRDA:281,47,1,0
BRDA:281,48,0,0
BRDA:281,48,1,0
BRDA:287,49,0,0
BRDA:287,49,1,0
BRDA:292,50,0,0
BRDA:292,50,1,0
BRDA:303,51,0,0
BRDA:303,51,1,0
BRDA:307,52,0,0
BRDA:307,52,1,0
BRDA:325,53,0,0
BRDA:325,53,1,0
BRDA:326,54,0,0
BRDA:326,54,1,0
BRDA:329,55,0,0
BRDA:329,55,1,0
BRDA:334,56,0,0
BRDA:334,56,1,0
BRDA:335,57,0,0
BRDA:335,57,1,0
BRDA:344,58,0,0
BRDA:344,58,1,0
BRDA:386,59,0,0
BRDA:386,59,1,0
BRF:120
BRH:0
end_of_record
TN:
SF:lib/notifications.ts
FN:10,registerForPushNotificationsAsync
FN:62,scheduleMedicationNotification
FN:108,cancelAllNotifications
FN:113,scheduleTestNotification
FN:143,scheduleAllPendingMedications
FN:153,(anonymous_5)
FNF:6
FNH:0
FNDA:0,registerForPushNotificationsAsync
FNDA:0,scheduleMedicationNotification
FNDA:0,cancelAllNotifications
FNDA:0,scheduleTestNotification
FNDA:0,scheduleAllPendingMedications
FNDA:0,(anonymous_5)
DA:11,0
DA:13,0
DA:14,0
DA:15,0
DA:19,0
DA:20,0
DA:29,0
DA:30,0
DA:31,0
DA:32,0
DA:33,0
DA:36,0
DA:37,0
DA:38,0
DA:42,0
DA:43,0
DA:45,0
DA:50,0
DA:52,0
DA:57,0
DA:64,0
DA:66,0
DA:67,0
DA:73,0
DA:76,0
DA:77,0
DA:80,0
DA:94,0
DA:102,0
DA:109,0
DA:114,0
DA:116,0
DA:117,0
DA:118,0
DA:121,0
DA:122,0
DA:133,0
DA:134,0
DA:136,0
DA:138,0
DA:144,0
DA:146,0
DA:147,0
DA:149,0
DA:152,0
DA:153,0
DA:156,0
DA:158,0
DA:159,0
DA:160,0
DA:161,0
DA:162,0
DA:166,0
DA:170,0
LF:54
LH:0
BRDA:13,0,0,0
BRDA:13,0,1,0
BRDA:19,1,0,0
BRDA:19,1,1,0
BRDA:31,2,0,0
BRDA:31,2,1,0
BRDA:36,3,0,0
BRDA:36,3,1,0
BRDA:53,4,0,0
BRDA:53,4,1,0
BRDA:66,5,0,0
BRDA:66,5,1,0
BRDA:80,6,0,0
BRDA:80,6,1,0
BRDA:116,7,0,0
BRDA:116,7,1,0
BRDA:136,8,0,0
BRDA:136,8,1,0
BRDA:146,9,0,0
BRDA:146,9,1,0
BRDA:160,10,0,0
BRDA:160,10,1,0
BRDA:171,11,0,0
BRDA:171,11,1,0
BRF:24
BRH:0
end_of_record
TN:
SF:lib/platform-storage.ts
FN:29,(anonymous_0)
FN:45,(anonymous_1)
FN:53,(anonymous_2)
FN:77,withTimeout
FN:83,(anonymous_4)
FN:84,(anonymous_5)
FN:102,(anonymous_6)
FN:119,(anonymous_7)
FN:128,(anonymous_8)
FN:137,(anonymous_9)
FN:150,(anonymous_10)
FN:155,(anonymous_11)
FN:167,(anonymous_12)
FN:170,(anonymous_13)
FN:180,(anonymous_14)
FN:184,(anonymous_15)
FN:205,(anonymous_16)
FN:208,(anonymous_17)
FN:236,(anonymous_18)
FN:239,(anonymous_19)
FN:242,(anonymous_20)
FN:255,(anonymous_21)
FN:260,(anonymous_22)
FN:266,(anonymous_23)
FN:277,(anonymous_24)
FN:281,(anonymous_25)
FN:285,(anonymous_26)
FN:296,(anonymous_27)
FN:299,(anonymous_28)
FN:309,(anonymous_29)
FN:315,(anonymous_30)
FN:329,(anonymous_31)
FN:350,(anonymous_32)
FN:364,(anonymous_33)
FN:366,(anonymous_34)
FN:380,(anonymous_35)
FN:389,(anonymous_36)
FN:423,(anonymous_37)
FN:435,(anonymous_38)
FN:446,(anonymous_39)
FN:457,(anonymous_40)
FN:461,(anonymous_41)
FN:465,(anonymous_42)
FN:469,(anonymous_43)
FN:473,(anonymous_44)
FN:477,(anonymous_45)
FN:481,(anonymous_46)
FN:485,(anonymous_47)
FN:489,(anonymous_48)
FN:493,(anonymous_49)
FN:497,(anonymous_50)
FN:501,(anonymous_51)
FN:508,(anonymous_52)
FN:515,(anonymous_53)
FNF:54
FNH:0
FNDA:0,(anonymous_0)
FNDA:0,(anonymous_1)
FNDA:0,(anonymous_2)
FNDA:0,withTimeout
FNDA:0,(anonymous_4)
FNDA:0,(anonymous_5)
FNDA:0,(anonymous_6)
FNDA:0,(anonymous_7)
FNDA:0,(anonymous_8)
FNDA:0,(anonymous_9)
FNDA:0,(anonymous_10)
FNDA:0,(anonymous_11)
FNDA:0,(anonymous_12)
FNDA:0,(anonymous_13)
FNDA:0,(anonymous_14)
FNDA:0,(anonymous_15)
FNDA:0,(anonymous_16)
FNDA:0,(anonymous_17)
FNDA:0,(anonymous_18)
FNDA:0,(anonymous_19)
FNDA:0,(anonymous_20)
FNDA:0,(anonymous_21)
FNDA:0,(anonymous_22)
FNDA:0,(anonymous_23)
FNDA:0,(anonymous_24)
FNDA:0,(anonymous_25)
FNDA:0,(anonymous_26)
FNDA:0,(anonymous_27)
FNDA:0,(anonymous_28)
FNDA:0,(anonymous_29)
FNDA:0,(anonymous_30)
FNDA:0,(anonymous_31)
FNDA:0,(anonymous_32)
FNDA:0,(anonymous_33)
FNDA:0,(anonymous_34)
FNDA:0,(anonymous_35)
FNDA:0,(anonymous_36)
FNDA:0,(anonymous_37)
FNDA:0,(anonymous_38)
FNDA:0,(anonymous_39)
FNDA:0,(anonymous_40)
FNDA:0,(anonymous_41)
FNDA:0,(anonymous_42)
FNDA:0,(anonymous_43)
FNDA:0,(anonymous_44)
FNDA:0,(anonymous_45)
FNDA:0,(anonymous_46)
FNDA:0,(anonymous_47)
FNDA:0,(anonymous_48)
FNDA:0,(anonymous_49)
FNDA:0,(anonymous_50)
FNDA:0,(anonymous_51)
FNDA:0,(anonymous_52)
FNDA:0,(anonymous_53)
DA:26,0
DA:29,0
DA:30,0
DA:31,0
DA:32,0
DA:33,0
DA:35,0
DA:38,0
DA:50,0
DA:54,0
DA:55,0
DA:59,0
DA:60,0
DA:67,0
DA:81,0
DA:84,0
DA:85,0
DA:99,0
DA:100,0
DA:103,0
DA:104,0
DA:105,0
DA:106,0
DA:109,0
DA:110,0
DA:111,0
DA:114,0
DA:120,0
DA:121,0
DA:123,0
DA:129,0
DA:130,0
DA:132,0
DA:138,0
DA:139,0
DA:140,0
DA:141,0
DA:143,0
DA:152,0
DA:156,0
DA:157,0
DA:158,0
DA:160,0
DA:168,0
DA:169,0
DA:170,0
DA:171,0
DA:173,0
DA:181,0
DA:182,0
DA:183,0
DA:184,0
DA:186,0
DA:193,0
DA:194,0
DA:196,0
DA:198,0
DA:206,0
DA:207,0
DA:208,0
DA:210,0
DA:211,0
DA:220,0
DA:226,0
DA:227,0
DA:229,0
DA:237,0
DA:238,0
DA:239,0
DA:242,0
DA:244,0
DA:245,0
DA:246,0
DA:248,0
DA:256,0
DA:257,0
DA:258,0
DA:260,0
DA:261,0
DA:262,0
DA:263,0
DA:265,0
DA:266,0
DA:268,0
DA:270,0
DA:278,0
DA:282,0
DA:283,0
DA:284,0
DA:285,0
DA:287,0
DA:289,0
DA:297,0
DA:298,0
DA:299,0
DA:300,0
DA:302,0
DA:310,0
DA:311,0
DA:312,0
DA:314,0
DA:315,0
DA:318,0
DA:320,0
DA:328,0
DA:329,0
DA:337,0
DA:340,0
DA:341,0
DA:343,0
DA:351,0
DA:352,0
DA:354,0
DA:355,0
DA:356,0
DA:359,0
DA:360,0
DA:361,0
DA:364,0
DA:366,0
DA:371,0
DA:373,0
DA:381,0
DA:382,0
DA:385,0
DA:386,0
DA:387,0
DA:389,0
DA:398,0
DA:399,0
DA:400,0
DA:403,0
DA:404,0
DA:407,0
DA:409,0
DA:424,0
DA:425,0
DA:427,0
DA:428,0
DA:429,0
DA:431,0
DA:436,0
DA:437,0
DA:439,0
DA:447,0
DA:448,0
DA:450,0
DA:458,0
DA:462,0
DA:466,0
DA:470,0
DA:474,0
DA:478,0
DA:482,0
DA:486,0
DA:490,0
DA:494,0
DA:498,0
DA:502,0
DA:509,0
DA:516,0
DA:521,0
LF:162
LH:0
BRDA:30,0,0,0
BRDA:30,0,1,0
BRDA:30,1,0,0
BRDA:30,1,1,0
BRDA:33,2,0,0
BRDA:33,2,1,0
BRDA:54,3,0,0
BRDA:54,3,1,0
BRDA:54,4,0,0
BRDA:54,4,1,0
BRDA:54,4,2,0
BRDA:59,5,0,0
BRDA:59,5,1,0
BRDA:79,6,0,0
BRDA:105,7,0,0
BRDA:105,7,1,0
BRDA:110,8,0,0
BRDA:110,8,1,0
BRDA:114,9,0,0
BRDA:114,9,1,0
BRDA:123,10,0,0
BRDA:123,10,1,0
BRDA:132,11,0,0
BRDA:132,11,1,0
BRDA:170,12,0,0
BRDA:170,12,1,0
BRDA:210,13,0,0
BRDA:210,13,1,0
BRDA:262,14,0,0
BRDA:262,14,1,0
BRDA:265,15,0,0
BRDA:265,15,1,0
BRDA:265,15,2,0
BRDA:284,16,0,0
BRDA:284,16,1,0
BRDA:285,17,0,0
BRDA:285,17,1,0
BRDA:315,18,0,0
BRDA:315,18,1,0
BRDA:318,19,0,0
BRDA:318,19,1,0
BRDA:323,20,0,0
BRDA:323,20,1,0
BRDA:333,21,0,0
BRDA:333,21,1,0
BRDA:355,22,0,0
BRDA:355,22,1,0
BRDA:355,23,0,0
BRDA:355,23,1,0
BRDA:360,24,0,0
BRDA:360,24,1,0
BRDA:360,25,0,0
BRDA:360,25,1,0
BRDA:368,26,0,0
BRDA:368,26,1,0
BRDA:385,27,0,0
BRDA:385,27,1,0
BRDA:385,28,0,0
BRDA:385,28,1,0
BRDA:401,29,0,0
BRDA:401,29,1,0
BRDA:403,30,0,0
BRDA:403,30,1,0
BRDA:424,31,0,0
BRDA:424,31,1,0
BRDA:428,32,0,0
BRDA:428,32,1,0
BRDA:516,33,0,0
BRDA:516,33,1,0
BRF:69
BRH:0
end_of_record
TN:
SF:lib/theme.ts
FNF:0
FNH:0
DA:3,0
DA:108,0
DA:134,0
LF:3
LH:0
BRF:0
BRH:0
end_of_record
TN:
SF:lib/time-constants.ts
FNF:0
FNH:0
DA:16,0
DA:26,0
DA:35,0
DA:43,0
LF:4
LH:0
BRF:0
BRH:0
end_of_record
TN:
SF:lib/time-utils.ts
FN:37,(anonymous_0)
FN:82,(anonymous_1)
FN:124,(anonymous_2)
FN:174,(anonymous_3)
FN:214,(anonymous_4)
FN:223,(anonymous_5)
FN:230,(anonymous_6)
FN:249,(anonymous_7)
FN:270,(anonymous_8)
FN:286,(anonymous_9)
FN:309,(anonymous_10)
FN:327,(anonymous_11)
FN:341,(anonymous_12)
FN:365,(anonymous_13)
FN:379,(anonymous_14)
FN:380,(anonymous_15)
FN:400,parseMedicationTime
FN:416,formatMedicationTime
FN:423,isValidTimeFormat
FNF:19
FNH:19
FNDA:103,(anonymous_0)
FNDA:99,(anonymous_1)
FNDA:45,(anonymous_2)
FNDA:19,(anonymous_3)
FNDA:88,(anonymous_4)
FNDA:88,(anonymous_5)
FNDA:15,(anonymous_6)
FNDA:1,(anonymous_7)
FNDA:6,(anonymous_8)
FNDA:5,(anonymous_9)
FNDA:6,(anonymous_10)
FNDA:2,(anonymous_11)
FNDA:5,(anonymous_12)
FNDA:7,(anonymous_13)
FNDA:3,(anonymous_14)
FNDA:16,(anonymous_15)
FNDA:2,parseMedicationTime
FNDA:1,formatMedicationTime
FNDA:4,isValidTimeFormat
DA:38,103
DA:39,4
DA:49,99
DA:52,99
DA:53,99
DA:54,54
DA:58,45
DA:59,45
DA:60,26
DA:64,19
DA:65,19
DA:66,1
DA:69,18
DA:83,99
DA:84,99
DA:86,99
DA:87,45
DA:97,54
DA:98,54
DA:101,54
DA:102,0
DA:112,54
DA:125,45
DA:126,45
DA:128,45
DA:129,19
DA:139,26
DA:140,26
DA:141,26
DA:144,26
DA:145,0
DA:156,26
DA:157,11
DA:158,15
DA:159,3
DA:162,26
DA:175,19
DA:176,19
DA:178,19
DA:179,18
DA:189,1
DA:191,1
DA:192,0
DA:202,1
DA:215,88
DA:216,88
DA:217,88
DA:224,88
DA:231,15
DA:233,15
DA:234,7
DA:240,8
DA:255,1
DA:256,1
DA:257,1
DA:259,1
DA:271,6
DA:272,6
DA:273,1
DA:276,5
DA:277,5
DA:278,5
DA:280,5
DA:287,5
DA:288,5
DA:289,1
DA:292,4
DA:293,4
DA:294,4
DA:296,4
DA:299,4
DA:300,3
DA:303,4
DA:310,6
DA:311,2
DA:314,4
DA:315,4
DA:317,4
DA:318,2
DA:321,2
DA:328,2
DA:329,2
DA:330,1
DA:333,1
DA:334,1
DA:335,1
DA:342,5
DA:343,5
DA:345,5
DA:346,2
DA:349,3
DA:350,3
DA:352,3
DA:355,3
DA:356,1
DA:359,3
DA:366,7
DA:367,7
DA:369,7
DA:370,2
DA:373,5
DA:380,3
DA:381,16
DA:382,16
DA:384,16
DA:385,2
DA:388,14
DA:389,14
DA:391,14
DA:401,2
DA:403,2
DA:404,1
DA:407,1
DA:417,1
DA:424,4
LF:115
LH:112
BRDA:38,0,0,4
BRDA:38,0,1,99
BRDA:38,1,0,103
BRDA:38,1,1,100
BRDA:53,2,0,54
BRDA:53,2,1,45
BRDA:59,3,0,26
BRDA:59,3,1,19
BRDA:65,4,0,1
BRDA:65,4,1,18
BRDA:86,5,0,45
BRDA:86,5,1,54
BRDA:101,6,0,0
BRDA:101,6,1,54
BRDA:101,7,0,54
BRDA:101,7,1,54
BRDA:101,7,2,54
BRDA:101,7,3,54
BRDA:128,8,0,19
BRDA:128,8,1,26
BRDA:144,9,0,0
BRDA:144,9,1,26
BRDA:144,10,0,26
BRDA:144,10,1,26
BRDA:144,10,2,26
BRDA:144,10,3,26
BRDA:156,11,0,11
BRDA:156,11,1,15
BRDA:156,12,0,26
BRDA:156,12,1,13
BRDA:158,13,0,3
BRDA:158,13,1,12
BRDA:158,14,0,15
BRDA:158,14,1,13
BRDA:178,15,0,18
BRDA:178,15,1,1
BRDA:191,16,0,0
BRDA:191,16,1,1
BRDA:191,17,0,1
BRDA:191,17,1,1
BRDA:215,18,0,37
BRDA:215,18,1,51
BRDA:216,19,0,88
BRDA:216,19,1,9
BRDA:233,20,0,7
BRDA:233,20,1,8
BRDA:272,21,0,1
BRDA:272,21,1,5
BRDA:288,22,0,1
BRDA:288,22,1,4
BRDA:299,23,0,3
BRDA:299,23,1,1
BRDA:310,24,0,2
BRDA:310,24,1,4
BRDA:311,25,0,1
BRDA:311,25,1,1
BRDA:317,26,0,2
BRDA:317,26,1,2
BRDA:318,27,0,1
BRDA:318,27,1,1
BRDA:321,28,0,1
BRDA:321,28,1,1
BRDA:321,29,0,2
BRDA:321,29,1,0
BRDA:329,30,0,1
BRDA:329,30,1,1
BRDA:345,31,0,2
BRDA:345,31,1,3
BRDA:345,32,0,5
BRDA:345,32,1,4
BRDA:355,33,0,1
BRDA:355,33,1,2
BRDA:369,34,0,2
BRDA:369,34,1,5
BRDA:369,35,0,7
BRDA:369,35,1,6
BRDA:373,36,0,5
BRDA:373,36,1,3
BRDA:384,37,0,2
BRDA:384,37,1,14
BRDA:384,38,0,16
BRDA:384,38,1,15
BRDA:403,39,0,1
BRDA:403,39,1,1
BRF:84
BRH:80
end_of_record
TN:
SF:lib/utils.ts
FN:4,cn
FN:8,getTimeOfDay
FNF:2
FNH:2
FNDA:7,cn
FNDA:8,getTimeOfDay
DA:5,7
DA:9,8
DA:10,8
DA:11,5
DA:12,2
LF:5
LH:5
BRDA:10,0,0,3
BRDA:10,0,1,5
BRDA:11,1,0,3
BRDA:11,1,1,2
BRF:4
BRH:4
end_of_record
TN:
SF:lib/adapters/sqlite-native.ts
FN:37,(anonymous_0)
FN:45,(anonymous_1)
FN:56,(anonymous_2)
FN:60,(anonymous_3)
FN:70,(anonymous_4)
FN:80,(anonymous_5)
FN:86,(anonymous_6)
FN:94,(anonymous_7)
FN:128,(anonymous_8)
FN:170,(anonymous_9)
FN:222,(anonymous_10)
FN:241,(anonymous_11)
FN:269,(anonymous_12)
FN:298,(anonymous_13)
FN:341,(anonymous_14)
FN:357,(anonymous_15)
FN:395,(anonymous_16)
FN:421,(anonymous_17)
FN:456,(anonymous_18)
FN:460,(anonymous_19)
FN:489,(anonymous_20)
FN:518,(anonymous_21)
FN:566,(anonymous_22)
FN:579,(anonymous_23)
FN:581,(anonymous_24)
FN:599,(anonymous_25)
FNF:26
FNH:0
FNDA:0,(anonymous_0)
FNDA:0,(anonymous_1)
FNDA:0,(anonymous_2)
FNDA:0,(anonymous_3)
FNDA:0,(anonymous_4)
FNDA:0,(anonymous_5)
FNDA:0,(anonymous_6)
FNDA:0,(anonymous_7)
FNDA:0,(anonymous_8)
FNDA:0,(anonymous_9)
FNDA:0,(anonymous_10)
FNDA:0,(anonymous_11)
FNDA:0,(anonymous_12)
FNDA:0,(anonymous_13)
FNDA:0,(anonymous_14)
FNDA:0,(anonymous_15)
FNDA:0,(anonymous_16)
FNDA:0,(anonymous_17)
FNDA:0,(anonymous_18)
FNDA:0,(anonymous_19)
FNDA:0,(anonymous_20)
FNDA:0,(anonymous_21)
FNDA:0,(anonymous_22)
FNDA:0,(anonymous_23)
FNDA:0,(anonymous_24)
FNDA:0,(anonymous_25)
DA:23,0
DA:24,0
DA:33,0
DA:34,0
DA:35,0
DA:38,0
DA:39,0
DA:41,0
DA:46,0
DA:47,0
DA:50,0
DA:52,0
DA:57,0
DA:61,0
DA:71,0
DA:72,0
DA:76,0
DA:77,0
DA:80,0
DA:81,0
DA:86,0
DA:88,0
DA:90,0
DA:95,0
DA:129,0
DA:131,0
DA:135,0
DA:136,0
DA:139,0
DA:140,0
DA:142,0
DA:143,0
DA:160,0
DA:164,0
DA:166,0
DA:171,0
DA:172,0
DA:173,0
DA:182,0
DA:183,0
DA:192,0
DA:194,0
DA:195,0
DA:198,0
DA:199,0
DA:202,0
DA:205,0
DA:206,0
DA:207,0
DA:209,0
DA:211,0
DA:223,0
DA:224,0
DA:226,0
DA:228,0
DA:230,0
DA:242,0
DA:243,0
DA:244,0
DA:253,0
DA:256,0
DA:258,0
DA:270,0
DA:271,0
DA:272,0
DA:281,0
DA:285,0
DA:287,0
DA:299,0
DA:300,0
DA:301,0
DA:310,0
DA:312,0
DA:328,0
DA:330,0
DA:342,0
DA:343,0
DA:344,0
DA:353,0
DA:354,0
DA:355,0
DA:357,0
DA:358,0
DA:359,0
DA:360,0
DA:364,0
DA:365,0
DA:374,0
DA:375,0
DA:377,0
DA:382,0
DA:384,0
DA:396,0
DA:397,0
DA:398,0
DA:407,0
DA:408,0
DA:410,0
DA:422,0
DA:423,0
DA:424,0
DA:433,0
DA:435,0
DA:443,0
DA:445,0
DA:457,0
DA:461,0
DA:462,0
DA:463,0
DA:472,0
DA:476,0
DA:478,0
DA:490,0
DA:491,0
DA:492,0
DA:501,0
DA:505,0
DA:507,0
DA:519,0
DA:520,0
DA:521,0
DA:530,0
DA:531,0
DA:534,0
DA:536,0
DA:538,0
DA:546,0
DA:553,0
DA:555,0
DA:567,0
DA:568,0
DA:569,0
DA:570,0
DA:573,0
DA:574,0
DA:575,0
DA:576,0
DA:579,0
DA:581,0
DA:586,0
DA:588,0
DA:600,0
DA:601,0
DA:602,0
DA:611,0
DA:612,0
DA:614,0
LF:147
LH:0
BRDA:50,0,0,0
BRDA:50,0,1,0
BRDA:76,1,0,0
BRDA:76,1,1,0
BRDA:88,2,0,0
BRDA:88,2,1,0
BRDA:135,3,0,0
BRDA:135,3,1,0
BRDA:135,4,0,0
BRDA:135,4,1,0
BRDA:152,5,0,0
BRDA:152,5,1,0
BRDA:161,6,0,0
BRDA:161,6,1,0
BRDA:164,7,0,0
BRDA:164,7,1,0
BRDA:172,8,0,0
BRDA:172,8,1,0
BRDA:182,9,0,0
BRDA:182,9,1,0
BRDA:198,10,0,0
BRDA:198,10,1,0
BRDA:198,11,0,0
BRDA:198,11,1,0
BRDA:198,11,2,0
BRDA:224,12,0,0
BRDA:224,12,1,0
BRDA:243,13,0,0
BRDA:243,13,1,0
BRDA:271,14,0,0
BRDA:271,14,1,0
BRDA:285,15,0,0
BRDA:285,15,1,0
BRDA:300,16,0,0
BRDA:300,16,1,0
BRDA:320,17,0,0
BRDA:320,17,1,0
BRDA:322,18,0,0
BRDA:322,18,1,0
BRDA:343,19,0,0
BRDA:343,19,1,0
BRDA:358,20,0,0
BRDA:358,20,1,0
BRDA:358,21,0,0
BRDA:358,21,1,0
BRDA:358,21,2,0
BRDA:364,22,0,0
BRDA:364,22,1,0
BRDA:397,23,0,0
BRDA:397,23,1,0
BRDA:423,24,0,0
BRDA:423,24,1,0
BRDA:462,25,0,0
BRDA:462,25,1,0
BRDA:476,26,0,0
BRDA:476,26,1,0
BRDA:491,27,0,0
BRDA:491,27,1,0
BRDA:520,28,0,0
BRDA:520,28,1,0
BRDA:531,29,0,0
BRDA:531,29,1,0
BRDA:536,30,0,0
BRDA:536,30,1,0
BRDA:536,31,0,0
BRDA:536,31,1,0
BRDA:542,32,0,0
BRDA:542,32,1,0
BRDA:549,33,0,0
BRDA:549,33,1,0
BRDA:569,34,0,0
BRDA:569,34,1,0
BRDA:569,35,0,0
BRDA:569,35,1,0
BRDA:575,36,0,0
BRDA:575,36,1,0
BRDA:575,37,0,0
BRDA:575,37,1,0
BRDA:583,38,0,0
BRDA:583,38,1,0
BRDA:601,39,0,0
BRDA:601,39,1,0
BRF:82
BRH:0
end_of_record
